{"C:\\Users\\alonp\\OneDrive\\Desktop\\svg-saas\\server\\src\\config\\env.ts": {"path":"C:\\Users\\alonp\\OneDrive\\Desktop\\svg-saas\\server\\src\\config\\env.ts","statementMap":{"0":{"start":{"line":1,"column":0},"end":{"line":1,"column":27}},"1":{"start":{"line":3,"column":0},"end":{"line":3,"column":null}},"2":{"start":{"line":6,"column":13},"end":{"line":6,"column":null}},"3":{"start":{"line":9,"column":13},"end":{"line":9,"column":null}},"4":{"start":{"line":10,"column":13},"end":{"line":10,"column":null}},"5":{"start":{"line":11,"column":13},"end":{"line":11,"column":null}},"6":{"start":{"line":12,"column":0},"end":{"line":12,"column":null}},"7":{"start":{"line":14,"column":13},"end":{"line":14,"column":null}},"8":{"start":{"line":17,"column":13},"end":{"line":17,"column":null}},"9":{"start":{"line":19,"column":0},"end":{"line":21,"column":1}},"10":{"start":{"line":20,"column":2},"end":{"line":20,"column":null}},"11":{"start":{"line":24,"column":13},"end":{"line":24,"column":null}},"12":{"start":{"line":28,"column":0},"end":{"line":30,"column":1}},"13":{"start":{"line":29,"column":2},"end":{"line":29,"column":null}},"14":{"start":{"line":33,"column":13},"end":{"line":33,"column":null}},"15":{"start":{"line":35,"column":0},"end":{"line":37,"column":1}},"16":{"start":{"line":36,"column":2},"end":{"line":36,"column":null}},"17":{"start":{"line":40,"column":13},"end":{"line":40,"column":null}},"18":{"start":{"line":41,"column":13},"end":{"line":41,"column":null}},"19":{"start":{"line":42,"column":13},"end":{"line":42,"column":null}},"20":{"start":{"line":44,"column":0},"end":{"line":46,"column":1}},"21":{"start":{"line":45,"column":2},"end":{"line":45,"column":null}},"22":{"start":{"line":49,"column":13},"end":{"line":49,"column":null}},"23":{"start":{"line":50,"column":13},"end":{"line":50,"column":null}},"24":{"start":{"line":51,"column":13},"end":{"line":51,"column":null}},"25":{"start":{"line":53,"column":0},"end":{"line":55,"column":1}},"26":{"start":{"line":54,"column":2},"end":{"line":54,"column":null}}},"fnMap":{},"branchMap":{"0":{"loc":{"start":{"line":6,"column":20},"end":{"line":6,"column":44}},"type":"binary-expr","locations":[{"start":{"line":6,"column":20},"end":{"line":6,"column":36}},{"start":{"line":6,"column":40},"end":{"line":6,"column":44}}]},"1":{"loc":{"start":{"line":9,"column":24},"end":{"line":9,"column":61}},"type":"binary-expr","locations":[{"start":{"line":9,"column":24},"end":{"line":9,"column":44}},{"start":{"line":9,"column":48},"end":{"line":9,"column":61}}]},"2":{"loc":{"start":{"line":14,"column":28},"end":{"line":14,"column":79}},"type":"binary-expr","locations":[{"start":{"line":14,"column":28},"end":{"line":14,"column":52}},{"start":{"line":14,"column":56},"end":{"line":14,"column":79}}]},"3":{"loc":{"start":{"line":19,"column":0},"end":{"line":21,"column":1}},"type":"if","locations":[{"start":{"line":19,"column":0},"end":{"line":21,"column":1}},{"start":{},"end":{}}]},"4":{"loc":{"start":{"line":19,"column":4},"end":{"line":19,"column":41}},"type":"binary-expr","locations":[{"start":{"line":19,"column":4},"end":{"line":19,"column":15}},{"start":{"line":19,"column":19},"end":{"line":19,"column":41}}]},"5":{"loc":{"start":{"line":28,"column":0},"end":{"line":30,"column":1}},"type":"if","locations":[{"start":{"line":28,"column":0},"end":{"line":30,"column":1}},{"start":{},"end":{}}]},"6":{"loc":{"start":{"line":35,"column":0},"end":{"line":37,"column":1}},"type":"if","locations":[{"start":{"line":35,"column":0},"end":{"line":37,"column":1}},{"start":{},"end":{}}]},"7":{"loc":{"start":{"line":44,"column":0},"end":{"line":46,"column":1}},"type":"if","locations":[{"start":{"line":44,"column":0},"end":{"line":46,"column":1}},{"start":{},"end":{}}]},"8":{"loc":{"start":{"line":44,"column":4},"end":{"line":44,"column":70}},"type":"binary-expr","locations":[{"start":{"line":44,"column":4},"end":{"line":44,"column":21}},{"start":{"line":44,"column":25},"end":{"line":44,"column":46}},{"start":{"line":44,"column":50},"end":{"line":44,"column":70}}]},"9":{"loc":{"start":{"line":53,"column":0},"end":{"line":55,"column":1}},"type":"if","locations":[{"start":{"line":53,"column":0},"end":{"line":55,"column":1}},{"start":{},"end":{}}]},"10":{"loc":{"start":{"line":53,"column":4},"end":{"line":53,"column":70}},"type":"binary-expr","locations":[{"start":{"line":53,"column":4},"end":{"line":53,"column":21}},{"start":{"line":53,"column":25},"end":{"line":53,"column":46}},{"start":{"line":53,"column":50},"end":{"line":53,"column":70}}]}},"s":{"0":4,"1":4,"2":4,"3":4,"4":4,"5":4,"6":4,"7":4,"8":4,"9":4,"10":0,"11":4,"12":4,"13":0,"14":4,"15":4,"16":0,"17":4,"18":4,"19":4,"20":4,"21":0,"22":4,"23":4,"24":4,"25":4,"26":0},"f":{},"b":{"0":[4,4],"1":[4,0],"2":[4,0],"3":[0,4],"4":[4,4],"5":[0,4],"6":[0,4],"7":[0,4],"8":[4,4,4],"9":[0,4],"10":[4,4,4]}}
,"C:\\Users\\alonp\\OneDrive\\Desktop\\svg-saas\\server\\src\\config\\passport.ts": {"path":"C:\\Users\\alonp\\OneDrive\\Desktop\\svg-saas\\server\\src\\config\\passport.ts","statementMap":{"0":{"start":{"line":1,"column":0},"end":{"line":1,"column":31}},"1":{"start":{"line":2,"column":0},"end":{"line":2,"column":68}},"2":{"start":{"line":3,"column":0},"end":{"line":3,"column":61}},"3":{"start":{"line":4,"column":0},"end":{"line":4,"column":34}},"4":{"start":{"line":5,"column":0},"end":{"line":5,"column":null}},"5":{"start":{"line":13,"column":0},"end":{"line":13,"column":59}},"6":{"start":{"line":16,"column":0},"end":{"line":115,"column":null}},"7":{"start":{"line":24,"column":6},"end":{"line":112,"column":7}},"8":{"start":{"line":26,"column":25},"end":{"line":26,"column":35}},"9":{"start":{"line":27,"column":22},"end":{"line":27,"column":48}},"10":{"start":{"line":28,"column":21},"end":{"line":28,"column":40}},"11":{"start":{"line":29,"column":23},"end":{"line":29,"column":49}},"12":{"start":{"line":31,"column":8},"end":{"line":34,"column":9}},"13":{"start":{"line":32,"column":10},"end":{"line":32,"column":null}},"14":{"start":{"line":33,"column":10},"end":{"line":33,"column":null}},"15":{"start":{"line":36,"column":8},"end":{"line":41,"column":null}},"16":{"start":{"line":44,"column":19},"end":{"line":46,"column":10}},"17":{"start":{"line":48,"column":8},"end":{"line":103,"column":9}},"18":{"start":{"line":49,"column":10},"end":{"line":49,"column":null}},"19":{"start":{"line":52,"column":31},"end":{"line":54,"column":12}},"20":{"start":{"line":56,"column":10},"end":{"line":91,"column":11}},"21":{"start":{"line":57,"column":12},"end":{"line":57,"column":null}},"22":{"start":{"line":59,"column":12},"end":{"line":67,"column":null}},"23":{"start":{"line":69,"column":12},"end":{"line":69,"column":null}},"24":{"start":{"line":71,"column":12},"end":{"line":82,"column":null}},"25":{"start":{"line":85,"column":12},"end":{"line":90,"column":13}},"26":{"start":{"line":86,"column":14},"end":{"line":86,"column":null}},"27":{"start":{"line":87,"column":14},"end":{"line":87,"column":null}},"28":{"start":{"line":89,"column":14},"end":{"line":89,"column":null}},"29":{"start":{"line":93,"column":10},"end":{"line":93,"column":null}},"30":{"start":{"line":96,"column":10},"end":{"line":102,"column":11}},"31":{"start":{"line":97,"column":12},"end":{"line":97,"column":null}},"32":{"start":{"line":98,"column":12},"end":{"line":101,"column":null}},"33":{"start":{"line":105,"column":8},"end":{"line":105,"column":null}},"34":{"start":{"line":108,"column":8},"end":{"line":108,"column":null}},"35":{"start":{"line":110,"column":8},"end":{"line":110,"column":null}},"36":{"start":{"line":111,"column":8},"end":{"line":111,"column":null}},"37":{"start":{"line":117,"column":0},"end":{"line":199,"column":null}},"38":{"start":{"line":131,"column":6},"end":{"line":196,"column":7}},"39":{"start":{"line":132,"column":25},"end":{"line":132,"column":35}},"40":{"start":{"line":133,"column":22},"end":{"line":133,"column":48}},"41":{"start":{"line":134,"column":21},"end":{"line":134,"column":60}},"42":{"start":{"line":135,"column":23},"end":{"line":135,"column":49}},"43":{"start":{"line":137,"column":8},"end":{"line":140,"column":9}},"44":{"start":{"line":138,"column":10},"end":{"line":138,"column":null}},"45":{"start":{"line":139,"column":10},"end":{"line":139,"column":null}},"46":{"start":{"line":142,"column":8},"end":{"line":142,"column":null}},"47":{"start":{"line":144,"column":19},"end":{"line":146,"column":10}},"48":{"start":{"line":148,"column":8},"end":{"line":190,"column":9}},"49":{"start":{"line":149,"column":31},"end":{"line":151,"column":12}},"50":{"start":{"line":153,"column":10},"end":{"line":182,"column":11}},"51":{"start":{"line":154,"column":12},"end":{"line":162,"column":null}},"52":{"start":{"line":164,"column":12},"end":{"line":175,"column":null}},"53":{"start":{"line":177,"column":12},"end":{"line":181,"column":13}},"54":{"start":{"line":178,"column":14},"end":{"line":178,"column":null}},"55":{"start":{"line":180,"column":14},"end":{"line":180,"column":null}},"56":{"start":{"line":184,"column":10},"end":{"line":189,"column":11}},"57":{"start":{"line":185,"column":12},"end":{"line":188,"column":null}},"58":{"start":{"line":192,"column":8},"end":{"line":192,"column":null}},"59":{"start":{"line":194,"column":8},"end":{"line":194,"column":null}},"60":{"start":{"line":195,"column":8},"end":{"line":195,"column":null}},"61":{"start":{"line":201,"column":0},"end":{"line":201,"column":null}}},"fnMap":{"0":{"name":"(anonymous_1)","decl":{"start":{"line":23,"column":4},"end":{"line":23,"column":9}},"loc":{"start":{"line":23,"column":55},"end":{"line":113,"column":5}}},"1":{"name":"(anonymous_2)","decl":{"start":{"line":125,"column":4},"end":{"line":125,"column":9}},"loc":{"start":{"line":130,"column":8},"end":{"line":197,"column":5}}}},"branchMap":{"0":{"loc":{"start":{"line":27,"column":22},"end":{"line":27,"column":48}},"type":"cond-expr","locations":[{"start":{"line":27,"column":41},"end":{"line":27,"column":43}},{"start":{"line":27,"column":41},"end":{"line":27,"column":48}}]},"1":{"loc":{"start":{"line":27,"column":22},"end":{"line":27,"column":43}},"type":"binary-expr","locations":[{"start":{"line":27,"column":22},"end":{"line":27,"column":43}},{"start":{"line":27,"column":41},"end":{"line":27,"column":43}}]},"2":{"loc":{"start":{"line":27,"column":22},"end":{"line":27,"column":41}},"type":"cond-expr","locations":[{"start":{"line":27,"column":36},"end":{"line":27,"column":39}},{"start":{"line":27,"column":36},"end":{"line":27,"column":41}}]},"3":{"loc":{"start":{"line":27,"column":22},"end":{"line":27,"column":39}},"type":"binary-expr","locations":[{"start":{"line":27,"column":22},"end":{"line":27,"column":39}},{"start":{"line":27,"column":36},"end":{"line":27,"column":39}}]},"4":{"loc":{"start":{"line":29,"column":23},"end":{"line":29,"column":49}},"type":"cond-expr","locations":[{"start":{"line":29,"column":42},"end":{"line":29,"column":44}},{"start":{"line":29,"column":42},"end":{"line":29,"column":49}}]},"5":{"loc":{"start":{"line":29,"column":23},"end":{"line":29,"column":44}},"type":"binary-expr","locations":[{"start":{"line":29,"column":23},"end":{"line":29,"column":44}},{"start":{"line":29,"column":42},"end":{"line":29,"column":44}}]},"6":{"loc":{"start":{"line":29,"column":23},"end":{"line":29,"column":42}},"type":"cond-expr","locations":[{"start":{"line":29,"column":37},"end":{"line":29,"column":40}},{"start":{"line":29,"column":37},"end":{"line":29,"column":42}}]},"7":{"loc":{"start":{"line":29,"column":23},"end":{"line":29,"column":40}},"type":"binary-expr","locations":[{"start":{"line":29,"column":23},"end":{"line":29,"column":40}},{"start":{"line":29,"column":37},"end":{"line":29,"column":40}}]},"8":{"loc":{"start":{"line":31,"column":8},"end":{"line":34,"column":9}},"type":"if","locations":[{"start":{"line":31,"column":8},"end":{"line":34,"column":9}},{"start":{},"end":{}}]},"9":{"loc":{"start":{"line":48,"column":8},"end":{"line":103,"column":9}},"type":"if","locations":[{"start":{"line":48,"column":8},"end":{"line":103,"column":9}},{"start":{"line":92,"column":15},"end":{"line":103,"column":9}}]},"10":{"loc":{"start":{"line":56,"column":10},"end":{"line":91,"column":11}},"type":"if","locations":[{"start":{"line":56,"column":10},"end":{"line":91,"column":11}},{"start":{"line":68,"column":17},"end":{"line":91,"column":11}}]},"11":{"loc":{"start":{"line":64,"column":22},"end":{"line":64,"column":47}},"type":"binary-expr","locations":[{"start":{"line":64,"column":22},"end":{"line":64,"column":26}},{"start":{"line":64,"column":30},"end":{"line":64,"column":47}}]},"12":{"loc":{"start":{"line":65,"column":24},"end":{"line":65,"column":53}},"type":"binary-expr","locations":[{"start":{"line":65,"column":24},"end":{"line":65,"column":30}},{"start":{"line":65,"column":34},"end":{"line":65,"column":53}}]},"13":{"loc":{"start":{"line":86,"column":44},"end":{"line":86,"column":58}},"type":"binary-expr","locations":[{"start":{"line":86,"column":44},"end":{"line":86,"column":48}},{"start":{"line":86,"column":52},"end":{"line":86,"column":58}}]},"14":{"loc":{"start":{"line":96,"column":10},"end":{"line":102,"column":11}},"type":"if","locations":[{"start":{"line":96,"column":10},"end":{"line":102,"column":11}},{"start":{},"end":{}}]},"15":{"loc":{"start":{"line":96,"column":14},"end":{"line":96,"column":46}},"type":"binary-expr","locations":[{"start":{"line":96,"column":14},"end":{"line":96,"column":20}},{"start":{"line":96,"column":24},"end":{"line":96,"column":46}}]},"16":{"loc":{"start":{"line":133,"column":22},"end":{"line":133,"column":48}},"type":"cond-expr","locations":[{"start":{"line":133,"column":41},"end":{"line":133,"column":43}},{"start":{"line":133,"column":41},"end":{"line":133,"column":48}}]},"17":{"loc":{"start":{"line":133,"column":22},"end":{"line":133,"column":43}},"type":"binary-expr","locations":[{"start":{"line":133,"column":22},"end":{"line":133,"column":43}},{"start":{"line":133,"column":41},"end":{"line":133,"column":43}}]},"18":{"loc":{"start":{"line":133,"column":22},"end":{"line":133,"column":41}},"type":"cond-expr","locations":[{"start":{"line":133,"column":36},"end":{"line":133,"column":39}},{"start":{"line":133,"column":36},"end":{"line":133,"column":41}}]},"19":{"loc":{"start":{"line":133,"column":22},"end":{"line":133,"column":39}},"type":"binary-expr","locations":[{"start":{"line":133,"column":22},"end":{"line":133,"column":39}},{"start":{"line":133,"column":36},"end":{"line":133,"column":39}}]},"20":{"loc":{"start":{"line":134,"column":21},"end":{"line":134,"column":60}},"type":"binary-expr","locations":[{"start":{"line":134,"column":21},"end":{"line":134,"column":40}},{"start":{"line":134,"column":44},"end":{"line":134,"column":60}}]},"21":{"loc":{"start":{"line":135,"column":23},"end":{"line":135,"column":49}},"type":"cond-expr","locations":[{"start":{"line":135,"column":42},"end":{"line":135,"column":44}},{"start":{"line":135,"column":42},"end":{"line":135,"column":49}}]},"22":{"loc":{"start":{"line":135,"column":23},"end":{"line":135,"column":44}},"type":"binary-expr","locations":[{"start":{"line":135,"column":23},"end":{"line":135,"column":44}},{"start":{"line":135,"column":42},"end":{"line":135,"column":44}}]},"23":{"loc":{"start":{"line":135,"column":23},"end":{"line":135,"column":42}},"type":"cond-expr","locations":[{"start":{"line":135,"column":37},"end":{"line":135,"column":40}},{"start":{"line":135,"column":37},"end":{"line":135,"column":42}}]},"24":{"loc":{"start":{"line":135,"column":23},"end":{"line":135,"column":40}},"type":"binary-expr","locations":[{"start":{"line":135,"column":23},"end":{"line":135,"column":40}},{"start":{"line":135,"column":37},"end":{"line":135,"column":40}}]},"25":{"loc":{"start":{"line":137,"column":8},"end":{"line":140,"column":9}},"type":"if","locations":[{"start":{"line":137,"column":8},"end":{"line":140,"column":9}},{"start":{},"end":{}}]},"26":{"loc":{"start":{"line":148,"column":8},"end":{"line":190,"column":9}},"type":"if","locations":[{"start":{"line":148,"column":8},"end":{"line":190,"column":9}},{"start":{"line":183,"column":15},"end":{"line":190,"column":9}}]},"27":{"loc":{"start":{"line":153,"column":10},"end":{"line":182,"column":11}},"type":"if","locations":[{"start":{"line":153,"column":10},"end":{"line":182,"column":11}},{"start":{"line":163,"column":17},"end":{"line":182,"column":11}}]},"28":{"loc":{"start":{"line":159,"column":22},"end":{"line":159,"column":47}},"type":"binary-expr","locations":[{"start":{"line":159,"column":22},"end":{"line":159,"column":26}},{"start":{"line":159,"column":30},"end":{"line":159,"column":47}}]},"29":{"loc":{"start":{"line":160,"column":24},"end":{"line":160,"column":53}},"type":"binary-expr","locations":[{"start":{"line":160,"column":24},"end":{"line":160,"column":30}},{"start":{"line":160,"column":34},"end":{"line":160,"column":53}}]},"30":{"loc":{"start":{"line":178,"column":44},"end":{"line":178,"column":58}},"type":"binary-expr","locations":[{"start":{"line":178,"column":44},"end":{"line":178,"column":48}},{"start":{"line":178,"column":52},"end":{"line":178,"column":58}}]},"31":{"loc":{"start":{"line":184,"column":10},"end":{"line":189,"column":11}},"type":"if","locations":[{"start":{"line":184,"column":10},"end":{"line":189,"column":11}},{"start":{},"end":{}}]},"32":{"loc":{"start":{"line":184,"column":14},"end":{"line":184,"column":46}},"type":"binary-expr","locations":[{"start":{"line":184,"column":14},"end":{"line":184,"column":20}},{"start":{"line":184,"column":24},"end":{"line":184,"column":46}}]}},"s":{"0":2,"1":2,"2":2,"3":2,"4":2,"5":2,"6":2,"7":0,"8":0,"9":0,"10":0,"11":0,"12":0,"13":0,"14":0,"15":0,"16":0,"17":0,"18":0,"19":0,"20":0,"21":0,"22":0,"23":0,"24":0,"25":0,"26":0,"27":0,"28":0,"29":0,"30":0,"31":0,"32":0,"33":0,"34":0,"35":0,"36":0,"37":2,"38":0,"39":0,"40":0,"41":0,"42":0,"43":0,"44":0,"45":0,"46":0,"47":0,"48":0,"49":0,"50":0,"51":0,"52":0,"53":0,"54":0,"55":0,"56":0,"57":0,"58":0,"59":0,"60":0,"61":2},"f":{"0":0,"1":0},"b":{"0":[0,0],"1":[0,0],"2":[0,0],"3":[0,0],"4":[0,0],"5":[0,0],"6":[0,0],"7":[0,0],"8":[0,0],"9":[0,0],"10":[0,0],"11":[0,0],"12":[0,0],"13":[0,0],"14":[0,0],"15":[0,0],"16":[0,0],"17":[0,0],"18":[0,0],"19":[0,0],"20":[0,0],"21":[0,0],"22":[0,0],"23":[0,0],"24":[0,0],"25":[0,0],"26":[0,0],"27":[0,0],"28":[0,0],"29":[0,0],"30":[0,0],"31":[0,0],"32":[0,0]}}
,"C:\\Users\\alonp\\OneDrive\\Desktop\\svg-saas\\server\\src\\constants\\models.ts": {"path":"C:\\Users\\alonp\\OneDrive\\Desktop\\svg-saas\\server\\src\\constants\\models.ts","statementMap":{"0":{"start":{"line":3,"column":13},"end":{"line":3,"column":null}},"1":{"start":{"line":7,"column":13},"end":{"line":7,"column":null}}},"fnMap":{},"branchMap":{},"s":{"0":1,"1":1},"f":{},"b":{}}
,"C:\\Users\\alonp\\OneDrive\\Desktop\\svg-saas\\server\\src\\constants\\svgStyles.ts": {"path":"C:\\Users\\alonp\\OneDrive\\Desktop\\svg-saas\\server\\src\\constants\\svgStyles.ts","statementMap":{"0":{"start":{"line":3,"column":13},"end":{"line":13,"column":null}}},"fnMap":{},"branchMap":{},"s":{"0":1},"f":{},"b":{}}
,"C:\\Users\\alonp\\OneDrive\\Desktop\\svg-saas\\server\\src\\constants\\tokenExpiry.ts": {"path":"C:\\Users\\alonp\\OneDrive\\Desktop\\svg-saas\\server\\src\\constants\\tokenExpiry.ts","statementMap":{"0":{"start":{"line":1,"column":13},"end":{"line":1,"column":41}},"1":{"start":{"line":2,"column":13},"end":{"line":2,"column":41}},"2":{"start":{"line":3,"column":13},"end":{"line":3,"column":43}},"3":{"start":{"line":4,"column":13},"end":{"line":4,"column":48}}},"fnMap":{},"branchMap":{},"s":{"0":2,"1":2,"2":2,"3":2},"f":{},"b":{}}
,"C:\\Users\\alonp\\OneDrive\\Desktop\\svg-saas\\server\\src\\lib\\prisma.ts": {"path":"C:\\Users\\alonp\\OneDrive\\Desktop\\svg-saas\\server\\src\\lib\\prisma.ts","statementMap":{"0":{"start":{"line":1,"column":0},"end":{"line":1,"column":45}},"1":{"start":{"line":3,"column":15},"end":{"line":3,"column":33}},"2":{"start":{"line":5,"column":0},"end":{"line":5,"column":null}}},"fnMap":{},"branchMap":{},"s":{"0":2,"1":2,"2":2},"f":{},"b":{}}
,"C:\\Users\\alonp\\OneDrive\\Desktop\\svg-saas\\server\\src\\middleware\\auth.ts": {"path":"C:\\Users\\alonp\\OneDrive\\Desktop\\svg-saas\\server\\src\\middleware\\auth.ts","statementMap":{"0":{"start":{"line":2,"column":0},"end":{"line":2,"column":30}},"1":{"start":{"line":3,"column":0},"end":{"line":3,"column":42}},"2":{"start":{"line":6,"column":30},"end":{"line":37,"column":1}},"3":{"start":{"line":11,"column":2},"end":{"line":36,"column":3}},"4":{"start":{"line":12,"column":16},"end":{"line":12,"column":34}},"5":{"start":{"line":14,"column":4},"end":{"line":19,"column":5}},"6":{"start":{"line":15,"column":25},"end":{"line":15,"column":50}},"7":{"start":{"line":16,"column":6},"end":{"line":18,"column":7}},"8":{"start":{"line":17,"column":8},"end":{"line":17,"column":null}},"9":{"start":{"line":21,"column":4},"end":{"line":23,"column":5}},"10":{"start":{"line":22,"column":6},"end":{"line":22,"column":null}},"11":{"start":{"line":25,"column":20},"end":{"line":25,"column":63}},"12":{"start":{"line":26,"column":4},"end":{"line":26,"column":null}},"13":{"start":{"line":27,"column":4},"end":{"line":27,"column":null}},"14":{"start":{"line":29,"column":4},"end":{"line":31,"column":5}},"15":{"start":{"line":30,"column":6},"end":{"line":30,"column":null}},"16":{"start":{"line":32,"column":4},"end":{"line":34,"column":5}},"17":{"start":{"line":33,"column":6},"end":{"line":33,"column":null}},"18":{"start":{"line":35,"column":4},"end":{"line":35,"column":null}},"19":{"start":{"line":6,"column":13},"end":{"line":6,"column":30}},"20":{"start":{"line":39,"column":38},"end":{"line":61,"column":1}},"21":{"start":{"line":44,"column":2},"end":{"line":60,"column":3}},"22":{"start":{"line":45,"column":16},"end":{"line":45,"column":34}},"23":{"start":{"line":46,"column":4},"end":{"line":51,"column":5}},"24":{"start":{"line":47,"column":25},"end":{"line":47,"column":50}},"25":{"start":{"line":48,"column":6},"end":{"line":50,"column":7}},"26":{"start":{"line":49,"column":8},"end":{"line":49,"column":null}},"27":{"start":{"line":53,"column":4},"end":{"line":56,"column":5}},"28":{"start":{"line":54,"column":22},"end":{"line":54,"column":65}},"29":{"start":{"line":55,"column":6},"end":{"line":55,"column":null}},"30":{"start":{"line":57,"column":4},"end":{"line":57,"column":null}},"31":{"start":{"line":59,"column":4},"end":{"line":59,"column":null}},"32":{"start":{"line":39,"column":13},"end":{"line":39,"column":38}}},"fnMap":{"0":{"name":"(anonymous_1)","decl":{"start":{"line":6,"column":30},"end":{"line":6,"column":null}},"loc":{"start":{"line":10,"column":4},"end":{"line":37,"column":1}}},"1":{"name":"(anonymous_2)","decl":{"start":{"line":39,"column":38},"end":{"line":39,"column":null}},"loc":{"start":{"line":43,"column":4},"end":{"line":61,"column":1}}}},"branchMap":{"0":{"loc":{"start":{"line":12,"column":16},"end":{"line":12,"column":34}},"type":"cond-expr","locations":[{"start":{"line":12,"column":27},"end":{"line":12,"column":29}},{"start":{"line":12,"column":27},"end":{"line":12,"column":34}}]},"1":{"loc":{"start":{"line":12,"column":16},"end":{"line":12,"column":29}},"type":"binary-expr","locations":[{"start":{"line":12,"column":16},"end":{"line":12,"column":29}},{"start":{"line":12,"column":27},"end":{"line":12,"column":29}}]},"2":{"loc":{"start":{"line":14,"column":4},"end":{"line":19,"column":5}},"type":"if","locations":[{"start":{"line":14,"column":4},"end":{"line":19,"column":5}},{"start":{},"end":{}}]},"3":{"loc":{"start":{"line":16,"column":6},"end":{"line":18,"column":7}},"type":"if","locations":[{"start":{"line":16,"column":6},"end":{"line":18,"column":7}},{"start":{},"end":{}}]},"4":{"loc":{"start":{"line":16,"column":10},"end":{"line":16,"column":43}},"type":"cond-expr","locations":[{"start":{"line":16,"column":20},"end":{"line":16,"column":22}},{"start":{"line":16,"column":10},"end":{"line":16,"column":43}}]},"5":{"loc":{"start":{"line":16,"column":10},"end":{"line":16,"column":22}},"type":"binary-expr","locations":[{"start":{"line":16,"column":10},"end":{"line":16,"column":22}},{"start":{"line":16,"column":10},"end":{"line":16,"column":22}}]},"6":{"loc":{"start":{"line":21,"column":4},"end":{"line":23,"column":5}},"type":"if","locations":[{"start":{"line":21,"column":4},"end":{"line":23,"column":5}},{"start":{},"end":{}}]},"7":{"loc":{"start":{"line":29,"column":4},"end":{"line":31,"column":5}},"type":"if","locations":[{"start":{"line":29,"column":4},"end":{"line":31,"column":5}},{"start":{},"end":{}}]},"8":{"loc":{"start":{"line":32,"column":4},"end":{"line":34,"column":5}},"type":"if","locations":[{"start":{"line":32,"column":4},"end":{"line":34,"column":5}},{"start":{},"end":{}}]},"9":{"loc":{"start":{"line":45,"column":16},"end":{"line":45,"column":34}},"type":"cond-expr","locations":[{"start":{"line":45,"column":27},"end":{"line":45,"column":29}},{"start":{"line":45,"column":27},"end":{"line":45,"column":34}}]},"10":{"loc":{"start":{"line":45,"column":16},"end":{"line":45,"column":29}},"type":"binary-expr","locations":[{"start":{"line":45,"column":16},"end":{"line":45,"column":29}},{"start":{"line":45,"column":27},"end":{"line":45,"column":29}}]},"11":{"loc":{"start":{"line":46,"column":4},"end":{"line":51,"column":5}},"type":"if","locations":[{"start":{"line":46,"column":4},"end":{"line":51,"column":5}},{"start":{},"end":{}}]},"12":{"loc":{"start":{"line":48,"column":6},"end":{"line":50,"column":7}},"type":"if","locations":[{"start":{"line":48,"column":6},"end":{"line":50,"column":7}},{"start":{},"end":{}}]},"13":{"loc":{"start":{"line":48,"column":10},"end":{"line":48,"column":43}},"type":"cond-expr","locations":[{"start":{"line":48,"column":20},"end":{"line":48,"column":22}},{"start":{"line":48,"column":10},"end":{"line":48,"column":43}}]},"14":{"loc":{"start":{"line":48,"column":10},"end":{"line":48,"column":22}},"type":"binary-expr","locations":[{"start":{"line":48,"column":10},"end":{"line":48,"column":22}},{"start":{"line":48,"column":10},"end":{"line":48,"column":22}}]},"15":{"loc":{"start":{"line":53,"column":4},"end":{"line":56,"column":5}},"type":"if","locations":[{"start":{"line":53,"column":4},"end":{"line":56,"column":5}},{"start":{},"end":{}}]}},"s":{"0":1,"1":1,"2":1,"3":0,"4":0,"5":0,"6":0,"7":0,"8":0,"9":0,"10":0,"11":0,"12":0,"13":0,"14":0,"15":0,"16":0,"17":0,"18":0,"19":1,"20":1,"21":0,"22":0,"23":0,"24":0,"25":0,"26":0,"27":0,"28":0,"29":0,"30":0,"31":0,"32":1},"f":{"0":0,"1":0},"b":{"0":[0,0],"1":[0,0],"2":[0,0],"3":[0,0],"4":[0,0],"5":[0,0],"6":[0,0],"7":[0,0],"8":[0,0],"9":[0,0],"10":[0,0],"11":[0,0],"12":[0,0],"13":[0,0],"14":[0,0],"15":[0,0]}}
,"C:\\Users\\alonp\\OneDrive\\Desktop\\svg-saas\\server\\src\\middleware\\checkCoins.ts": {"path":"C:\\Users\\alonp\\OneDrive\\Desktop\\svg-saas\\server\\src\\middleware\\checkCoins.ts","statementMap":{"0":{"start":{"line":2,"column":0},"end":{"line":2,"column":34}},"1":{"start":{"line":3,"column":0},"end":{"line":3,"column":50}},"2":{"start":{"line":6,"column":36},"end":{"line":34,"column":1}},"3":{"start":{"line":11,"column":2},"end":{"line":33,"column":3}},"4":{"start":{"line":12,"column":19},"end":{"line":12,"column":37}},"5":{"start":{"line":13,"column":4},"end":{"line":15,"column":5}},"6":{"start":{"line":14,"column":6},"end":{"line":14,"column":null}},"7":{"start":{"line":16,"column":17},"end":{"line":19,"column":6}},"8":{"start":{"line":20,"column":4},"end":{"line":22,"column":5}},"9":{"start":{"line":21,"column":6},"end":{"line":21,"column":null}},"10":{"start":{"line":25,"column":4},"end":{"line":27,"column":null}},"11":{"start":{"line":29,"column":4},"end":{"line":29,"column":null}},"12":{"start":{"line":31,"column":4},"end":{"line":31,"column":null}},"13":{"start":{"line":32,"column":4},"end":{"line":32,"column":null}},"14":{"start":{"line":6,"column":13},"end":{"line":6,"column":36}}},"fnMap":{"0":{"name":"(anonymous_1)","decl":{"start":{"line":6,"column":36},"end":{"line":6,"column":41}},"loc":{"start":{"line":10,"column":4},"end":{"line":34,"column":1}}}},"branchMap":{"0":{"loc":{"start":{"line":13,"column":4},"end":{"line":15,"column":5}},"type":"if","locations":[{"start":{"line":13,"column":4},"end":{"line":15,"column":5}},{"start":{},"end":{}}]},"1":{"loc":{"start":{"line":20,"column":4},"end":{"line":22,"column":5}},"type":"if","locations":[{"start":{"line":20,"column":4},"end":{"line":22,"column":5}},{"start":{},"end":{}}]},"2":{"loc":{"start":{"line":20,"column":8},"end":{"line":20,"column":32}},"type":"binary-expr","locations":[{"start":{"line":20,"column":8},"end":{"line":20,"column":13}},{"start":{"line":20,"column":17},"end":{"line":20,"column":32}}]}},"s":{"0":1,"1":1,"2":1,"3":6,"4":6,"5":6,"6":0,"7":6,"8":0,"9":0,"10":0,"11":0,"12":6,"13":6,"14":1},"f":{"0":6},"b":{"0":[0,6],"1":[0,0],"2":[0,0]}}
,"C:\\Users\\alonp\\OneDrive\\Desktop\\svg-saas\\server\\src\\middleware\\dailyLimit.ts": {"path":"C:\\Users\\alonp\\OneDrive\\Desktop\\svg-saas\\server\\src\\middleware\\dailyLimit.ts","statementMap":{"0":{"start":{"line":2,"column":0},"end":{"line":2,"column":34}},"1":{"start":{"line":3,"column":0},"end":{"line":3,"column":50}},"2":{"start":{"line":8,"column":36},"end":{"line":43,"column":1}},"3":{"start":{"line":9,"column":2},"end":{"line":42,"column":null}},"4":{"start":{"line":10,"column":4},"end":{"line":41,"column":5}},"5":{"start":{"line":11,"column":21},"end":{"line":11,"column":39}},"6":{"start":{"line":14,"column":20},"end":{"line":14,"column":30}},"7":{"start":{"line":15,"column":6},"end":{"line":15,"column":null}},"8":{"start":{"line":18,"column":31},"end":{"line":23,"column":8}},"9":{"start":{"line":26,"column":6},"end":{"line":32,"column":7}},"10":{"start":{"line":27,"column":8},"end":{"line":31,"column":null}},"11":{"start":{"line":35,"column":6},"end":{"line":35,"column":null}},"12":{"start":{"line":37,"column":6},"end":{"line":37,"column":null}},"13":{"start":{"line":39,"column":6},"end":{"line":39,"column":null}},"14":{"start":{"line":40,"column":6},"end":{"line":40,"column":null}},"15":{"start":{"line":8,"column":13},"end":{"line":8,"column":36}}},"fnMap":{"0":{"name":"(anonymous_1)","decl":{"start":{"line":8,"column":36},"end":{"line":8,"column":37}},"loc":{"start":{"line":8,"column":68},"end":{"line":43,"column":1}}},"1":{"name":"(anonymous_2)","decl":{"start":{"line":9,"column":9},"end":{"line":9,"column":14}},"loc":{"start":{"line":9,"column":67},"end":{"line":42,"column":3}}}},"branchMap":{"0":{"loc":{"start":{"line":8,"column":37},"end":{"line":8,"column":64}},"type":"default-arg","locations":[{"start":{"line":8,"column":62},"end":{"line":8,"column":64}}]},"1":{"loc":{"start":{"line":26,"column":6},"end":{"line":32,"column":7}},"type":"if","locations":[{"start":{"line":26,"column":6},"end":{"line":32,"column":7}},{"start":{},"end":{}}]}},"s":{"0":1,"1":1,"2":1,"3":1,"4":0,"5":0,"6":0,"7":0,"8":0,"9":0,"10":0,"11":0,"12":0,"13":0,"14":0,"15":1},"f":{"0":1,"1":0},"b":{"0":[0],"1":[0,0]}}
,"C:\\Users\\alonp\\OneDrive\\Desktop\\svg-saas\\server\\src\\middleware\\rateLimiter.ts": {"path":"C:\\Users\\alonp\\OneDrive\\Desktop\\svg-saas\\server\\src\\middleware\\rateLimiter.ts","statementMap":{"0":{"start":{"line":1,"column":0},"end":{"line":1,"column":42}},"1":{"start":{"line":4,"column":33},"end":{"line":16,"column":1}},"2":{"start":{"line":9,"column":2},"end":{"line":15,"column":null}},"3":{"start":{"line":4,"column":13},"end":{"line":4,"column":33}},"4":{"start":{"line":19,"column":13},"end":{"line":23,"column":null}},"5":{"start":{"line":26,"column":13},"end":{"line":30,"column":null}},"6":{"start":{"line":33,"column":13},"end":{"line":37,"column":null}},"7":{"start":{"line":40,"column":13},"end":{"line":44,"column":null}}},"fnMap":{"0":{"name":"(anonymous_1)","decl":{"start":{"line":4,"column":33},"end":{"line":4,"column":null}},"loc":{"start":{"line":8,"column":4},"end":{"line":16,"column":1}}}},"branchMap":{},"s":{"0":2,"1":2,"2":8,"3":2,"4":2,"5":2,"6":2,"7":2},"f":{"0":8},"b":{}}
,"C:\\Users\\alonp\\OneDrive\\Desktop\\svg-saas\\server\\src\\routes\\auth.routes.ts": {"path":"C:\\Users\\alonp\\OneDrive\\Desktop\\svg-saas\\server\\src\\routes\\auth.routes.ts","statementMap":{"0":{"start":{"line":1,"column":0},"end":{"line":1,"column":51}},"1":{"start":{"line":2,"column":0},"end":{"line":2,"column":34}},"2":{"start":{"line":3,"column":0},"end":{"line":3,"column":27}},"3":{"start":{"line":4,"column":0},"end":{"line":4,"column":30}},"4":{"start":{"line":5,"column":0},"end":{"line":5,"column":71}},"5":{"start":{"line":6,"column":0},"end":{"line":6,"column":51}},"6":{"start":{"line":8,"column":0},"end":{"line":8,"column":null}},"7":{"start":{"line":12,"column":0},"end":{"line":12,"column":null}},"8":{"start":{"line":16,"column":0},"end":{"line":16,"column":78}},"9":{"start":{"line":17,"column":0},"end":{"line":17,"column":46}},"10":{"start":{"line":18,"column":0},"end":{"line":18,"column":41}},"11":{"start":{"line":19,"column":0},"end":{"line":19,"column":50}},"12":{"start":{"line":20,"column":0},"end":{"line":20,"column":54}},"13":{"start":{"line":21,"column":0},"end":{"line":21,"column":null}},"14":{"start":{"line":25,"column":0},"end":{"line":25,"column":null}},"15":{"start":{"line":31,"column":0},"end":{"line":31,"column":null}},"16":{"start":{"line":39,"column":15},"end":{"line":39,"column":23}},"17":{"start":{"line":42,"column":0},"end":{"line":122,"column":null}},"18":{"start":{"line":43,"column":2},"end":{"line":121,"column":3}},"19":{"start":{"line":44,"column":51},"end":{"line":44,"column":59}},"20":{"start":{"line":46,"column":4},"end":{"line":46,"column":null}},"21":{"start":{"line":47,"column":4},"end":{"line":47,"column":null}},"22":{"start":{"line":49,"column":4},"end":{"line":51,"column":5}},"23":{"start":{"line":50,"column":6},"end":{"line":50,"column":null}},"24":{"start":{"line":52,"column":4},"end":{"line":54,"column":5}},"25":{"start":{"line":53,"column":6},"end":{"line":53,"column":null}},"26":{"start":{"line":55,"column":4},"end":{"line":59,"column":5}},"27":{"start":{"line":56,"column":6},"end":{"line":58,"column":null}},"28":{"start":{"line":60,"column":4},"end":{"line":65,"column":5}},"29":{"start":{"line":61,"column":6},"end":{"line":64,"column":null}},"30":{"start":{"line":68,"column":25},"end":{"line":70,"column":6}},"31":{"start":{"line":71,"column":4},"end":{"line":75,"column":5}},"32":{"start":{"line":72,"column":6},"end":{"line":74,"column":null}},"33":{"start":{"line":78,"column":27},"end":{"line":78,"column":58}},"34":{"start":{"line":79,"column":17},"end":{"line":88,"column":6}},"35":{"start":{"line":90,"column":24},"end":{"line":92,"column":6}},"36":{"start":{"line":95,"column":25},"end":{"line":99,"column":null}},"37":{"start":{"line":103,"column":4},"end":{"line":103,"column":null}},"38":{"start":{"line":106,"column":4},"end":{"line":106,"column":null}},"39":{"start":{"line":107,"column":4},"end":{"line":107,"column":null}},"40":{"start":{"line":109,"column":4},"end":{"line":117,"column":null}},"41":{"start":{"line":119,"column":4},"end":{"line":119,"column":null}},"42":{"start":{"line":120,"column":4},"end":{"line":120,"column":null}},"43":{"start":{"line":125,"column":0},"end":{"line":179,"column":null}},"44":{"start":{"line":126,"column":2},"end":{"line":178,"column":3}},"45":{"start":{"line":127,"column":42},"end":{"line":127,"column":50}},"46":{"start":{"line":128,"column":4},"end":{"line":128,"column":null}},"47":{"start":{"line":129,"column":4},"end":{"line":131,"column":5}},"48":{"start":{"line":130,"column":6},"end":{"line":130,"column":null}},"49":{"start":{"line":133,"column":17},"end":{"line":144,"column":6}},"50":{"start":{"line":146,"column":4},"end":{"line":148,"column":5}},"51":{"start":{"line":147,"column":6},"end":{"line":147,"column":null}},"52":{"start":{"line":150,"column":20},"end":{"line":150,"column":70}},"53":{"start":{"line":151,"column":4},"end":{"line":153,"column":5}},"54":{"start":{"line":152,"column":6},"end":{"line":152,"column":null}},"55":{"start":{"line":156,"column":24},"end":{"line":158,"column":6}},"56":{"start":{"line":161,"column":23},"end":{"line":161,"column":66}},"57":{"start":{"line":162,"column":25},"end":{"line":166,"column":null}},"58":{"start":{"line":170,"column":4},"end":{"line":170,"column":null}},"59":{"start":{"line":171,"column":4},"end":{"line":171,"column":null}},"60":{"start":{"line":173,"column":42},"end":{"line":173,"column":46}},"61":{"start":{"line":174,"column":4},"end":{"line":174,"column":null}},"62":{"start":{"line":176,"column":4},"end":{"line":176,"column":null}},"63":{"start":{"line":177,"column":4},"end":{"line":177,"column":null}},"64":{"start":{"line":182,"column":0},"end":{"line":201,"column":null}},"65":{"start":{"line":183,"column":2},"end":{"line":200,"column":3}},"66":{"start":{"line":184,"column":25},"end":{"line":184,"column":49}},"67":{"start":{"line":187,"column":4},"end":{"line":189,"column":5}},"68":{"start":{"line":188,"column":6},"end":{"line":188,"column":null}},"69":{"start":{"line":192,"column":4},"end":{"line":192,"column":null}},"70":{"start":{"line":194,"column":4},"end":{"line":194,"column":null}},"71":{"start":{"line":196,"column":4},"end":{"line":196,"column":null}},"72":{"start":{"line":198,"column":4},"end":{"line":198,"column":null}},"73":{"start":{"line":199,"column":4},"end":{"line":199,"column":null}},"74":{"start":{"line":204,"column":0},"end":{"line":247,"column":null}},"75":{"start":{"line":205,"column":2},"end":{"line":246,"column":3}},"76":{"start":{"line":206,"column":28},"end":{"line":206,"column":52}},"77":{"start":{"line":207,"column":4},"end":{"line":209,"column":5}},"78":{"start":{"line":208,"column":6},"end":{"line":208,"column":null}},"79":{"start":{"line":212,"column":19},"end":{"line":212,"column":60}},"80":{"start":{"line":214,"column":4},"end":{"line":217,"column":5}},"81":{"start":{"line":215,"column":6},"end":{"line":215,"column":null}},"82":{"start":{"line":216,"column":6},"end":{"line":216,"column":null}},"83":{"start":{"line":220,"column":27},"end":{"line":222,"column":6}},"84":{"start":{"line":225,"column":28},"end":{"line":230,"column":null}},"85":{"start":{"line":233,"column":4},"end":{"line":236,"column":5}},"86":{"start":{"line":234,"column":6},"end":{"line":234,"column":null}},"87":{"start":{"line":235,"column":6},"end":{"line":235,"column":null}},"88":{"start":{"line":239,"column":4},"end":{"line":239,"column":null}},"89":{"start":{"line":240,"column":4},"end":{"line":240,"column":null}},"90":{"start":{"line":242,"column":4},"end":{"line":242,"column":null}},"91":{"start":{"line":244,"column":4},"end":{"line":244,"column":null}},"92":{"start":{"line":245,"column":4},"end":{"line":245,"column":null}},"93":{"start":{"line":250,"column":0},"end":{"line":265,"column":null}},"94":{"start":{"line":251,"column":17},"end":{"line":251,"column":35}},"95":{"start":{"line":253,"column":19},"end":{"line":262,"column":4}},"96":{"start":{"line":264,"column":2},"end":{"line":264,"column":null}},"97":{"start":{"line":268,"column":0},"end":{"line":277,"column":null}},"98":{"start":{"line":269,"column":17},"end":{"line":269,"column":35}},"99":{"start":{"line":270,"column":17},"end":{"line":270,"column":27}},"100":{"start":{"line":272,"column":2},"end":{"line":274,"column":null}},"101":{"start":{"line":276,"column":2},"end":{"line":276,"column":null}},"102":{"start":{"line":280,"column":0},"end":{"line":306,"column":null}},"103":{"start":{"line":284,"column":19},"end":{"line":284,"column":37}},"104":{"start":{"line":285,"column":4},"end":{"line":287,"column":5}},"105":{"start":{"line":286,"column":6},"end":{"line":286,"column":null}},"106":{"start":{"line":288,"column":17},"end":{"line":290,"column":6}},"107":{"start":{"line":292,"column":4},"end":{"line":294,"column":5}},"108":{"start":{"line":293,"column":6},"end":{"line":293,"column":null}},"109":{"start":{"line":296,"column":21},"end":{"line":302,"column":null}},"110":{"start":{"line":304,"column":4},"end":{"line":304,"column":null}},"111":{"start":{"line":309,"column":0},"end":{"line":345,"column":null}},"112":{"start":{"line":313,"column":4},"end":{"line":343,"column":5}},"113":{"start":{"line":314,"column":24},"end":{"line":314,"column":32}},"114":{"start":{"line":315,"column":6},"end":{"line":317,"column":7}},"115":{"start":{"line":316,"column":8},"end":{"line":316,"column":null}},"116":{"start":{"line":318,"column":19},"end":{"line":318,"column":69}},"117":{"start":{"line":319,"column":6},"end":{"line":324,"column":7}},"118":{"start":{"line":320,"column":8},"end":{"line":320,"column":null}},"119":{"start":{"line":321,"column":8},"end":{"line":323,"column":null}},"120":{"start":{"line":327,"column":8},"end":{"line":327,"column":34}},"121":{"start":{"line":328,"column":6},"end":{"line":334,"column":null}},"122":{"start":{"line":335,"column":6},"end":{"line":335,"column":null}},"123":{"start":{"line":336,"column":6},"end":{"line":336,"column":null}},"124":{"start":{"line":337,"column":6},"end":{"line":339,"column":null}},"125":{"start":{"line":341,"column":6},"end":{"line":341,"column":null}},"126":{"start":{"line":342,"column":6},"end":{"line":342,"column":null}},"127":{"start":{"line":348,"column":0},"end":{"line":396,"column":null}},"128":{"start":{"line":352,"column":4},"end":{"line":394,"column":5}},"129":{"start":{"line":353,"column":49},"end":{"line":353,"column":57}},"130":{"start":{"line":355,"column":6},"end":{"line":357,"column":7}},"131":{"start":{"line":356,"column":8},"end":{"line":356,"column":null}},"132":{"start":{"line":358,"column":6},"end":{"line":362,"column":7}},"133":{"start":{"line":359,"column":8},"end":{"line":361,"column":null}},"134":{"start":{"line":363,"column":26},"end":{"line":363,"column":52}},"135":{"start":{"line":364,"column":19},"end":{"line":369,"column":8}},"136":{"start":{"line":371,"column":6},"end":{"line":373,"column":7}},"137":{"start":{"line":372,"column":8},"end":{"line":372,"column":null}},"138":{"start":{"line":375,"column":29},"end":{"line":375,"column":63}},"139":{"start":{"line":376,"column":6},"end":{"line":383,"column":null}},"140":{"start":{"line":386,"column":6},"end":{"line":386,"column":null}},"141":{"start":{"line":388,"column":6},"end":{"line":390,"column":null}},"142":{"start":{"line":392,"column":6},"end":{"line":392,"column":null}},"143":{"start":{"line":393,"column":6},"end":{"line":393,"column":null}},"144":{"start":{"line":399,"column":0},"end":{"line":412,"column":null}},"145":{"start":{"line":400,"column":23},"end":{"line":400,"column":62}},"146":{"start":{"line":403,"column":16},"end":{"line":405,"column":22}},"147":{"start":{"line":408,"column":2},"end":{"line":411,"column":null}},"148":{"start":{"line":414,"column":0},"end":{"line":474,"column":null}},"149":{"start":{"line":421,"column":4},"end":{"line":472,"column":5}},"150":{"start":{"line":422,"column":6},"end":{"line":424,"column":7}},"151":{"start":{"line":423,"column":8},"end":{"line":423,"column":null}},"152":{"start":{"line":426,"column":19},"end":{"line":426,"column":41}},"153":{"start":{"line":428,"column":6},"end":{"line":430,"column":7}},"154":{"start":{"line":429,"column":8},"end":{"line":429,"column":null}},"155":{"start":{"line":433,"column":26},"end":{"line":435,"column":8}},"156":{"start":{"line":438,"column":27},"end":{"line":442,"column":null}},"157":{"start":{"line":446,"column":6},"end":{"line":446,"column":null}},"158":{"start":{"line":447,"column":6},"end":{"line":447,"column":null}},"159":{"start":{"line":450,"column":20},"end":{"line":450,"column":45}},"160":{"start":{"line":451,"column":24},"end":{"line":451,"column":27}},"161":{"start":{"line":453,"column":6},"end":{"line":466,"column":7}},"162":{"start":{"line":454,"column":8},"end":{"line":465,"column":9}},"163":{"start":{"line":455,"column":26},"end":{"line":455,"column":77}},"164":{"start":{"line":457,"column":27},"end":{"line":457,"column":64}},"165":{"start":{"line":458,"column":10},"end":{"line":462,"column":11}},"166":{"start":{"line":461,"column":12},"end":{"line":461,"column":null}},"167":{"start":{"line":464,"column":10},"end":{"line":464,"column":null}},"168":{"start":{"line":468,"column":6},"end":{"line":468,"column":null}},"169":{"start":{"line":470,"column":6},"end":{"line":470,"column":null}},"170":{"start":{"line":471,"column":6},"end":{"line":471,"column":null}},"171":{"start":{"line":477,"column":0},"end":{"line":490,"column":null}},"172":{"start":{"line":478,"column":23},"end":{"line":478,"column":62}},"173":{"start":{"line":481,"column":16},"end":{"line":483,"column":22}},"174":{"start":{"line":486,"column":2},"end":{"line":489,"column":null}},"175":{"start":{"line":492,"column":0},"end":{"line":552,"column":null}},"176":{"start":{"line":499,"column":4},"end":{"line":550,"column":5}},"177":{"start":{"line":500,"column":6},"end":{"line":502,"column":7}},"178":{"start":{"line":501,"column":8},"end":{"line":501,"column":null}},"179":{"start":{"line":504,"column":19},"end":{"line":504,"column":41}},"180":{"start":{"line":506,"column":6},"end":{"line":508,"column":7}},"181":{"start":{"line":507,"column":8},"end":{"line":507,"column":null}},"182":{"start":{"line":511,"column":26},"end":{"line":513,"column":8}},"183":{"start":{"line":516,"column":27},"end":{"line":520,"column":null}},"184":{"start":{"line":524,"column":6},"end":{"line":524,"column":null}},"185":{"start":{"line":525,"column":6},"end":{"line":525,"column":null}},"186":{"start":{"line":528,"column":20},"end":{"line":528,"column":45}},"187":{"start":{"line":529,"column":24},"end":{"line":529,"column":27}},"188":{"start":{"line":531,"column":6},"end":{"line":544,"column":7}},"189":{"start":{"line":532,"column":8},"end":{"line":543,"column":9}},"190":{"start":{"line":533,"column":26},"end":{"line":533,"column":77}},"191":{"start":{"line":535,"column":27},"end":{"line":535,"column":64}},"192":{"start":{"line":536,"column":10},"end":{"line":540,"column":11}},"193":{"start":{"line":539,"column":12},"end":{"line":539,"column":null}},"194":{"start":{"line":542,"column":10},"end":{"line":542,"column":null}},"195":{"start":{"line":546,"column":6},"end":{"line":546,"column":null}},"196":{"start":{"line":548,"column":6},"end":{"line":548,"column":null}},"197":{"start":{"line":549,"column":6},"end":{"line":549,"column":null}},"198":{"start":{"line":554,"column":0},"end":{"line":554,"column":null}}},"fnMap":{"0":{"name":"(anonymous_1)","decl":{"start":{"line":42,"column":38},"end":{"line":42,"column":43}},"loc":{"start":{"line":42,"column":76},"end":{"line":122,"column":1}}},"1":{"name":"(anonymous_2)","decl":{"start":{"line":125,"column":35},"end":{"line":125,"column":40}},"loc":{"start":{"line":125,"column":73},"end":{"line":179,"column":1}}},"2":{"name":"(anonymous_3)","decl":{"start":{"line":182,"column":39},"end":{"line":182,"column":44}},"loc":{"start":{"line":182,"column":77},"end":{"line":201,"column":1}}},"3":{"name":"(anonymous_4)","decl":{"start":{"line":204,"column":24},"end":{"line":204,"column":29}},"loc":{"start":{"line":204,"column":62},"end":{"line":247,"column":1}}},"4":{"name":"(anonymous_5)","decl":{"start":{"line":250,"column":40},"end":{"line":250,"column":45}},"loc":{"start":{"line":250,"column":59},"end":{"line":265,"column":1}}},"5":{"name":"(anonymous_6)","decl":{"start":{"line":268,"column":47},"end":{"line":268,"column":52}},"loc":{"start":{"line":268,"column":66},"end":{"line":277,"column":1}}},"6":{"name":"(anonymous_7)","decl":{"start":{"line":283,"column":2},"end":{"line":283,"column":7}},"loc":{"start":{"line":283,"column":40},"end":{"line":305,"column":3}}},"7":{"name":"(anonymous_8)","decl":{"start":{"line":312,"column":2},"end":{"line":312,"column":7}},"loc":{"start":{"line":312,"column":40},"end":{"line":344,"column":3}}},"8":{"name":"(anonymous_9)","decl":{"start":{"line":351,"column":2},"end":{"line":351,"column":7}},"loc":{"start":{"line":351,"column":40},"end":{"line":395,"column":3}}},"9":{"name":"(anonymous_10)","decl":{"start":{"line":399,"column":22},"end":{"line":399,"column":23}},"loc":{"start":{"line":399,"column":60},"end":{"line":412,"column":1}}},"10":{"name":"(anonymous_11)","decl":{"start":{"line":420,"column":2},"end":{"line":420,"column":7}},"loc":{"start":{"line":420,"column":40},"end":{"line":473,"column":3}}},"11":{"name":"(anonymous_12)","decl":{"start":{"line":477,"column":22},"end":{"line":477,"column":23}},"loc":{"start":{"line":477,"column":60},"end":{"line":490,"column":1}}},"12":{"name":"(anonymous_13)","decl":{"start":{"line":498,"column":2},"end":{"line":498,"column":7}},"loc":{"start":{"line":498,"column":40},"end":{"line":551,"column":3}}}},"branchMap":{"0":{"loc":{"start":{"line":46,"column":26},"end":{"line":46,"column":52}},"type":"binary-expr","locations":[{"start":{"line":46,"column":26},"end":{"line":46,"column":46}},{"start":{"line":46,"column":50},"end":{"line":46,"column":52}}]},"1":{"loc":{"start":{"line":46,"column":26},"end":{"line":46,"column":46}},"type":"cond-expr","locations":[{"start":{"line":46,"column":31},"end":{"line":46,"column":33}},{"start":{"line":46,"column":26},"end":{"line":46,"column":46}}]},"2":{"loc":{"start":{"line":46,"column":26},"end":{"line":46,"column":33}},"type":"binary-expr","locations":[{"start":{"line":46,"column":26},"end":{"line":46,"column":33}},{"start":{"line":46,"column":26},"end":{"line":46,"column":33}}]},"3":{"loc":{"start":{"line":47,"column":25},"end":{"line":47,"column":35}},"type":"binary-expr","locations":[{"start":{"line":47,"column":25},"end":{"line":47,"column":29}},{"start":{"line":47,"column":33},"end":{"line":47,"column":35}}]},"4":{"loc":{"start":{"line":49,"column":4},"end":{"line":51,"column":5}},"type":"if","locations":[{"start":{"line":49,"column":4},"end":{"line":51,"column":5}},{"start":{},"end":{}}]},"5":{"loc":{"start":{"line":49,"column":8},"end":{"line":49,"column":36}},"type":"binary-expr","locations":[{"start":{"line":49,"column":8},"end":{"line":49,"column":14}},{"start":{"line":49,"column":18},"end":{"line":49,"column":27}},{"start":{"line":49,"column":31},"end":{"line":49,"column":36}}]},"6":{"loc":{"start":{"line":52,"column":4},"end":{"line":54,"column":5}},"type":"if","locations":[{"start":{"line":52,"column":4},"end":{"line":54,"column":5}},{"start":{},"end":{}}]},"7":{"loc":{"start":{"line":55,"column":4},"end":{"line":59,"column":5}},"type":"if","locations":[{"start":{"line":55,"column":4},"end":{"line":59,"column":5}},{"start":{},"end":{}}]},"8":{"loc":{"start":{"line":60,"column":4},"end":{"line":65,"column":5}},"type":"if","locations":[{"start":{"line":60,"column":4},"end":{"line":65,"column":5}},{"start":{},"end":{}}]},"9":{"loc":{"start":{"line":71,"column":4},"end":{"line":75,"column":5}},"type":"if","locations":[{"start":{"line":71,"column":4},"end":{"line":75,"column":5}},{"start":{},"end":{}}]},"10":{"loc":{"start":{"line":128,"column":26},"end":{"line":128,"column":52}},"type":"binary-expr","locations":[{"start":{"line":128,"column":26},"end":{"line":128,"column":46}},{"start":{"line":128,"column":50},"end":{"line":128,"column":52}}]},"11":{"loc":{"start":{"line":128,"column":26},"end":{"line":128,"column":46}},"type":"cond-expr","locations":[{"start":{"line":128,"column":31},"end":{"line":128,"column":33}},{"start":{"line":128,"column":26},"end":{"line":128,"column":46}}]},"12":{"loc":{"start":{"line":128,"column":26},"end":{"line":128,"column":33}},"type":"binary-expr","locations":[{"start":{"line":128,"column":26},"end":{"line":128,"column":33}},{"start":{"line":128,"column":26},"end":{"line":128,"column":33}}]},"13":{"loc":{"start":{"line":129,"column":4},"end":{"line":131,"column":5}},"type":"if","locations":[{"start":{"line":129,"column":4},"end":{"line":131,"column":5}},{"start":{},"end":{}}]},"14":{"loc":{"start":{"line":129,"column":8},"end":{"line":129,"column":27}},"type":"binary-expr","locations":[{"start":{"line":129,"column":8},"end":{"line":129,"column":14}},{"start":{"line":129,"column":18},"end":{"line":129,"column":27}}]},"15":{"loc":{"start":{"line":146,"column":4},"end":{"line":148,"column":5}},"type":"if","locations":[{"start":{"line":146,"column":4},"end":{"line":148,"column":5}},{"start":{},"end":{}}]},"16":{"loc":{"start":{"line":151,"column":4},"end":{"line":153,"column":5}},"type":"if","locations":[{"start":{"line":151,"column":4},"end":{"line":153,"column":5}},{"start":{},"end":{}}]},"17":{"loc":{"start":{"line":161,"column":23},"end":{"line":161,"column":66}},"type":"cond-expr","locations":[{"start":{"line":161,"column":36},"end":{"line":161,"column":38}},{"start":{"line":161,"column":41},"end":{"line":161,"column":66}}]},"18":{"loc":{"start":{"line":187,"column":4},"end":{"line":189,"column":5}},"type":"if","locations":[{"start":{"line":187,"column":4},"end":{"line":189,"column":5}},{"start":{},"end":{}}]},"19":{"loc":{"start":{"line":207,"column":4},"end":{"line":209,"column":5}},"type":"if","locations":[{"start":{"line":207,"column":4},"end":{"line":209,"column":5}},{"start":{},"end":{}}]},"20":{"loc":{"start":{"line":214,"column":4},"end":{"line":217,"column":5}},"type":"if","locations":[{"start":{"line":214,"column":4},"end":{"line":217,"column":5}},{"start":{},"end":{}}]},"21":{"loc":{"start":{"line":233,"column":4},"end":{"line":236,"column":5}},"type":"if","locations":[{"start":{"line":233,"column":4},"end":{"line":236,"column":5}},{"start":{},"end":{}}]},"22":{"loc":{"start":{"line":285,"column":4},"end":{"line":287,"column":5}},"type":"if","locations":[{"start":{"line":285,"column":4},"end":{"line":287,"column":5}},{"start":{},"end":{}}]},"23":{"loc":{"start":{"line":292,"column":4},"end":{"line":294,"column":5}},"type":"if","locations":[{"start":{"line":292,"column":4},"end":{"line":294,"column":5}},{"start":{},"end":{}}]},"24":{"loc":{"start":{"line":301,"column":13},"end":{"line":301,"column":28}},"type":"binary-expr","locations":[{"start":{"line":301,"column":13},"end":{"line":301,"column":23}},{"start":{"line":301,"column":27},"end":{"line":301,"column":28}}]},"25":{"loc":{"start":{"line":315,"column":6},"end":{"line":317,"column":7}},"type":"if","locations":[{"start":{"line":315,"column":6},"end":{"line":317,"column":7}},{"start":{},"end":{}}]},"26":{"loc":{"start":{"line":319,"column":6},"end":{"line":324,"column":7}},"type":"if","locations":[{"start":{"line":319,"column":6},"end":{"line":324,"column":7}},{"start":{},"end":{}}]},"27":{"loc":{"start":{"line":355,"column":6},"end":{"line":357,"column":7}},"type":"if","locations":[{"start":{"line":355,"column":6},"end":{"line":357,"column":7}},{"start":{},"end":{}}]},"28":{"loc":{"start":{"line":355,"column":10},"end":{"line":355,"column":37}},"type":"binary-expr","locations":[{"start":{"line":355,"column":10},"end":{"line":355,"column":21}},{"start":{"line":355,"column":25},"end":{"line":355,"column":37}}]},"29":{"loc":{"start":{"line":358,"column":6},"end":{"line":362,"column":7}},"type":"if","locations":[{"start":{"line":358,"column":6},"end":{"line":362,"column":7}},{"start":{},"end":{}}]},"30":{"loc":{"start":{"line":371,"column":6},"end":{"line":373,"column":7}},"type":"if","locations":[{"start":{"line":371,"column":6},"end":{"line":373,"column":7}},{"start":{},"end":{}}]},"31":{"loc":{"start":{"line":400,"column":23},"end":{"line":400,"column":62}},"type":"binary-expr","locations":[{"start":{"line":400,"column":23},"end":{"line":400,"column":55}},{"start":{"line":400,"column":59},"end":{"line":400,"column":62}}]},"32":{"loc":{"start":{"line":422,"column":6},"end":{"line":424,"column":7}},"type":"if","locations":[{"start":{"line":422,"column":6},"end":{"line":424,"column":7}},{"start":{},"end":{}}]},"33":{"loc":{"start":{"line":428,"column":6},"end":{"line":430,"column":7}},"type":"if","locations":[{"start":{"line":428,"column":6},"end":{"line":430,"column":7}},{"start":{},"end":{}}]},"34":{"loc":{"start":{"line":428,"column":11},"end":{"line":428,"column":19}},"type":"cond-expr","locations":[{"start":{"line":428,"column":15},"end":{"line":428,"column":17}},{"start":{"line":428,"column":11},"end":{"line":428,"column":19}}]},"35":{"loc":{"start":{"line":428,"column":11},"end":{"line":428,"column":17}},"type":"binary-expr","locations":[{"start":{"line":428,"column":11},"end":{"line":428,"column":17}},{"start":{"line":428,"column":11},"end":{"line":428,"column":17}}]},"36":{"loc":{"start":{"line":453,"column":6},"end":{"line":466,"column":7}},"type":"if","locations":[{"start":{"line":453,"column":6},"end":{"line":466,"column":7}},{"start":{},"end":{}}]},"37":{"loc":{"start":{"line":457,"column":41},"end":{"line":457,"column":63}},"type":"binary-expr","locations":[{"start":{"line":457,"column":41},"end":{"line":457,"column":58}},{"start":{"line":457,"column":62},"end":{"line":457,"column":63}}]},"38":{"loc":{"start":{"line":458,"column":10},"end":{"line":462,"column":11}},"type":"if","locations":[{"start":{"line":458,"column":10},"end":{"line":462,"column":11}},{"start":{"line":460,"column":17},"end":{"line":462,"column":11}}]},"39":{"loc":{"start":{"line":461,"column":26},"end":{"line":461,"column":52}},"type":"binary-expr","locations":[{"start":{"line":461,"column":26},"end":{"line":461,"column":45}},{"start":{"line":461,"column":49},"end":{"line":461,"column":52}}]},"40":{"loc":{"start":{"line":478,"column":23},"end":{"line":478,"column":62}},"type":"binary-expr","locations":[{"start":{"line":478,"column":23},"end":{"line":478,"column":55}},{"start":{"line":478,"column":59},"end":{"line":478,"column":62}}]},"41":{"loc":{"start":{"line":500,"column":6},"end":{"line":502,"column":7}},"type":"if","locations":[{"start":{"line":500,"column":6},"end":{"line":502,"column":7}},{"start":{},"end":{}}]},"42":{"loc":{"start":{"line":506,"column":6},"end":{"line":508,"column":7}},"type":"if","locations":[{"start":{"line":506,"column":6},"end":{"line":508,"column":7}},{"start":{},"end":{}}]},"43":{"loc":{"start":{"line":506,"column":11},"end":{"line":506,"column":19}},"type":"cond-expr","locations":[{"start":{"line":506,"column":15},"end":{"line":506,"column":17}},{"start":{"line":506,"column":11},"end":{"line":506,"column":19}}]},"44":{"loc":{"start":{"line":506,"column":11},"end":{"line":506,"column":17}},"type":"binary-expr","locations":[{"start":{"line":506,"column":11},"end":{"line":506,"column":17}},{"start":{"line":506,"column":11},"end":{"line":506,"column":17}}]},"45":{"loc":{"start":{"line":531,"column":6},"end":{"line":544,"column":7}},"type":"if","locations":[{"start":{"line":531,"column":6},"end":{"line":544,"column":7}},{"start":{},"end":{}}]},"46":{"loc":{"start":{"line":535,"column":41},"end":{"line":535,"column":63}},"type":"binary-expr","locations":[{"start":{"line":535,"column":41},"end":{"line":535,"column":58}},{"start":{"line":535,"column":62},"end":{"line":535,"column":63}}]},"47":{"loc":{"start":{"line":536,"column":10},"end":{"line":540,"column":11}},"type":"if","locations":[{"start":{"line":536,"column":10},"end":{"line":540,"column":11}},{"start":{"line":538,"column":17},"end":{"line":540,"column":11}}]},"48":{"loc":{"start":{"line":539,"column":26},"end":{"line":539,"column":52}},"type":"binary-expr","locations":[{"start":{"line":539,"column":26},"end":{"line":539,"column":45}},{"start":{"line":539,"column":49},"end":{"line":539,"column":52}}]}},"s":{"0":2,"1":2,"2":2,"3":2,"4":2,"5":2,"6":2,"7":2,"8":2,"9":2,"10":2,"11":2,"12":2,"13":2,"14":2,"15":2,"16":2,"17":2,"18":8,"19":8,"20":8,"21":8,"22":8,"23":1,"24":7,"25":1,"26":6,"27":1,"28":5,"29":1,"30":4,"31":3,"32":1,"33":2,"34":2,"35":2,"36":2,"37":2,"38":2,"39":2,"40":2,"41":1,"42":1,"43":2,"44":0,"45":0,"46":0,"47":0,"48":0,"49":0,"50":0,"51":0,"52":0,"53":0,"54":0,"55":0,"56":0,"57":0,"58":0,"59":0,"60":0,"61":0,"62":0,"63":0,"64":2,"65":0,"66":0,"67":0,"68":0,"69":0,"70":0,"71":0,"72":0,"73":0,"74":2,"75":0,"76":0,"77":0,"78":0,"79":0,"80":0,"81":0,"82":0,"83":0,"84":0,"85":0,"86":0,"87":0,"88":0,"89":0,"90":0,"91":0,"92":0,"93":2,"94":0,"95":0,"96":0,"97":2,"98":0,"99":0,"100":0,"101":0,"102":2,"103":1,"104":1,"105":1,"106":0,"107":0,"108":0,"109":0,"110":0,"111":2,"112":0,"113":0,"114":0,"115":0,"116":0,"117":0,"118":0,"119":0,"120":0,"121":0,"122":0,"123":0,"124":0,"125":0,"126":0,"127":2,"128":0,"129":0,"130":0,"131":0,"132":0,"133":0,"134":0,"135":0,"136":0,"137":0,"138":0,"139":0,"140":0,"141":0,"142":0,"143":0,"144":2,"145":0,"146":0,"147":0,"148":2,"149":0,"150":0,"151":0,"152":0,"153":0,"154":0,"155":0,"156":0,"157":0,"158":0,"159":0,"160":0,"161":0,"162":0,"163":0,"164":0,"165":0,"166":0,"167":0,"168":0,"169":0,"170":0,"171":2,"172":0,"173":0,"174":0,"175":2,"176":0,"177":0,"178":0,"179":0,"180":0,"181":0,"182":0,"183":0,"184":0,"185":0,"186":0,"187":0,"188":0,"189":0,"190":0,"191":0,"192":0,"193":0,"194":0,"195":0,"196":0,"197":0,"198":2},"f":{"0":8,"1":0,"2":0,"3":0,"4":0,"5":0,"6":1,"7":0,"8":0,"9":0,"10":0,"11":0,"12":0},"b":{"0":[8,0],"1":[0,8],"2":[8,8],"3":[8,1],"4":[1,7],"5":[8,8,8],"6":[1,6],"7":[1,5],"8":[1,4],"9":[1,2],"10":[0,0],"11":[0,0],"12":[0,0],"13":[0,0],"14":[0,0],"15":[0,0],"16":[0,0],"17":[0,0],"18":[0,0],"19":[0,0],"20":[0,0],"21":[0,0],"22":[1,0],"23":[0,0],"24":[0,0],"25":[0,0],"26":[0,0],"27":[0,0],"28":[0,0],"29":[0,0],"30":[0,0],"31":[0,0],"32":[0,0],"33":[0,0],"34":[0,0],"35":[0,0],"36":[0,0],"37":[0,0],"38":[0,0],"39":[0,0],"40":[0,0],"41":[0,0],"42":[0,0],"43":[0,0],"44":[0,0],"45":[0,0],"46":[0,0],"47":[0,0],"48":[0,0]}}
,"C:\\Users\\alonp\\OneDrive\\Desktop\\svg-saas\\server\\src\\routes\\svg.routes.ts": {"path":"C:\\Users\\alonp\\OneDrive\\Desktop\\svg-saas\\server\\src\\routes\\svg.routes.ts","statementMap":{"0":{"start":{"line":1,"column":0},"end":{"line":1,"column":51}},"1":{"start":{"line":2,"column":0},"end":{"line":2,"column":75}},"2":{"start":{"line":3,"column":0},"end":{"line":3,"column":63}},"3":{"start":{"line":4,"column":0},"end":{"line":4,"column":34}},"4":{"start":{"line":5,"column":0},"end":{"line":5,"column":51}},"5":{"start":{"line":6,"column":0},"end":{"line":6,"column":67}},"6":{"start":{"line":7,"column":0},"end":{"line":7,"column":74}},"7":{"start":{"line":8,"column":0},"end":{"line":8,"column":61}},"8":{"start":{"line":9,"column":0},"end":{"line":9,"column":54}},"9":{"start":{"line":10,"column":0},"end":{"line":10,"column":50}},"10":{"start":{"line":11,"column":0},"end":{"line":11,"column":63}},"11":{"start":{"line":12,"column":0},"end":{"line":12,"column":64}},"12":{"start":{"line":14,"column":15},"end":{"line":14,"column":23}},"13":{"start":{"line":23,"column":0},"end":{"line":117,"column":null}},"14":{"start":{"line":30,"column":4},"end":{"line":115,"column":5}},"15":{"start":{"line":31,"column":48},"end":{"line":31,"column":56}},"16":{"start":{"line":32,"column":21},"end":{"line":32,"column":39}},"17":{"start":{"line":35,"column":6},"end":{"line":37,"column":7}},"18":{"start":{"line":36,"column":8},"end":{"line":36,"column":null}},"19":{"start":{"line":38,"column":6},"end":{"line":42,"column":7}},"20":{"start":{"line":39,"column":8},"end":{"line":41,"column":null}},"21":{"start":{"line":43,"column":30},"end":{"line":43,"column":51}},"22":{"start":{"line":45,"column":32},"end":{"line":55,"column":null}},"23":{"start":{"line":57,"column":6},"end":{"line":64,"column":7}},"24":{"start":{"line":58,"column":8},"end":{"line":63,"column":9}},"25":{"start":{"line":59,"column":10},"end":{"line":62,"column":null}},"26":{"start":{"line":67,"column":6},"end":{"line":73,"column":7}},"27":{"start":{"line":68,"column":8},"end":{"line":72,"column":null}},"28":{"start":{"line":76,"column":6},"end":{"line":80,"column":7}},"29":{"start":{"line":77,"column":8},"end":{"line":79,"column":null}},"30":{"start":{"line":81,"column":28},"end":{"line":81,"column":50}},"31":{"start":{"line":82,"column":24},"end":{"line":82,"column":40}},"32":{"start":{"line":85,"column":21},"end":{"line":85,"column":77}},"33":{"start":{"line":86,"column":23},"end":{"line":86,"column":42}},"34":{"start":{"line":88,"column":24},"end":{"line":88,"column":25}},"35":{"start":{"line":90,"column":6},"end":{"line":106,"column":null}},"36":{"start":{"line":107,"column":6},"end":{"line":107,"column":null}},"37":{"start":{"line":109,"column":6},"end":{"line":111,"column":null}},"38":{"start":{"line":113,"column":6},"end":{"line":113,"column":null}},"39":{"start":{"line":114,"column":6},"end":{"line":114,"column":null}},"40":{"start":{"line":119,"column":0},"end":{"line":164,"column":null}},"41":{"start":{"line":120,"column":2},"end":{"line":163,"column":3}},"42":{"start":{"line":121,"column":19},"end":{"line":121,"column":37}},"43":{"start":{"line":124,"column":17},"end":{"line":124,"column":56}},"44":{"start":{"line":125,"column":18},"end":{"line":125,"column":59}},"45":{"start":{"line":126,"column":17},"end":{"line":126,"column":35}},"46":{"start":{"line":129,"column":23},"end":{"line":129,"column":78}},"47":{"start":{"line":131,"column":24},"end":{"line":145,"column":6}},"48":{"start":{"line":147,"column":23},"end":{"line":147,"column":52}},"49":{"start":{"line":148,"column":20},"end":{"line":148,"column":37}},"50":{"start":{"line":150,"column":4},"end":{"line":159,"column":null}},"51":{"start":{"line":161,"column":4},"end":{"line":161,"column":null}},"52":{"start":{"line":162,"column":4},"end":{"line":162,"column":null}},"53":{"start":{"line":166,"column":0},"end":{"line":205,"column":null}},"54":{"start":{"line":167,"column":2},"end":{"line":204,"column":3}},"55":{"start":{"line":169,"column":17},"end":{"line":169,"column":56}},"56":{"start":{"line":170,"column":18},"end":{"line":170,"column":59}},"57":{"start":{"line":171,"column":17},"end":{"line":171,"column":35}},"58":{"start":{"line":174,"column":23},"end":{"line":176,"column":6}},"59":{"start":{"line":178,"column":30},"end":{"line":192,"column":6}},"60":{"start":{"line":194,"column":23},"end":{"line":194,"column":52}},"61":{"start":{"line":195,"column":20},"end":{"line":195,"column":37}},"62":{"start":{"line":197,"column":4},"end":{"line":200,"column":null}},"63":{"start":{"line":202,"column":4},"end":{"line":202,"column":null}},"64":{"start":{"line":203,"column":4},"end":{"line":203,"column":null}},"65":{"start":{"line":207,"column":0},"end":{"line":243,"column":null}},"66":{"start":{"line":211,"column":4},"end":{"line":241,"column":5}},"67":{"start":{"line":212,"column":28},"end":{"line":212,"column":42}},"68":{"start":{"line":213,"column":21},"end":{"line":213,"column":31}},"69":{"start":{"line":215,"column":6},"end":{"line":217,"column":7}},"70":{"start":{"line":216,"column":8},"end":{"line":216,"column":null}},"71":{"start":{"line":220,"column":28},"end":{"line":222,"column":8}},"72":{"start":{"line":225,"column":6},"end":{"line":227,"column":7}},"73":{"start":{"line":226,"column":8},"end":{"line":226,"column":null}},"74":{"start":{"line":230,"column":23},"end":{"line":230,"column":54}},"75":{"start":{"line":231,"column":22},"end":{"line":231,"column":60}},"76":{"start":{"line":233,"column":6},"end":{"line":235,"column":7}},"77":{"start":{"line":234,"column":8},"end":{"line":234,"column":null}},"78":{"start":{"line":237,"column":6},"end":{"line":237,"column":null}},"79":{"start":{"line":239,"column":6},"end":{"line":239,"column":null}},"80":{"start":{"line":240,"column":6},"end":{"line":240,"column":null}},"81":{"start":{"line":245,"column":0},"end":{"line":245,"column":null}}},"fnMap":{"0":{"name":"(anonymous_1)","decl":{"start":{"line":29,"column":2},"end":{"line":29,"column":7}},"loc":{"start":{"line":29,"column":65},"end":{"line":116,"column":3}}},"1":{"name":"(anonymous_2)","decl":{"start":{"line":119,"column":39},"end":{"line":119,"column":44}},"loc":{"start":{"line":119,"column":77},"end":{"line":164,"column":1}}},"2":{"name":"(anonymous_3)","decl":{"start":{"line":166,"column":22},"end":{"line":166,"column":27}},"loc":{"start":{"line":166,"column":60},"end":{"line":205,"column":1}}},"3":{"name":"(anonymous_4)","decl":{"start":{"line":210,"column":2},"end":{"line":210,"column":7}},"loc":{"start":{"line":210,"column":40},"end":{"line":242,"column":3}}}},"branchMap":{"0":{"loc":{"start":{"line":35,"column":6},"end":{"line":37,"column":7}},"type":"if","locations":[{"start":{"line":35,"column":6},"end":{"line":37,"column":7}},{"start":{},"end":{}}]},"1":{"loc":{"start":{"line":38,"column":6},"end":{"line":42,"column":7}},"type":"if","locations":[{"start":{"line":38,"column":6},"end":{"line":42,"column":7}},{"start":{},"end":{}}]},"2":{"loc":{"start":{"line":38,"column":10},"end":{"line":38,"column":51}},"type":"binary-expr","locations":[{"start":{"line":38,"column":10},"end":{"line":38,"column":28}},{"start":{"line":38,"column":32},"end":{"line":38,"column":51}}]},"3":{"loc":{"start":{"line":58,"column":8},"end":{"line":63,"column":9}},"type":"if","locations":[{"start":{"line":58,"column":8},"end":{"line":63,"column":9}},{"start":{},"end":{}}]},"4":{"loc":{"start":{"line":67,"column":6},"end":{"line":73,"column":7}},"type":"if","locations":[{"start":{"line":67,"column":6},"end":{"line":73,"column":7}},{"start":{},"end":{}}]},"5":{"loc":{"start":{"line":67,"column":10},"end":{"line":67,"column":65}},"type":"binary-expr","locations":[{"start":{"line":67,"column":10},"end":{"line":67,"column":16}},{"start":{"line":67,"column":20},"end":{"line":67,"column":65}}]},"6":{"loc":{"start":{"line":76,"column":6},"end":{"line":80,"column":7}},"type":"if","locations":[{"start":{"line":76,"column":6},"end":{"line":80,"column":7}},{"start":{},"end":{}}]},"7":{"loc":{"start":{"line":76,"column":10},"end":{"line":76,"column":59}},"type":"binary-expr","locations":[{"start":{"line":76,"column":10},"end":{"line":76,"column":15}},{"start":{"line":76,"column":19},"end":{"line":76,"column":59}}]},"8":{"loc":{"start":{"line":81,"column":28},"end":{"line":81,"column":50}},"type":"binary-expr","locations":[{"start":{"line":81,"column":28},"end":{"line":81,"column":33}},{"start":{"line":81,"column":37},"end":{"line":81,"column":50}}]},"9":{"loc":{"start":{"line":82,"column":24},"end":{"line":82,"column":40}},"type":"cond-expr","locations":[{"start":{"line":82,"column":24},"end":{"line":82,"column":31}},{"start":{"line":82,"column":35},"end":{"line":82,"column":40}}]},"10":{"loc":{"start":{"line":82,"column":24},"end":{"line":82,"column":35}},"type":"binary-expr","locations":[{"start":{"line":82,"column":24},"end":{"line":82,"column":35}},{"start":{"line":82,"column":24},"end":{"line":82,"column":35}}]},"11":{"loc":{"start":{"line":124,"column":17},"end":{"line":124,"column":56}},"type":"binary-expr","locations":[{"start":{"line":124,"column":17},"end":{"line":124,"column":51}},{"start":{"line":124,"column":55},"end":{"line":124,"column":56}}]},"12":{"loc":{"start":{"line":125,"column":18},"end":{"line":125,"column":59}},"type":"binary-expr","locations":[{"start":{"line":125,"column":18},"end":{"line":125,"column":53}},{"start":{"line":125,"column":57},"end":{"line":125,"column":59}}]},"13":{"loc":{"start":{"line":169,"column":17},"end":{"line":169,"column":56}},"type":"binary-expr","locations":[{"start":{"line":169,"column":17},"end":{"line":169,"column":51}},{"start":{"line":169,"column":55},"end":{"line":169,"column":56}}]},"14":{"loc":{"start":{"line":170,"column":18},"end":{"line":170,"column":59}},"type":"binary-expr","locations":[{"start":{"line":170,"column":18},"end":{"line":170,"column":53}},{"start":{"line":170,"column":57},"end":{"line":170,"column":59}}]},"15":{"loc":{"start":{"line":215,"column":6},"end":{"line":217,"column":7}},"type":"if","locations":[{"start":{"line":215,"column":6},"end":{"line":217,"column":7}},{"start":{},"end":{}}]},"16":{"loc":{"start":{"line":215,"column":10},"end":{"line":215,"column":33}},"type":"binary-expr","locations":[{"start":{"line":215,"column":10},"end":{"line":215,"column":13}},{"start":{"line":215,"column":17},"end":{"line":215,"column":33}}]},"17":{"loc":{"start":{"line":225,"column":6},"end":{"line":227,"column":7}},"type":"if","locations":[{"start":{"line":225,"column":6},"end":{"line":227,"column":7}},{"start":{},"end":{}}]},"18":{"loc":{"start":{"line":233,"column":6},"end":{"line":235,"column":7}},"type":"if","locations":[{"start":{"line":233,"column":6},"end":{"line":235,"column":7}},{"start":{},"end":{}}]},"19":{"loc":{"start":{"line":233,"column":10},"end":{"line":233,"column":31}},"type":"binary-expr","locations":[{"start":{"line":233,"column":10},"end":{"line":233,"column":19}},{"start":{"line":233,"column":23},"end":{"line":233,"column":31}}]}},"s":{"0":1,"1":1,"2":1,"3":1,"4":1,"5":1,"6":1,"7":1,"8":1,"9":1,"10":1,"11":1,"12":1,"13":1,"14":0,"15":0,"16":0,"17":0,"18":0,"19":0,"20":0,"21":0,"22":0,"23":0,"24":0,"25":0,"26":0,"27":0,"28":0,"29":0,"30":0,"31":0,"32":0,"33":0,"34":0,"35":0,"36":0,"37":0,"38":0,"39":0,"40":1,"41":0,"42":0,"43":0,"44":0,"45":0,"46":0,"47":0,"48":0,"49":0,"50":0,"51":0,"52":0,"53":1,"54":0,"55":0,"56":0,"57":0,"58":0,"59":0,"60":0,"61":0,"62":0,"63":0,"64":0,"65":1,"66":0,"67":0,"68":0,"69":0,"70":0,"71":0,"72":0,"73":0,"74":0,"75":0,"76":0,"77":0,"78":0,"79":0,"80":0,"81":1},"f":{"0":0,"1":0,"2":0,"3":0},"b":{"0":[0,0],"1":[0,0],"2":[0,0],"3":[0,0],"4":[0,0],"5":[0,0],"6":[0,0],"7":[0,0],"8":[0,0],"9":[0,0],"10":[0,0],"11":[0,0],"12":[0,0],"13":[0,0],"14":[0,0],"15":[0,0],"16":[0,0],"17":[0,0],"18":[0,0],"19":[0,0]}}
,"C:\\Users\\alonp\\OneDrive\\Desktop\\svg-saas\\server\\src\\services\\emailService.ts": {"path":"C:\\Users\\alonp\\OneDrive\\Desktop\\svg-saas\\server\\src\\services\\emailService.ts","statementMap":{"0":{"start":{"line":6,"column":0},"end":{"line":6,"column":7}},"1":{"start":{"line":61,"column":0},"end":{"line":61,"column":7}},"2":{"start":{"line":1,"column":0},"end":{"line":1,"column":31}},"3":{"start":{"line":2,"column":0},"end":{"line":2,"column":46}},"4":{"start":{"line":3,"column":0},"end":{"line":3,"column":44}},"5":{"start":{"line":4,"column":15},"end":{"line":4,"column":41}},"6":{"start":{"line":10,"column":19},"end":{"line":12,"column":39}},"7":{"start":{"line":14,"column":2},"end":{"line":58,"column":3}},"8":{"start":{"line":15,"column":4},"end":{"line":52,"column":null}},"9":{"start":{"line":54,"column":4},"end":{"line":54,"column":null}},"10":{"start":{"line":56,"column":4},"end":{"line":56,"column":null}},"11":{"start":{"line":57,"column":4},"end":{"line":57,"column":null}},"12":{"start":{"line":62,"column":2},"end":{"line":132,"column":3}},"13":{"start":{"line":63,"column":4},"end":{"line":127,"column":null}},"14":{"start":{"line":129,"column":4},"end":{"line":129,"column":null}},"15":{"start":{"line":131,"column":4},"end":{"line":131,"column":null}}},"fnMap":{"0":{"name":"sendPasswordResetEmail","decl":{"start":{"line":6,"column":22},"end":{"line":6,"column":44}},"loc":{"start":{"line":8,"column":20},"end":{"line":59,"column":1}}},"1":{"name":"sendWelcomeEmail","decl":{"start":{"line":61,"column":22},"end":{"line":61,"column":38}},"loc":{"start":{"line":61,"column":66},"end":{"line":133,"column":1}}}},"branchMap":{"0":{"loc":{"start":{"line":11,"column":4},"end":{"line":11,"column":null}},"type":"binary-expr","locations":[{"start":{"line":11,"column":4},"end":{"line":11,"column":16}},{"start":{"line":11,"column":20},"end":{"line":11,"column":null}}]}},"s":{"0":2,"1":2,"2":2,"3":2,"4":2,"5":2,"6":0,"7":0,"8":0,"9":0,"10":0,"11":0,"12":0,"13":0,"14":0,"15":0},"f":{"0":0,"1":0},"b":{"0":[0,0]}}
,"C:\\Users\\alonp\\OneDrive\\Desktop\\svg-saas\\server\\src\\utils\\createPasswordResetToken.ts": {"path":"C:\\Users\\alonp\\OneDrive\\Desktop\\svg-saas\\server\\src\\utils\\createPasswordResetToken.ts","statementMap":{"0":{"start":{"line":3,"column":0},"end":{"line":3,"column":16}},"1":{"start":{"line":13,"column":0},"end":{"line":13,"column":16}},"2":{"start":{"line":1,"column":0},"end":{"line":1,"column":27}},"3":{"start":{"line":4,"column":21},"end":{"line":4,"column":59}},"4":{"start":{"line":5,"column":22},"end":{"line":8,"column":18}},"5":{"start":{"line":9,"column":23},"end":{"line":9,"column":60}},"6":{"start":{"line":10,"column":2},"end":{"line":10,"column":null}},"7":{"start":{"line":14,"column":2},"end":{"line":14,"column":null}}},"fnMap":{"0":{"name":"createPasswordResetToken","decl":{"start":{"line":3,"column":16},"end":{"line":3,"column":40}},"loc":{"start":{"line":3,"column":40},"end":{"line":11,"column":1}}},"1":{"name":"hashResetToken","decl":{"start":{"line":13,"column":16},"end":{"line":13,"column":30}},"loc":{"start":{"line":13,"column":49},"end":{"line":15,"column":1}}}},"branchMap":{},"s":{"0":2,"1":2,"2":2,"3":0,"4":0,"5":0,"6":0,"7":0},"f":{"0":0,"1":0},"b":{}}
,"C:\\Users\\alonp\\OneDrive\\Desktop\\svg-saas\\server\\src\\utils\\getUserId.ts": {"path":"C:\\Users\\alonp\\OneDrive\\Desktop\\svg-saas\\server\\src\\utils\\getUserId.ts","statementMap":{"0":{"start":{"line":4,"column":0},"end":{"line":4,"column":16}},"1":{"start":{"line":8,"column":0},"end":{"line":8,"column":16}},"2":{"start":{"line":5,"column":2},"end":{"line":5,"column":null}},"3":{"start":{"line":9,"column":17},"end":{"line":9,"column":49}},"4":{"start":{"line":10,"column":2},"end":{"line":12,"column":3}},"5":{"start":{"line":11,"column":4},"end":{"line":11,"column":null}},"6":{"start":{"line":13,"column":2},"end":{"line":13,"column":null}}},"fnMap":{"0":{"name":"getUserId","decl":{"start":{"line":4,"column":16},"end":{"line":4,"column":25}},"loc":{"start":{"line":4,"column":38},"end":{"line":6,"column":1}}},"1":{"name":"requireUserId","decl":{"start":{"line":8,"column":16},"end":{"line":8,"column":29}},"loc":{"start":{"line":8,"column":42},"end":{"line":14,"column":1}}}},"branchMap":{"0":{"loc":{"start":{"line":5,"column":9},"end":{"line":5,"column":41}},"type":"cond-expr","locations":[{"start":{"line":5,"column":33},"end":{"line":5,"column":35}},{"start":{"line":5,"column":33},"end":{"line":5,"column":41}}]},"1":{"loc":{"start":{"line":5,"column":9},"end":{"line":5,"column":35}},"type":"binary-expr","locations":[{"start":{"line":5,"column":9},"end":{"line":5,"column":35}},{"start":{"line":5,"column":33},"end":{"line":5,"column":35}}]},"2":{"loc":{"start":{"line":9,"column":17},"end":{"line":9,"column":49}},"type":"cond-expr","locations":[{"start":{"line":9,"column":41},"end":{"line":9,"column":43}},{"start":{"line":9,"column":41},"end":{"line":9,"column":49}}]},"3":{"loc":{"start":{"line":9,"column":17},"end":{"line":9,"column":43}},"type":"binary-expr","locations":[{"start":{"line":9,"column":17},"end":{"line":9,"column":43}},{"start":{"line":9,"column":41},"end":{"line":9,"column":43}}]},"4":{"loc":{"start":{"line":10,"column":2},"end":{"line":12,"column":3}},"type":"if","locations":[{"start":{"line":10,"column":2},"end":{"line":12,"column":3}},{"start":{},"end":{}}]}},"s":{"0":1,"1":1,"2":0,"3":0,"4":0,"5":0,"6":0},"f":{"0":0,"1":0},"b":{"0":[0,0],"1":[0,0],"2":[0,0],"3":[0,0],"4":[0,0]}}
,"C:\\Users\\alonp\\OneDrive\\Desktop\\svg-saas\\server\\src\\utils\\getUserIp.ts": {"path":"C:\\Users\\alonp\\OneDrive\\Desktop\\svg-saas\\server\\src\\utils\\getUserIp.ts","statementMap":{"0":{"start":{"line":2,"column":25},"end":{"line":9,"column":1}},"1":{"start":{"line":3,"column":2},"end":{"line":8,"column":null}},"2":{"start":{"line":2,"column":13},"end":{"line":2,"column":25}}},"fnMap":{"0":{"name":"(anonymous_0)","decl":{"start":{"line":2,"column":25},"end":{"line":2,"column":26}},"loc":{"start":{"line":2,"column":46},"end":{"line":9,"column":1}}}},"branchMap":{"0":{"loc":{"start":{"line":4,"column":4},"end":{"line":7,"column":13}},"type":"binary-expr","locations":[{"start":{"line":4,"column":4},"end":{"line":4,"column":56}},{"start":{"line":5,"column":4},"end":{"line":5,"column":32}},{"start":{"line":6,"column":4},"end":{"line":6,"column":28}},{"start":{"line":7,"column":4},"end":{"line":7,"column":13}}]},"1":{"loc":{"start":{"line":4,"column":4},"end":{"line":4,"column":56}},"type":"cond-expr","locations":[{"start":{"line":4,"column":34},"end":{"line":4,"column":36}},{"start":{"line":4,"column":34},"end":{"line":4,"column":56}}]},"2":{"loc":{"start":{"line":4,"column":4},"end":{"line":4,"column":36}},"type":"binary-expr","locations":[{"start":{"line":4,"column":4},"end":{"line":4,"column":36}},{"start":{"line":4,"column":34},"end":{"line":4,"column":36}}]}},"s":{"0":2,"1":0,"2":2},"f":{"0":0},"b":{"0":[0,0,0,0],"1":[0,0],"2":[0,0]}}
,"C:\\Users\\alonp\\OneDrive\\Desktop\\svg-saas\\server\\src\\utils\\refreshToken.ts": {"path":"C:\\Users\\alonp\\OneDrive\\Desktop\\svg-saas\\server\\src\\utils\\refreshToken.ts","statementMap":{"0":{"start":{"line":1,"column":0},"end":{"line":1,"column":27}},"1":{"start":{"line":2,"column":0},"end":{"line":2,"column":34}},"2":{"start":{"line":8,"column":36},"end":{"line":19,"column":1}},"3":{"start":{"line":10,"column":21},"end":{"line":10,"column":59}},"4":{"start":{"line":13,"column":22},"end":{"line":16,"column":18}},"5":{"start":{"line":18,"column":2},"end":{"line":18,"column":null}},"6":{"start":{"line":8,"column":13},"end":{"line":8,"column":36}},"7":{"start":{"line":21,"column":34},"end":{"line":45,"column":1}},"8":{"start":{"line":27,"column":38},"end":{"line":27,"column":60}},"9":{"start":{"line":30,"column":20},"end":{"line":30,"column":30}},"10":{"start":{"line":31,"column":2},"end":{"line":31,"column":null}},"11":{"start":{"line":34,"column":2},"end":{"line":42,"column":null}},"12":{"start":{"line":44,"column":2},"end":{"line":44,"column":null}},"13":{"start":{"line":21,"column":13},"end":{"line":21,"column":34}},"14":{"start":{"line":47,"column":34},"end":{"line":71,"column":1}},"15":{"start":{"line":49,"column":22},"end":{"line":52,"column":18}},"16":{"start":{"line":55,"column":22},"end":{"line":57,"column":4}},"17":{"start":{"line":60,"column":2},"end":{"line":62,"column":3}},"18":{"start":{"line":61,"column":4},"end":{"line":61,"column":null}},"19":{"start":{"line":65,"column":2},"end":{"line":68,"column":null}},"20":{"start":{"line":70,"column":2},"end":{"line":70,"column":null}},"21":{"start":{"line":47,"column":13},"end":{"line":47,"column":34}},"22":{"start":{"line":76,"column":34},"end":{"line":89,"column":1}},"23":{"start":{"line":77,"column":22},"end":{"line":80,"column":18}},"24":{"start":{"line":82,"column":2},"end":{"line":88,"column":3}},"25":{"start":{"line":83,"column":4},"end":{"line":85,"column":null}},"26":{"start":{"line":87,"column":4},"end":{"line":87,"column":null}},"27":{"start":{"line":76,"column":13},"end":{"line":76,"column":34}},"28":{"start":{"line":94,"column":35},"end":{"line":98,"column":1}},"29":{"start":{"line":95,"column":2},"end":{"line":97,"column":null}},"30":{"start":{"line":94,"column":13},"end":{"line":94,"column":35}},"31":{"start":{"line":101,"column":34},"end":{"line":137,"column":1}},"32":{"start":{"line":109,"column":22},"end":{"line":112,"column":18}},"33":{"start":{"line":115,"column":22},"end":{"line":117,"column":4}},"34":{"start":{"line":119,"column":2},"end":{"line":121,"column":3}},"35":{"start":{"line":120,"column":4},"end":{"line":120,"column":null}},"36":{"start":{"line":124,"column":2},"end":{"line":126,"column":null}},"37":{"start":{"line":129,"column":24},"end":{"line":133,"column":null}},"38":{"start":{"line":136,"column":2},"end":{"line":136,"column":null}},"39":{"start":{"line":101,"column":13},"end":{"line":101,"column":34}}},"fnMap":{"0":{"name":"(anonymous_1)","decl":{"start":{"line":8,"column":36},"end":{"line":8,"column":39}},"loc":{"start":{"line":8,"column":41},"end":{"line":19,"column":1}}},"1":{"name":"(anonymous_2)","decl":{"start":{"line":21,"column":34},"end":{"line":21,"column":39}},"loc":{"start":{"line":26,"column":4},"end":{"line":45,"column":1}}},"2":{"name":"(anonymous_3)","decl":{"start":{"line":47,"column":34},"end":{"line":47,"column":39}},"loc":{"start":{"line":47,"column":63},"end":{"line":71,"column":1}}},"3":{"name":"(anonymous_4)","decl":{"start":{"line":76,"column":34},"end":{"line":76,"column":39}},"loc":{"start":{"line":76,"column":63},"end":{"line":89,"column":1}}},"4":{"name":"(anonymous_5)","decl":{"start":{"line":94,"column":35},"end":{"line":94,"column":40}},"loc":{"start":{"line":94,"column":60},"end":{"line":98,"column":1}}},"5":{"name":"(anonymous_6)","decl":{"start":{"line":101,"column":34},"end":{"line":101,"column":39}},"loc":{"start":{"line":107,"column":4},"end":{"line":137,"column":1}}}},"branchMap":{"0":{"loc":{"start":{"line":23,"column":2},"end":{"line":23,"column":28}},"type":"default-arg","locations":[{"start":{"line":23,"column":26},"end":{"line":23,"column":28}}]},"1":{"loc":{"start":{"line":60,"column":2},"end":{"line":62,"column":3}},"type":"if","locations":[{"start":{"line":60,"column":2},"end":{"line":62,"column":3}},{"start":{},"end":{}}]},"2":{"loc":{"start":{"line":60,"column":6},"end":{"line":60,"column":56}},"type":"binary-expr","locations":[{"start":{"line":60,"column":6},"end":{"line":60,"column":18}},{"start":{"line":60,"column":22},"end":{"line":60,"column":56}}]},"3":{"loc":{"start":{"line":104,"column":2},"end":{"line":104,"column":27}},"type":"default-arg","locations":[{"start":{"line":104,"column":26},"end":{"line":104,"column":27}}]},"4":{"loc":{"start":{"line":119,"column":2},"end":{"line":121,"column":3}},"type":"if","locations":[{"start":{"line":119,"column":2},"end":{"line":121,"column":3}},{"start":{},"end":{}}]},"5":{"loc":{"start":{"line":119,"column":6},"end":{"line":119,"column":56}},"type":"binary-expr","locations":[{"start":{"line":119,"column":6},"end":{"line":119,"column":18}},{"start":{"line":119,"column":22},"end":{"line":119,"column":56}}]}},"s":{"0":2,"1":2,"2":2,"3":0,"4":0,"5":0,"6":2,"7":2,"8":0,"9":0,"10":0,"11":0,"12":0,"13":2,"14":2,"15":0,"16":0,"17":0,"18":0,"19":0,"20":0,"21":2,"22":2,"23":0,"24":0,"25":0,"26":0,"27":2,"28":2,"29":0,"30":2,"31":2,"32":0,"33":0,"34":0,"35":0,"36":0,"37":0,"38":0,"39":2},"f":{"0":0,"1":0,"2":0,"3":0,"4":0,"5":0},"b":{"0":[0],"1":[0,0],"2":[0,0],"3":[0],"4":[0,0],"5":[0,0]}}
,"C:\\Users\\alonp\\OneDrive\\Desktop\\svg-saas\\server\\src\\utils\\sanitizeInput.ts": {"path":"C:\\Users\\alonp\\OneDrive\\Desktop\\svg-saas\\server\\src\\utils\\sanitizeInput.ts","statementMap":{"0":{"start":{"line":1,"column":22},"end":{"line":3,"column":1}},"1":{"start":{"line":2,"column":2},"end":{"line":2,"column":41}},"2":{"start":{"line":4,"column":9},"end":{"line":4,"column":22}}},"fnMap":{"0":{"name":"(anonymous_0)","decl":{"start":{"line":1,"column":22},"end":{"line":1,"column":23}},"loc":{"start":{"line":1,"column":46},"end":{"line":3,"column":1}}}},"branchMap":{},"s":{"0":2,"1":0,"2":2},"f":{"0":0},"b":{}}
,"C:\\Users\\alonp\\OneDrive\\Desktop\\svg-saas\\server\\src\\utils\\setAuthCookie.ts": {"path":"C:\\Users\\alonp\\OneDrive\\Desktop\\svg-saas\\server\\src\\utils\\setAuthCookie.ts","statementMap":{"0":{"start":{"line":2,"column":0},"end":{"line":2,"column":45}},"1":{"start":{"line":7,"column":36},"end":{"line":15,"column":1}},"2":{"start":{"line":8,"column":2},"end":{"line":14,"column":null}},"3":{"start":{"line":7,"column":13},"end":{"line":7,"column":36}},"4":{"start":{"line":20,"column":37},"end":{"line":36,"column":1}},"5":{"start":{"line":25,"column":17},"end":{"line":27,"column":29}},"6":{"start":{"line":29,"column":2},"end":{"line":35,"column":null}},"7":{"start":{"line":20,"column":13},"end":{"line":20,"column":37}},"8":{"start":{"line":42,"column":29},"end":{"line":50,"column":1}},"9":{"start":{"line":48,"column":2},"end":{"line":48,"column":null}},"10":{"start":{"line":49,"column":2},"end":{"line":49,"column":null}},"11":{"start":{"line":42,"column":13},"end":{"line":42,"column":29}},"12":{"start":{"line":55,"column":31},"end":{"line":71,"column":1}},"13":{"start":{"line":57,"column":2},"end":{"line":62,"column":null}},"14":{"start":{"line":65,"column":2},"end":{"line":70,"column":null}},"15":{"start":{"line":55,"column":13},"end":{"line":55,"column":31}}},"fnMap":{"0":{"name":"(anonymous_0)","decl":{"start":{"line":7,"column":36},"end":{"line":7,"column":37}},"loc":{"start":{"line":7,"column":69},"end":{"line":15,"column":1}}},"1":{"name":"(anonymous_1)","decl":{"start":{"line":20,"column":37},"end":{"line":20,"column":null}},"loc":{"start":{"line":24,"column":4},"end":{"line":36,"column":1}}},"2":{"name":"(anonymous_2)","decl":{"start":{"line":42,"column":29},"end":{"line":42,"column":null}},"loc":{"start":{"line":47,"column":4},"end":{"line":50,"column":1}}},"3":{"name":"(anonymous_3)","decl":{"start":{"line":55,"column":31},"end":{"line":55,"column":32}},"loc":{"start":{"line":55,"column":49},"end":{"line":71,"column":1}}}},"branchMap":{"0":{"loc":{"start":{"line":23,"column":2},"end":{"line":23,"column":29}},"type":"default-arg","locations":[{"start":{"line":23,"column":24},"end":{"line":23,"column":29}}]},"1":{"loc":{"start":{"line":25,"column":17},"end":{"line":27,"column":29}},"type":"cond-expr","locations":[{"start":{"line":26,"column":6},"end":{"line":26,"column":30}},{"start":{"line":27,"column":6},"end":{"line":27,"column":29}}]},"2":{"loc":{"start":{"line":46,"column":2},"end":{"line":46,"column":29}},"type":"default-arg","locations":[{"start":{"line":46,"column":24},"end":{"line":46,"column":29}}]}},"s":{"0":2,"1":2,"2":0,"3":2,"4":2,"5":0,"6":0,"7":2,"8":2,"9":0,"10":0,"11":2,"12":2,"13":0,"14":0,"15":2},"f":{"0":0,"1":0,"2":0,"3":0},"b":{"0":[0],"1":[0,0],"2":[0]}}
}
