{"C:\\Users\\alonp\\OneDrive\\Desktop\\svg-saas\\server\\src\\config\\env.ts": {"path":"C:\\Users\\alonp\\OneDrive\\Desktop\\svg-saas\\server\\src\\config\\env.ts","statementMap":{"0":{"start":{"line":1,"column":0},"end":{"line":1,"column":27}},"1":{"start":{"line":3,"column":0},"end":{"line":3,"column":null}},"2":{"start":{"line":6,"column":13},"end":{"line":6,"column":null}},"3":{"start":{"line":9,"column":13},"end":{"line":9,"column":null}},"4":{"start":{"line":10,"column":13},"end":{"line":10,"column":null}},"5":{"start":{"line":11,"column":13},"end":{"line":11,"column":null}},"6":{"start":{"line":12,"column":13},"end":{"line":12,"column":null}},"7":{"start":{"line":13,"column":0},"end":{"line":13,"column":null}},"8":{"start":{"line":15,"column":13},"end":{"line":15,"column":null}},"9":{"start":{"line":18,"column":13},"end":{"line":18,"column":null}},"10":{"start":{"line":20,"column":0},"end":{"line":22,"column":1}},"11":{"start":{"line":21,"column":2},"end":{"line":21,"column":null}},"12":{"start":{"line":25,"column":13},"end":{"line":25,"column":null}},"13":{"start":{"line":29,"column":0},"end":{"line":31,"column":1}},"14":{"start":{"line":30,"column":2},"end":{"line":30,"column":null}},"15":{"start":{"line":34,"column":13},"end":{"line":34,"column":null}},"16":{"start":{"line":36,"column":0},"end":{"line":38,"column":1}},"17":{"start":{"line":37,"column":2},"end":{"line":37,"column":null}},"18":{"start":{"line":41,"column":13},"end":{"line":41,"column":null}},"19":{"start":{"line":42,"column":13},"end":{"line":42,"column":null}},"20":{"start":{"line":43,"column":13},"end":{"line":43,"column":null}},"21":{"start":{"line":45,"column":0},"end":{"line":47,"column":1}},"22":{"start":{"line":46,"column":2},"end":{"line":46,"column":null}},"23":{"start":{"line":50,"column":13},"end":{"line":50,"column":null}},"24":{"start":{"line":51,"column":13},"end":{"line":51,"column":null}},"25":{"start":{"line":52,"column":13},"end":{"line":52,"column":null}},"26":{"start":{"line":54,"column":0},"end":{"line":56,"column":1}},"27":{"start":{"line":55,"column":2},"end":{"line":55,"column":null}}},"fnMap":{},"branchMap":{"0":{"loc":{"start":{"line":6,"column":20},"end":{"line":6,"column":44}},"type":"binary-expr","locations":[{"start":{"line":6,"column":20},"end":{"line":6,"column":36}},{"start":{"line":6,"column":40},"end":{"line":6,"column":44}}]},"1":{"loc":{"start":{"line":9,"column":24},"end":{"line":9,"column":61}},"type":"binary-expr","locations":[{"start":{"line":9,"column":24},"end":{"line":9,"column":44}},{"start":{"line":9,"column":48},"end":{"line":9,"column":61}}]},"2":{"loc":{"start":{"line":15,"column":28},"end":{"line":15,"column":79}},"type":"binary-expr","locations":[{"start":{"line":15,"column":28},"end":{"line":15,"column":52}},{"start":{"line":15,"column":56},"end":{"line":15,"column":79}}]},"3":{"loc":{"start":{"line":20,"column":0},"end":{"line":22,"column":1}},"type":"if","locations":[{"start":{"line":20,"column":0},"end":{"line":22,"column":1}},{"start":{},"end":{}}]},"4":{"loc":{"start":{"line":20,"column":4},"end":{"line":20,"column":41}},"type":"binary-expr","locations":[{"start":{"line":20,"column":4},"end":{"line":20,"column":15}},{"start":{"line":20,"column":19},"end":{"line":20,"column":41}}]},"5":{"loc":{"start":{"line":29,"column":0},"end":{"line":31,"column":1}},"type":"if","locations":[{"start":{"line":29,"column":0},"end":{"line":31,"column":1}},{"start":{},"end":{}}]},"6":{"loc":{"start":{"line":36,"column":0},"end":{"line":38,"column":1}},"type":"if","locations":[{"start":{"line":36,"column":0},"end":{"line":38,"column":1}},{"start":{},"end":{}}]},"7":{"loc":{"start":{"line":45,"column":0},"end":{"line":47,"column":1}},"type":"if","locations":[{"start":{"line":45,"column":0},"end":{"line":47,"column":1}},{"start":{},"end":{}}]},"8":{"loc":{"start":{"line":45,"column":4},"end":{"line":45,"column":70}},"type":"binary-expr","locations":[{"start":{"line":45,"column":4},"end":{"line":45,"column":21}},{"start":{"line":45,"column":25},"end":{"line":45,"column":46}},{"start":{"line":45,"column":50},"end":{"line":45,"column":70}}]},"9":{"loc":{"start":{"line":54,"column":0},"end":{"line":56,"column":1}},"type":"if","locations":[{"start":{"line":54,"column":0},"end":{"line":56,"column":1}},{"start":{},"end":{}}]},"10":{"loc":{"start":{"line":54,"column":4},"end":{"line":54,"column":70}},"type":"binary-expr","locations":[{"start":{"line":54,"column":4},"end":{"line":54,"column":21}},{"start":{"line":54,"column":25},"end":{"line":54,"column":46}},{"start":{"line":54,"column":50},"end":{"line":54,"column":70}}]}},"s":{"0":11,"1":11,"2":11,"3":11,"4":11,"5":11,"6":11,"7":11,"8":11,"9":11,"10":11,"11":0,"12":11,"13":11,"14":0,"15":11,"16":11,"17":0,"18":11,"19":11,"20":11,"21":11,"22":0,"23":11,"24":11,"25":11,"26":11,"27":0},"f":{},"b":{"0":[11,11],"1":[11,0],"2":[11,0],"3":[0,11],"4":[11,11],"5":[0,11],"6":[0,11],"7":[0,11],"8":[11,11,11],"9":[0,11],"10":[11,11,11]}}
,"C:\\Users\\alonp\\OneDrive\\Desktop\\svg-saas\\server\\src\\config\\passport.ts": {"path":"C:\\Users\\alonp\\OneDrive\\Desktop\\svg-saas\\server\\src\\config\\passport.ts","statementMap":{"0":{"start":{"line":1,"column":0},"end":{"line":1,"column":31}},"1":{"start":{"line":2,"column":0},"end":{"line":2,"column":68}},"2":{"start":{"line":3,"column":0},"end":{"line":3,"column":61}},"3":{"start":{"line":4,"column":0},"end":{"line":4,"column":34}},"4":{"start":{"line":5,"column":0},"end":{"line":5,"column":null}},"5":{"start":{"line":13,"column":0},"end":{"line":13,"column":59}},"6":{"start":{"line":16,"column":0},"end":{"line":115,"column":null}},"7":{"start":{"line":24,"column":6},"end":{"line":112,"column":7}},"8":{"start":{"line":26,"column":25},"end":{"line":26,"column":35}},"9":{"start":{"line":27,"column":22},"end":{"line":27,"column":48}},"10":{"start":{"line":28,"column":21},"end":{"line":28,"column":40}},"11":{"start":{"line":29,"column":23},"end":{"line":29,"column":49}},"12":{"start":{"line":31,"column":8},"end":{"line":34,"column":9}},"13":{"start":{"line":32,"column":10},"end":{"line":32,"column":null}},"14":{"start":{"line":33,"column":10},"end":{"line":33,"column":null}},"15":{"start":{"line":36,"column":8},"end":{"line":41,"column":null}},"16":{"start":{"line":44,"column":19},"end":{"line":46,"column":10}},"17":{"start":{"line":48,"column":8},"end":{"line":103,"column":9}},"18":{"start":{"line":49,"column":10},"end":{"line":49,"column":null}},"19":{"start":{"line":52,"column":31},"end":{"line":54,"column":12}},"20":{"start":{"line":56,"column":10},"end":{"line":91,"column":11}},"21":{"start":{"line":57,"column":12},"end":{"line":57,"column":null}},"22":{"start":{"line":59,"column":12},"end":{"line":67,"column":null}},"23":{"start":{"line":69,"column":12},"end":{"line":69,"column":null}},"24":{"start":{"line":71,"column":12},"end":{"line":82,"column":null}},"25":{"start":{"line":85,"column":12},"end":{"line":90,"column":13}},"26":{"start":{"line":86,"column":14},"end":{"line":86,"column":null}},"27":{"start":{"line":87,"column":14},"end":{"line":87,"column":null}},"28":{"start":{"line":89,"column":14},"end":{"line":89,"column":null}},"29":{"start":{"line":93,"column":10},"end":{"line":93,"column":null}},"30":{"start":{"line":96,"column":10},"end":{"line":102,"column":11}},"31":{"start":{"line":97,"column":12},"end":{"line":97,"column":null}},"32":{"start":{"line":98,"column":12},"end":{"line":101,"column":null}},"33":{"start":{"line":105,"column":8},"end":{"line":105,"column":null}},"34":{"start":{"line":108,"column":8},"end":{"line":108,"column":null}},"35":{"start":{"line":110,"column":8},"end":{"line":110,"column":null}},"36":{"start":{"line":111,"column":8},"end":{"line":111,"column":null}},"37":{"start":{"line":117,"column":0},"end":{"line":199,"column":null}},"38":{"start":{"line":131,"column":6},"end":{"line":196,"column":7}},"39":{"start":{"line":132,"column":25},"end":{"line":132,"column":35}},"40":{"start":{"line":133,"column":22},"end":{"line":133,"column":48}},"41":{"start":{"line":134,"column":21},"end":{"line":134,"column":60}},"42":{"start":{"line":135,"column":23},"end":{"line":135,"column":49}},"43":{"start":{"line":137,"column":8},"end":{"line":140,"column":9}},"44":{"start":{"line":138,"column":10},"end":{"line":138,"column":null}},"45":{"start":{"line":139,"column":10},"end":{"line":139,"column":null}},"46":{"start":{"line":142,"column":8},"end":{"line":142,"column":null}},"47":{"start":{"line":144,"column":19},"end":{"line":146,"column":10}},"48":{"start":{"line":148,"column":8},"end":{"line":190,"column":9}},"49":{"start":{"line":149,"column":31},"end":{"line":151,"column":12}},"50":{"start":{"line":153,"column":10},"end":{"line":182,"column":11}},"51":{"start":{"line":154,"column":12},"end":{"line":162,"column":null}},"52":{"start":{"line":164,"column":12},"end":{"line":175,"column":null}},"53":{"start":{"line":177,"column":12},"end":{"line":181,"column":13}},"54":{"start":{"line":178,"column":14},"end":{"line":178,"column":null}},"55":{"start":{"line":180,"column":14},"end":{"line":180,"column":null}},"56":{"start":{"line":184,"column":10},"end":{"line":189,"column":11}},"57":{"start":{"line":185,"column":12},"end":{"line":188,"column":null}},"58":{"start":{"line":192,"column":8},"end":{"line":192,"column":null}},"59":{"start":{"line":194,"column":8},"end":{"line":194,"column":null}},"60":{"start":{"line":195,"column":8},"end":{"line":195,"column":null}},"61":{"start":{"line":201,"column":0},"end":{"line":201,"column":null}}},"fnMap":{"0":{"name":"(anonymous_1)","decl":{"start":{"line":23,"column":4},"end":{"line":23,"column":9}},"loc":{"start":{"line":23,"column":55},"end":{"line":113,"column":5}}},"1":{"name":"(anonymous_2)","decl":{"start":{"line":125,"column":4},"end":{"line":125,"column":9}},"loc":{"start":{"line":130,"column":8},"end":{"line":197,"column":5}}}},"branchMap":{"0":{"loc":{"start":{"line":27,"column":22},"end":{"line":27,"column":48}},"type":"cond-expr","locations":[{"start":{"line":27,"column":41},"end":{"line":27,"column":43}},{"start":{"line":27,"column":41},"end":{"line":27,"column":48}}]},"1":{"loc":{"start":{"line":27,"column":22},"end":{"line":27,"column":43}},"type":"binary-expr","locations":[{"start":{"line":27,"column":22},"end":{"line":27,"column":43}},{"start":{"line":27,"column":41},"end":{"line":27,"column":43}}]},"2":{"loc":{"start":{"line":27,"column":22},"end":{"line":27,"column":41}},"type":"cond-expr","locations":[{"start":{"line":27,"column":36},"end":{"line":27,"column":39}},{"start":{"line":27,"column":36},"end":{"line":27,"column":41}}]},"3":{"loc":{"start":{"line":27,"column":22},"end":{"line":27,"column":39}},"type":"binary-expr","locations":[{"start":{"line":27,"column":22},"end":{"line":27,"column":39}},{"start":{"line":27,"column":36},"end":{"line":27,"column":39}}]},"4":{"loc":{"start":{"line":29,"column":23},"end":{"line":29,"column":49}},"type":"cond-expr","locations":[{"start":{"line":29,"column":42},"end":{"line":29,"column":44}},{"start":{"line":29,"column":42},"end":{"line":29,"column":49}}]},"5":{"loc":{"start":{"line":29,"column":23},"end":{"line":29,"column":44}},"type":"binary-expr","locations":[{"start":{"line":29,"column":23},"end":{"line":29,"column":44}},{"start":{"line":29,"column":42},"end":{"line":29,"column":44}}]},"6":{"loc":{"start":{"line":29,"column":23},"end":{"line":29,"column":42}},"type":"cond-expr","locations":[{"start":{"line":29,"column":37},"end":{"line":29,"column":40}},{"start":{"line":29,"column":37},"end":{"line":29,"column":42}}]},"7":{"loc":{"start":{"line":29,"column":23},"end":{"line":29,"column":40}},"type":"binary-expr","locations":[{"start":{"line":29,"column":23},"end":{"line":29,"column":40}},{"start":{"line":29,"column":37},"end":{"line":29,"column":40}}]},"8":{"loc":{"start":{"line":31,"column":8},"end":{"line":34,"column":9}},"type":"if","locations":[{"start":{"line":31,"column":8},"end":{"line":34,"column":9}},{"start":{},"end":{}}]},"9":{"loc":{"start":{"line":48,"column":8},"end":{"line":103,"column":9}},"type":"if","locations":[{"start":{"line":48,"column":8},"end":{"line":103,"column":9}},{"start":{"line":92,"column":15},"end":{"line":103,"column":9}}]},"10":{"loc":{"start":{"line":56,"column":10},"end":{"line":91,"column":11}},"type":"if","locations":[{"start":{"line":56,"column":10},"end":{"line":91,"column":11}},{"start":{"line":68,"column":17},"end":{"line":91,"column":11}}]},"11":{"loc":{"start":{"line":64,"column":22},"end":{"line":64,"column":47}},"type":"binary-expr","locations":[{"start":{"line":64,"column":22},"end":{"line":64,"column":26}},{"start":{"line":64,"column":30},"end":{"line":64,"column":47}}]},"12":{"loc":{"start":{"line":65,"column":24},"end":{"line":65,"column":53}},"type":"binary-expr","locations":[{"start":{"line":65,"column":24},"end":{"line":65,"column":30}},{"start":{"line":65,"column":34},"end":{"line":65,"column":53}}]},"13":{"loc":{"start":{"line":86,"column":44},"end":{"line":86,"column":58}},"type":"binary-expr","locations":[{"start":{"line":86,"column":44},"end":{"line":86,"column":48}},{"start":{"line":86,"column":52},"end":{"line":86,"column":58}}]},"14":{"loc":{"start":{"line":96,"column":10},"end":{"line":102,"column":11}},"type":"if","locations":[{"start":{"line":96,"column":10},"end":{"line":102,"column":11}},{"start":{},"end":{}}]},"15":{"loc":{"start":{"line":96,"column":14},"end":{"line":96,"column":46}},"type":"binary-expr","locations":[{"start":{"line":96,"column":14},"end":{"line":96,"column":20}},{"start":{"line":96,"column":24},"end":{"line":96,"column":46}}]},"16":{"loc":{"start":{"line":133,"column":22},"end":{"line":133,"column":48}},"type":"cond-expr","locations":[{"start":{"line":133,"column":41},"end":{"line":133,"column":43}},{"start":{"line":133,"column":41},"end":{"line":133,"column":48}}]},"17":{"loc":{"start":{"line":133,"column":22},"end":{"line":133,"column":43}},"type":"binary-expr","locations":[{"start":{"line":133,"column":22},"end":{"line":133,"column":43}},{"start":{"line":133,"column":41},"end":{"line":133,"column":43}}]},"18":{"loc":{"start":{"line":133,"column":22},"end":{"line":133,"column":41}},"type":"cond-expr","locations":[{"start":{"line":133,"column":36},"end":{"line":133,"column":39}},{"start":{"line":133,"column":36},"end":{"line":133,"column":41}}]},"19":{"loc":{"start":{"line":133,"column":22},"end":{"line":133,"column":39}},"type":"binary-expr","locations":[{"start":{"line":133,"column":22},"end":{"line":133,"column":39}},{"start":{"line":133,"column":36},"end":{"line":133,"column":39}}]},"20":{"loc":{"start":{"line":134,"column":21},"end":{"line":134,"column":60}},"type":"binary-expr","locations":[{"start":{"line":134,"column":21},"end":{"line":134,"column":40}},{"start":{"line":134,"column":44},"end":{"line":134,"column":60}}]},"21":{"loc":{"start":{"line":135,"column":23},"end":{"line":135,"column":49}},"type":"cond-expr","locations":[{"start":{"line":135,"column":42},"end":{"line":135,"column":44}},{"start":{"line":135,"column":42},"end":{"line":135,"column":49}}]},"22":{"loc":{"start":{"line":135,"column":23},"end":{"line":135,"column":44}},"type":"binary-expr","locations":[{"start":{"line":135,"column":23},"end":{"line":135,"column":44}},{"start":{"line":135,"column":42},"end":{"line":135,"column":44}}]},"23":{"loc":{"start":{"line":135,"column":23},"end":{"line":135,"column":42}},"type":"cond-expr","locations":[{"start":{"line":135,"column":37},"end":{"line":135,"column":40}},{"start":{"line":135,"column":37},"end":{"line":135,"column":42}}]},"24":{"loc":{"start":{"line":135,"column":23},"end":{"line":135,"column":40}},"type":"binary-expr","locations":[{"start":{"line":135,"column":23},"end":{"line":135,"column":40}},{"start":{"line":135,"column":37},"end":{"line":135,"column":40}}]},"25":{"loc":{"start":{"line":137,"column":8},"end":{"line":140,"column":9}},"type":"if","locations":[{"start":{"line":137,"column":8},"end":{"line":140,"column":9}},{"start":{},"end":{}}]},"26":{"loc":{"start":{"line":148,"column":8},"end":{"line":190,"column":9}},"type":"if","locations":[{"start":{"line":148,"column":8},"end":{"line":190,"column":9}},{"start":{"line":183,"column":15},"end":{"line":190,"column":9}}]},"27":{"loc":{"start":{"line":153,"column":10},"end":{"line":182,"column":11}},"type":"if","locations":[{"start":{"line":153,"column":10},"end":{"line":182,"column":11}},{"start":{"line":163,"column":17},"end":{"line":182,"column":11}}]},"28":{"loc":{"start":{"line":159,"column":22},"end":{"line":159,"column":47}},"type":"binary-expr","locations":[{"start":{"line":159,"column":22},"end":{"line":159,"column":26}},{"start":{"line":159,"column":30},"end":{"line":159,"column":47}}]},"29":{"loc":{"start":{"line":160,"column":24},"end":{"line":160,"column":53}},"type":"binary-expr","locations":[{"start":{"line":160,"column":24},"end":{"line":160,"column":30}},{"start":{"line":160,"column":34},"end":{"line":160,"column":53}}]},"30":{"loc":{"start":{"line":178,"column":44},"end":{"line":178,"column":58}},"type":"binary-expr","locations":[{"start":{"line":178,"column":44},"end":{"line":178,"column":48}},{"start":{"line":178,"column":52},"end":{"line":178,"column":58}}]},"31":{"loc":{"start":{"line":184,"column":10},"end":{"line":189,"column":11}},"type":"if","locations":[{"start":{"line":184,"column":10},"end":{"line":189,"column":11}},{"start":{},"end":{}}]},"32":{"loc":{"start":{"line":184,"column":14},"end":{"line":184,"column":46}},"type":"binary-expr","locations":[{"start":{"line":184,"column":14},"end":{"line":184,"column":20}},{"start":{"line":184,"column":24},"end":{"line":184,"column":46}}]}},"s":{"0":8,"1":8,"2":8,"3":8,"4":8,"5":8,"6":8,"7":0,"8":0,"9":0,"10":0,"11":0,"12":0,"13":0,"14":0,"15":0,"16":0,"17":0,"18":0,"19":0,"20":0,"21":0,"22":0,"23":0,"24":0,"25":0,"26":0,"27":0,"28":0,"29":0,"30":0,"31":0,"32":0,"33":0,"34":0,"35":0,"36":0,"37":8,"38":0,"39":0,"40":0,"41":0,"42":0,"43":0,"44":0,"45":0,"46":0,"47":0,"48":0,"49":0,"50":0,"51":0,"52":0,"53":0,"54":0,"55":0,"56":0,"57":0,"58":0,"59":0,"60":0,"61":8},"f":{"0":0,"1":0},"b":{"0":[0,0],"1":[0,0],"2":[0,0],"3":[0,0],"4":[0,0],"5":[0,0],"6":[0,0],"7":[0,0],"8":[0,0],"9":[0,0],"10":[0,0],"11":[0,0],"12":[0,0],"13":[0,0],"14":[0,0],"15":[0,0],"16":[0,0],"17":[0,0],"18":[0,0],"19":[0,0],"20":[0,0],"21":[0,0],"22":[0,0],"23":[0,0],"24":[0,0],"25":[0,0],"26":[0,0],"27":[0,0],"28":[0,0],"29":[0,0],"30":[0,0],"31":[0,0],"32":[0,0]}}
,"C:\\Users\\alonp\\OneDrive\\Desktop\\svg-saas\\server\\src\\constants\\models.ts": {"path":"C:\\Users\\alonp\\OneDrive\\Desktop\\svg-saas\\server\\src\\constants\\models.ts","statementMap":{"0":{"start":{"line":3,"column":13},"end":{"line":3,"column":null}},"1":{"start":{"line":7,"column":13},"end":{"line":7,"column":null}}},"fnMap":{},"branchMap":{},"s":{"0":1,"1":1},"f":{},"b":{}}
,"C:\\Users\\alonp\\OneDrive\\Desktop\\svg-saas\\server\\src\\constants\\svgStyles.ts": {"path":"C:\\Users\\alonp\\OneDrive\\Desktop\\svg-saas\\server\\src\\constants\\svgStyles.ts","statementMap":{"0":{"start":{"line":3,"column":13},"end":{"line":13,"column":null}}},"fnMap":{},"branchMap":{},"s":{"0":1},"f":{},"b":{}}
,"C:\\Users\\alonp\\OneDrive\\Desktop\\svg-saas\\server\\src\\constants\\tokenExpiry.ts": {"path":"C:\\Users\\alonp\\OneDrive\\Desktop\\svg-saas\\server\\src\\constants\\tokenExpiry.ts","statementMap":{"0":{"start":{"line":1,"column":13},"end":{"line":1,"column":41}},"1":{"start":{"line":2,"column":13},"end":{"line":2,"column":41}},"2":{"start":{"line":3,"column":13},"end":{"line":3,"column":43}},"3":{"start":{"line":4,"column":13},"end":{"line":4,"column":48}}},"fnMap":{},"branchMap":{},"s":{"0":8,"1":8,"2":8,"3":8},"f":{},"b":{}}
,"C:\\Users\\alonp\\OneDrive\\Desktop\\svg-saas\\server\\src\\lib\\prisma.ts": {"path":"C:\\Users\\alonp\\OneDrive\\Desktop\\svg-saas\\server\\src\\lib\\prisma.ts","statementMap":{"0":{"start":{"line":1,"column":0},"end":{"line":1,"column":45}},"1":{"start":{"line":3,"column":15},"end":{"line":3,"column":33}},"2":{"start":{"line":5,"column":0},"end":{"line":5,"column":null}}},"fnMap":{},"branchMap":{},"s":{"0":3,"1":3,"2":3},"f":{},"b":{}}
,"C:\\Users\\alonp\\OneDrive\\Desktop\\svg-saas\\server\\src\\middleware\\auth.ts": {"path":"C:\\Users\\alonp\\OneDrive\\Desktop\\svg-saas\\server\\src\\middleware\\auth.ts","statementMap":{"0":{"start":{"line":2,"column":0},"end":{"line":2,"column":30}},"1":{"start":{"line":3,"column":0},"end":{"line":3,"column":42}},"2":{"start":{"line":6,"column":30},"end":{"line":37,"column":1}},"3":{"start":{"line":11,"column":2},"end":{"line":36,"column":3}},"4":{"start":{"line":12,"column":16},"end":{"line":12,"column":34}},"5":{"start":{"line":14,"column":4},"end":{"line":19,"column":5}},"6":{"start":{"line":15,"column":25},"end":{"line":15,"column":50}},"7":{"start":{"line":16,"column":6},"end":{"line":18,"column":7}},"8":{"start":{"line":17,"column":8},"end":{"line":17,"column":null}},"9":{"start":{"line":21,"column":4},"end":{"line":23,"column":5}},"10":{"start":{"line":22,"column":6},"end":{"line":22,"column":null}},"11":{"start":{"line":25,"column":20},"end":{"line":25,"column":63}},"12":{"start":{"line":26,"column":4},"end":{"line":26,"column":null}},"13":{"start":{"line":27,"column":4},"end":{"line":27,"column":null}},"14":{"start":{"line":29,"column":4},"end":{"line":31,"column":5}},"15":{"start":{"line":30,"column":6},"end":{"line":30,"column":null}},"16":{"start":{"line":32,"column":4},"end":{"line":34,"column":5}},"17":{"start":{"line":33,"column":6},"end":{"line":33,"column":null}},"18":{"start":{"line":35,"column":4},"end":{"line":35,"column":null}},"19":{"start":{"line":6,"column":13},"end":{"line":6,"column":30}},"20":{"start":{"line":39,"column":38},"end":{"line":61,"column":1}},"21":{"start":{"line":44,"column":2},"end":{"line":60,"column":3}},"22":{"start":{"line":45,"column":16},"end":{"line":45,"column":34}},"23":{"start":{"line":46,"column":4},"end":{"line":51,"column":5}},"24":{"start":{"line":47,"column":25},"end":{"line":47,"column":50}},"25":{"start":{"line":48,"column":6},"end":{"line":50,"column":7}},"26":{"start":{"line":49,"column":8},"end":{"line":49,"column":null}},"27":{"start":{"line":53,"column":4},"end":{"line":56,"column":5}},"28":{"start":{"line":54,"column":22},"end":{"line":54,"column":65}},"29":{"start":{"line":55,"column":6},"end":{"line":55,"column":null}},"30":{"start":{"line":57,"column":4},"end":{"line":57,"column":null}},"31":{"start":{"line":59,"column":4},"end":{"line":59,"column":null}},"32":{"start":{"line":39,"column":13},"end":{"line":39,"column":38}}},"fnMap":{"0":{"name":"(anonymous_1)","decl":{"start":{"line":6,"column":30},"end":{"line":6,"column":null}},"loc":{"start":{"line":10,"column":4},"end":{"line":37,"column":1}}},"1":{"name":"(anonymous_2)","decl":{"start":{"line":39,"column":38},"end":{"line":39,"column":null}},"loc":{"start":{"line":43,"column":4},"end":{"line":61,"column":1}}}},"branchMap":{"0":{"loc":{"start":{"line":12,"column":16},"end":{"line":12,"column":34}},"type":"cond-expr","locations":[{"start":{"line":12,"column":27},"end":{"line":12,"column":29}},{"start":{"line":12,"column":27},"end":{"line":12,"column":34}}]},"1":{"loc":{"start":{"line":12,"column":16},"end":{"line":12,"column":29}},"type":"binary-expr","locations":[{"start":{"line":12,"column":16},"end":{"line":12,"column":29}},{"start":{"line":12,"column":27},"end":{"line":12,"column":29}}]},"2":{"loc":{"start":{"line":14,"column":4},"end":{"line":19,"column":5}},"type":"if","locations":[{"start":{"line":14,"column":4},"end":{"line":19,"column":5}},{"start":{},"end":{}}]},"3":{"loc":{"start":{"line":16,"column":6},"end":{"line":18,"column":7}},"type":"if","locations":[{"start":{"line":16,"column":6},"end":{"line":18,"column":7}},{"start":{},"end":{}}]},"4":{"loc":{"start":{"line":16,"column":10},"end":{"line":16,"column":43}},"type":"cond-expr","locations":[{"start":{"line":16,"column":20},"end":{"line":16,"column":22}},{"start":{"line":16,"column":10},"end":{"line":16,"column":43}}]},"5":{"loc":{"start":{"line":16,"column":10},"end":{"line":16,"column":22}},"type":"binary-expr","locations":[{"start":{"line":16,"column":10},"end":{"line":16,"column":22}},{"start":{"line":16,"column":10},"end":{"line":16,"column":22}}]},"6":{"loc":{"start":{"line":21,"column":4},"end":{"line":23,"column":5}},"type":"if","locations":[{"start":{"line":21,"column":4},"end":{"line":23,"column":5}},{"start":{},"end":{}}]},"7":{"loc":{"start":{"line":29,"column":4},"end":{"line":31,"column":5}},"type":"if","locations":[{"start":{"line":29,"column":4},"end":{"line":31,"column":5}},{"start":{},"end":{}}]},"8":{"loc":{"start":{"line":32,"column":4},"end":{"line":34,"column":5}},"type":"if","locations":[{"start":{"line":32,"column":4},"end":{"line":34,"column":5}},{"start":{},"end":{}}]},"9":{"loc":{"start":{"line":45,"column":16},"end":{"line":45,"column":34}},"type":"cond-expr","locations":[{"start":{"line":45,"column":27},"end":{"line":45,"column":29}},{"start":{"line":45,"column":27},"end":{"line":45,"column":34}}]},"10":{"loc":{"start":{"line":45,"column":16},"end":{"line":45,"column":29}},"type":"binary-expr","locations":[{"start":{"line":45,"column":16},"end":{"line":45,"column":29}},{"start":{"line":45,"column":27},"end":{"line":45,"column":29}}]},"11":{"loc":{"start":{"line":46,"column":4},"end":{"line":51,"column":5}},"type":"if","locations":[{"start":{"line":46,"column":4},"end":{"line":51,"column":5}},{"start":{},"end":{}}]},"12":{"loc":{"start":{"line":48,"column":6},"end":{"line":50,"column":7}},"type":"if","locations":[{"start":{"line":48,"column":6},"end":{"line":50,"column":7}},{"start":{},"end":{}}]},"13":{"loc":{"start":{"line":48,"column":10},"end":{"line":48,"column":43}},"type":"cond-expr","locations":[{"start":{"line":48,"column":20},"end":{"line":48,"column":22}},{"start":{"line":48,"column":10},"end":{"line":48,"column":43}}]},"14":{"loc":{"start":{"line":48,"column":10},"end":{"line":48,"column":22}},"type":"binary-expr","locations":[{"start":{"line":48,"column":10},"end":{"line":48,"column":22}},{"start":{"line":48,"column":10},"end":{"line":48,"column":22}}]},"15":{"loc":{"start":{"line":53,"column":4},"end":{"line":56,"column":5}},"type":"if","locations":[{"start":{"line":53,"column":4},"end":{"line":56,"column":5}},{"start":{},"end":{}}]}},"s":{"0":6,"1":6,"2":6,"3":0,"4":0,"5":0,"6":0,"7":0,"8":0,"9":0,"10":0,"11":0,"12":0,"13":0,"14":0,"15":0,"16":0,"17":0,"18":0,"19":6,"20":6,"21":0,"22":0,"23":0,"24":0,"25":0,"26":0,"27":0,"28":0,"29":0,"30":0,"31":0,"32":6},"f":{"0":0,"1":0},"b":{"0":[0,0],"1":[0,0],"2":[0,0],"3":[0,0],"4":[0,0],"5":[0,0],"6":[0,0],"7":[0,0],"8":[0,0],"9":[0,0],"10":[0,0],"11":[0,0],"12":[0,0],"13":[0,0],"14":[0,0],"15":[0,0]}}
,"C:\\Users\\alonp\\OneDrive\\Desktop\\svg-saas\\server\\src\\middleware\\dailyLimit.ts": {"path":"C:\\Users\\alonp\\OneDrive\\Desktop\\svg-saas\\server\\src\\middleware\\dailyLimit.ts","statementMap":{"0":{"start":{"line":2,"column":0},"end":{"line":2,"column":34}},"1":{"start":{"line":3,"column":0},"end":{"line":3,"column":50}},"2":{"start":{"line":4,"column":0},"end":{"line":4,"column":39}},"3":{"start":{"line":9,"column":36},"end":{"line":47,"column":1}},"4":{"start":{"line":10,"column":2},"end":{"line":12,"column":3}},"5":{"start":{"line":11,"column":4},"end":{"line":11,"column":null}},"6":{"start":{"line":11,"column":64},"end":{"line":11,"column":70}},"7":{"start":{"line":13,"column":2},"end":{"line":46,"column":null}},"8":{"start":{"line":14,"column":4},"end":{"line":45,"column":5}},"9":{"start":{"line":15,"column":21},"end":{"line":15,"column":39}},"10":{"start":{"line":18,"column":20},"end":{"line":18,"column":30}},"11":{"start":{"line":19,"column":6},"end":{"line":19,"column":null}},"12":{"start":{"line":22,"column":31},"end":{"line":27,"column":8}},"13":{"start":{"line":30,"column":6},"end":{"line":36,"column":7}},"14":{"start":{"line":31,"column":8},"end":{"line":35,"column":null}},"15":{"start":{"line":39,"column":6},"end":{"line":39,"column":null}},"16":{"start":{"line":41,"column":6},"end":{"line":41,"column":null}},"17":{"start":{"line":43,"column":6},"end":{"line":43,"column":null}},"18":{"start":{"line":44,"column":6},"end":{"line":44,"column":null}},"19":{"start":{"line":9,"column":13},"end":{"line":9,"column":36}}},"fnMap":{"0":{"name":"(anonymous_1)","decl":{"start":{"line":9,"column":36},"end":{"line":9,"column":37}},"loc":{"start":{"line":9,"column":68},"end":{"line":47,"column":1}}},"1":{"name":"(anonymous_2)","decl":{"start":{"line":11,"column":11},"end":{"line":11,"column":12}},"loc":{"start":{"line":11,"column":64},"end":{"line":11,"column":70}}},"2":{"name":"(anonymous_3)","decl":{"start":{"line":13,"column":9},"end":{"line":13,"column":14}},"loc":{"start":{"line":13,"column":67},"end":{"line":46,"column":3}}}},"branchMap":{"0":{"loc":{"start":{"line":9,"column":37},"end":{"line":9,"column":64}},"type":"default-arg","locations":[{"start":{"line":9,"column":62},"end":{"line":9,"column":64}}]},"1":{"loc":{"start":{"line":10,"column":2},"end":{"line":12,"column":3}},"type":"if","locations":[{"start":{"line":10,"column":2},"end":{"line":12,"column":3}},{"start":{},"end":{}}]},"2":{"loc":{"start":{"line":30,"column":6},"end":{"line":36,"column":7}},"type":"if","locations":[{"start":{"line":30,"column":6},"end":{"line":36,"column":7}},{"start":{},"end":{}}]}},"s":{"0":1,"1":1,"2":1,"3":1,"4":1,"5":1,"6":7,"7":0,"8":0,"9":0,"10":0,"11":0,"12":0,"13":0,"14":0,"15":0,"16":0,"17":0,"18":0,"19":1},"f":{"0":1,"1":7,"2":0},"b":{"0":[0],"1":[1,0],"2":[0,0]}}
,"C:\\Users\\alonp\\OneDrive\\Desktop\\svg-saas\\server\\src\\middleware\\rateLimiter.ts": {"path":"C:\\Users\\alonp\\OneDrive\\Desktop\\svg-saas\\server\\src\\middleware\\rateLimiter.ts","statementMap":{"0":{"start":{"line":1,"column":0},"end":{"line":1,"column":42}},"1":{"start":{"line":3,"column":0},"end":{"line":3,"column":39}},"2":{"start":{"line":6,"column":33},"end":{"line":21,"column":1}},"3":{"start":{"line":11,"column":2},"end":{"line":13,"column":3}},"4":{"start":{"line":12,"column":4},"end":{"line":12,"column":null}},"5":{"start":{"line":12,"column":64},"end":{"line":12,"column":70}},"6":{"start":{"line":14,"column":2},"end":{"line":20,"column":null}},"7":{"start":{"line":6,"column":13},"end":{"line":6,"column":33}},"8":{"start":{"line":24,"column":13},"end":{"line":28,"column":null}},"9":{"start":{"line":31,"column":13},"end":{"line":35,"column":null}},"10":{"start":{"line":38,"column":13},"end":{"line":42,"column":null}},"11":{"start":{"line":45,"column":13},"end":{"line":49,"column":null}}},"fnMap":{"0":{"name":"(anonymous_1)","decl":{"start":{"line":6,"column":33},"end":{"line":6,"column":null}},"loc":{"start":{"line":10,"column":4},"end":{"line":21,"column":1}}},"1":{"name":"(anonymous_2)","decl":{"start":{"line":12,"column":11},"end":{"line":12,"column":12}},"loc":{"start":{"line":12,"column":64},"end":{"line":12,"column":70}}}},"branchMap":{"0":{"loc":{"start":{"line":11,"column":2},"end":{"line":13,"column":3}},"type":"if","locations":[{"start":{"line":11,"column":2},"end":{"line":13,"column":3}},{"start":{},"end":{}}]}},"s":{"0":5,"1":5,"2":5,"3":20,"4":20,"5":7,"6":0,"7":5,"8":5,"9":5,"10":5,"11":5},"f":{"0":20,"1":7},"b":{"0":[20,0]}}
,"C:\\Users\\alonp\\OneDrive\\Desktop\\svg-saas\\server\\src\\routes\\auth.routes.ts": {"path":"C:\\Users\\alonp\\OneDrive\\Desktop\\svg-saas\\server\\src\\routes\\auth.routes.ts","statementMap":{"0":{"start":{"line":1,"column":0},"end":{"line":1,"column":51}},"1":{"start":{"line":2,"column":0},"end":{"line":2,"column":34}},"2":{"start":{"line":3,"column":0},"end":{"line":3,"column":27}},"3":{"start":{"line":4,"column":0},"end":{"line":4,"column":30}},"4":{"start":{"line":5,"column":0},"end":{"line":5,"column":71}},"5":{"start":{"line":6,"column":0},"end":{"line":6,"column":51}},"6":{"start":{"line":8,"column":0},"end":{"line":8,"column":null}},"7":{"start":{"line":12,"column":0},"end":{"line":12,"column":null}},"8":{"start":{"line":16,"column":0},"end":{"line":16,"column":78}},"9":{"start":{"line":17,"column":0},"end":{"line":17,"column":46}},"10":{"start":{"line":18,"column":0},"end":{"line":18,"column":41}},"11":{"start":{"line":19,"column":0},"end":{"line":19,"column":50}},"12":{"start":{"line":20,"column":0},"end":{"line":20,"column":54}},"13":{"start":{"line":21,"column":0},"end":{"line":21,"column":null}},"14":{"start":{"line":26,"column":0},"end":{"line":26,"column":null}},"15":{"start":{"line":30,"column":0},"end":{"line":30,"column":null}},"16":{"start":{"line":36,"column":0},"end":{"line":36,"column":null}},"17":{"start":{"line":43,"column":15},"end":{"line":43,"column":23}},"18":{"start":{"line":46,"column":0},"end":{"line":130,"column":null}},"19":{"start":{"line":47,"column":2},"end":{"line":129,"column":3}},"20":{"start":{"line":48,"column":51},"end":{"line":48,"column":59}},"21":{"start":{"line":50,"column":4},"end":{"line":50,"column":null}},"22":{"start":{"line":51,"column":4},"end":{"line":51,"column":null}},"23":{"start":{"line":54,"column":23},"end":{"line":54,"column":43}},"24":{"start":{"line":55,"column":4},"end":{"line":57,"column":5}},"25":{"start":{"line":56,"column":6},"end":{"line":56,"column":null}},"26":{"start":{"line":59,"column":26},"end":{"line":59,"column":52}},"27":{"start":{"line":60,"column":4},"end":{"line":62,"column":5}},"28":{"start":{"line":61,"column":6},"end":{"line":61,"column":null}},"29":{"start":{"line":64,"column":22},"end":{"line":64,"column":40}},"30":{"start":{"line":65,"column":4},"end":{"line":67,"column":5}},"31":{"start":{"line":66,"column":6},"end":{"line":66,"column":null}},"32":{"start":{"line":68,"column":4},"end":{"line":73,"column":5}},"33":{"start":{"line":69,"column":6},"end":{"line":72,"column":null}},"34":{"start":{"line":76,"column":25},"end":{"line":78,"column":6}},"35":{"start":{"line":79,"column":4},"end":{"line":83,"column":5}},"36":{"start":{"line":80,"column":6},"end":{"line":82,"column":null}},"37":{"start":{"line":86,"column":27},"end":{"line":86,"column":58}},"38":{"start":{"line":87,"column":17},"end":{"line":96,"column":6}},"39":{"start":{"line":98,"column":24},"end":{"line":100,"column":6}},"40":{"start":{"line":103,"column":27},"end":{"line":107,"column":null}},"41":{"start":{"line":111,"column":4},"end":{"line":111,"column":null}},"42":{"start":{"line":114,"column":4},"end":{"line":114,"column":null}},"43":{"start":{"line":115,"column":4},"end":{"line":115,"column":null}},"44":{"start":{"line":117,"column":4},"end":{"line":125,"column":null}},"45":{"start":{"line":127,"column":4},"end":{"line":127,"column":null}},"46":{"start":{"line":128,"column":4},"end":{"line":128,"column":null}},"47":{"start":{"line":133,"column":0},"end":{"line":195,"column":null}},"48":{"start":{"line":134,"column":2},"end":{"line":194,"column":3}},"49":{"start":{"line":135,"column":42},"end":{"line":135,"column":50}},"50":{"start":{"line":136,"column":4},"end":{"line":136,"column":null}},"51":{"start":{"line":139,"column":23},"end":{"line":139,"column":43}},"52":{"start":{"line":140,"column":4},"end":{"line":142,"column":5}},"53":{"start":{"line":141,"column":6},"end":{"line":141,"column":null}},"54":{"start":{"line":144,"column":26},"end":{"line":144,"column":52}},"55":{"start":{"line":145,"column":4},"end":{"line":147,"column":5}},"56":{"start":{"line":146,"column":6},"end":{"line":146,"column":null}},"57":{"start":{"line":149,"column":17},"end":{"line":160,"column":6}},"58":{"start":{"line":162,"column":4},"end":{"line":164,"column":5}},"59":{"start":{"line":163,"column":6},"end":{"line":163,"column":null}},"60":{"start":{"line":166,"column":20},"end":{"line":166,"column":70}},"61":{"start":{"line":167,"column":4},"end":{"line":169,"column":5}},"62":{"start":{"line":168,"column":6},"end":{"line":168,"column":null}},"63":{"start":{"line":172,"column":24},"end":{"line":174,"column":6}},"64":{"start":{"line":177,"column":23},"end":{"line":177,"column":66}},"65":{"start":{"line":178,"column":27},"end":{"line":182,"column":null}},"66":{"start":{"line":186,"column":4},"end":{"line":186,"column":null}},"67":{"start":{"line":187,"column":4},"end":{"line":187,"column":null}},"68":{"start":{"line":189,"column":42},"end":{"line":189,"column":46}},"69":{"start":{"line":190,"column":4},"end":{"line":190,"column":null}},"70":{"start":{"line":192,"column":4},"end":{"line":192,"column":null}},"71":{"start":{"line":193,"column":4},"end":{"line":193,"column":null}},"72":{"start":{"line":198,"column":0},"end":{"line":217,"column":null}},"73":{"start":{"line":199,"column":2},"end":{"line":216,"column":3}},"74":{"start":{"line":200,"column":25},"end":{"line":200,"column":49}},"75":{"start":{"line":203,"column":4},"end":{"line":205,"column":5}},"76":{"start":{"line":204,"column":6},"end":{"line":204,"column":null}},"77":{"start":{"line":208,"column":4},"end":{"line":208,"column":null}},"78":{"start":{"line":210,"column":4},"end":{"line":210,"column":null}},"79":{"start":{"line":212,"column":4},"end":{"line":212,"column":null}},"80":{"start":{"line":214,"column":4},"end":{"line":214,"column":null}},"81":{"start":{"line":215,"column":4},"end":{"line":215,"column":null}},"82":{"start":{"line":220,"column":0},"end":{"line":267,"column":null}},"83":{"start":{"line":221,"column":2},"end":{"line":221,"column":null}},"84":{"start":{"line":222,"column":2},"end":{"line":229,"column":null}},"85":{"start":{"line":230,"column":2},"end":{"line":266,"column":3}},"86":{"start":{"line":231,"column":28},"end":{"line":231,"column":52}},"87":{"start":{"line":232,"column":4},"end":{"line":233,"column":null}},"88":{"start":{"line":233,"column":6},"end":{"line":233,"column":null}},"89":{"start":{"line":235,"column":20},"end":{"line":239,"column":null}},"90":{"start":{"line":242,"column":4},"end":{"line":248,"column":5}},"91":{"start":{"line":243,"column":6},"end":{"line":246,"column":7}},"92":{"start":{"line":244,"column":8},"end":{"line":244,"column":null}},"93":{"start":{"line":247,"column":6},"end":{"line":247,"column":null}},"94":{"start":{"line":250,"column":38},"end":{"line":250,"column":45}},"95":{"start":{"line":252,"column":27},"end":{"line":254,"column":6}},"96":{"start":{"line":257,"column":4},"end":{"line":257,"column":null}},"97":{"start":{"line":258,"column":4},"end":{"line":258,"column":null}},"98":{"start":{"line":259,"column":4},"end":{"line":259,"column":null}},"99":{"start":{"line":261,"column":4},"end":{"line":261,"column":null}},"100":{"start":{"line":263,"column":4},"end":{"line":263,"column":null}},"101":{"start":{"line":264,"column":4},"end":{"line":264,"column":null}},"102":{"start":{"line":265,"column":4},"end":{"line":265,"column":null}},"103":{"start":{"line":270,"column":0},"end":{"line":285,"column":null}},"104":{"start":{"line":271,"column":17},"end":{"line":271,"column":35}},"105":{"start":{"line":273,"column":19},"end":{"line":282,"column":4}},"106":{"start":{"line":284,"column":2},"end":{"line":284,"column":null}},"107":{"start":{"line":288,"column":0},"end":{"line":297,"column":null}},"108":{"start":{"line":289,"column":17},"end":{"line":289,"column":35}},"109":{"start":{"line":290,"column":17},"end":{"line":290,"column":27}},"110":{"start":{"line":292,"column":2},"end":{"line":294,"column":null}},"111":{"start":{"line":296,"column":2},"end":{"line":296,"column":null}},"112":{"start":{"line":300,"column":0},"end":{"line":326,"column":null}},"113":{"start":{"line":304,"column":19},"end":{"line":304,"column":37}},"114":{"start":{"line":305,"column":4},"end":{"line":307,"column":5}},"115":{"start":{"line":306,"column":6},"end":{"line":306,"column":null}},"116":{"start":{"line":308,"column":17},"end":{"line":310,"column":6}},"117":{"start":{"line":312,"column":4},"end":{"line":314,"column":5}},"118":{"start":{"line":313,"column":6},"end":{"line":313,"column":null}},"119":{"start":{"line":316,"column":21},"end":{"line":322,"column":null}},"120":{"start":{"line":324,"column":4},"end":{"line":324,"column":null}},"121":{"start":{"line":329,"column":0},"end":{"line":369,"column":null}},"122":{"start":{"line":333,"column":4},"end":{"line":367,"column":5}},"123":{"start":{"line":334,"column":22},"end":{"line":334,"column":30}},"124":{"start":{"line":335,"column":6},"end":{"line":335,"column":null}},"125":{"start":{"line":338,"column":25},"end":{"line":338,"column":45}},"126":{"start":{"line":339,"column":6},"end":{"line":341,"column":7}},"127":{"start":{"line":340,"column":8},"end":{"line":340,"column":null}},"128":{"start":{"line":342,"column":19},"end":{"line":342,"column":69}},"129":{"start":{"line":343,"column":6},"end":{"line":348,"column":7}},"130":{"start":{"line":344,"column":8},"end":{"line":344,"column":null}},"131":{"start":{"line":345,"column":8},"end":{"line":347,"column":null}},"132":{"start":{"line":351,"column":8},"end":{"line":351,"column":34}},"133":{"start":{"line":352,"column":6},"end":{"line":358,"column":null}},"134":{"start":{"line":359,"column":6},"end":{"line":359,"column":null}},"135":{"start":{"line":360,"column":6},"end":{"line":360,"column":null}},"136":{"start":{"line":361,"column":6},"end":{"line":363,"column":null}},"137":{"start":{"line":365,"column":6},"end":{"line":365,"column":null}},"138":{"start":{"line":366,"column":6},"end":{"line":366,"column":null}},"139":{"start":{"line":372,"column":0},"end":{"line":421,"column":null}},"140":{"start":{"line":376,"column":4},"end":{"line":419,"column":5}},"141":{"start":{"line":377,"column":49},"end":{"line":377,"column":57}},"142":{"start":{"line":379,"column":6},"end":{"line":381,"column":7}},"143":{"start":{"line":380,"column":8},"end":{"line":380,"column":null}},"144":{"start":{"line":384,"column":28},"end":{"line":384,"column":57}},"145":{"start":{"line":385,"column":6},"end":{"line":387,"column":7}},"146":{"start":{"line":386,"column":8},"end":{"line":386,"column":null}},"147":{"start":{"line":388,"column":26},"end":{"line":388,"column":52}},"148":{"start":{"line":389,"column":19},"end":{"line":394,"column":8}},"149":{"start":{"line":396,"column":6},"end":{"line":398,"column":7}},"150":{"start":{"line":397,"column":8},"end":{"line":397,"column":null}},"151":{"start":{"line":400,"column":29},"end":{"line":400,"column":63}},"152":{"start":{"line":401,"column":6},"end":{"line":408,"column":null}},"153":{"start":{"line":411,"column":6},"end":{"line":411,"column":null}},"154":{"start":{"line":413,"column":6},"end":{"line":415,"column":null}},"155":{"start":{"line":417,"column":6},"end":{"line":417,"column":null}},"156":{"start":{"line":418,"column":6},"end":{"line":418,"column":null}},"157":{"start":{"line":424,"column":0},"end":{"line":437,"column":null}},"158":{"start":{"line":425,"column":23},"end":{"line":425,"column":62}},"159":{"start":{"line":428,"column":16},"end":{"line":430,"column":22}},"160":{"start":{"line":433,"column":2},"end":{"line":436,"column":null}},"161":{"start":{"line":439,"column":0},"end":{"line":499,"column":null}},"162":{"start":{"line":446,"column":4},"end":{"line":497,"column":5}},"163":{"start":{"line":447,"column":6},"end":{"line":449,"column":7}},"164":{"start":{"line":448,"column":8},"end":{"line":448,"column":null}},"165":{"start":{"line":451,"column":19},"end":{"line":451,"column":41}},"166":{"start":{"line":453,"column":6},"end":{"line":455,"column":7}},"167":{"start":{"line":454,"column":8},"end":{"line":454,"column":null}},"168":{"start":{"line":458,"column":26},"end":{"line":460,"column":8}},"169":{"start":{"line":463,"column":29},"end":{"line":467,"column":null}},"170":{"start":{"line":471,"column":6},"end":{"line":471,"column":null}},"171":{"start":{"line":472,"column":6},"end":{"line":472,"column":null}},"172":{"start":{"line":475,"column":20},"end":{"line":475,"column":45}},"173":{"start":{"line":476,"column":24},"end":{"line":476,"column":27}},"174":{"start":{"line":478,"column":6},"end":{"line":491,"column":7}},"175":{"start":{"line":479,"column":8},"end":{"line":490,"column":9}},"176":{"start":{"line":480,"column":26},"end":{"line":480,"column":77}},"177":{"start":{"line":482,"column":27},"end":{"line":482,"column":64}},"178":{"start":{"line":483,"column":10},"end":{"line":487,"column":11}},"179":{"start":{"line":486,"column":12},"end":{"line":486,"column":null}},"180":{"start":{"line":489,"column":10},"end":{"line":489,"column":null}},"181":{"start":{"line":493,"column":6},"end":{"line":493,"column":null}},"182":{"start":{"line":495,"column":6},"end":{"line":495,"column":null}},"183":{"start":{"line":496,"column":6},"end":{"line":496,"column":null}},"184":{"start":{"line":502,"column":0},"end":{"line":515,"column":null}},"185":{"start":{"line":503,"column":23},"end":{"line":503,"column":62}},"186":{"start":{"line":506,"column":16},"end":{"line":508,"column":22}},"187":{"start":{"line":511,"column":2},"end":{"line":514,"column":null}},"188":{"start":{"line":517,"column":0},"end":{"line":577,"column":null}},"189":{"start":{"line":524,"column":4},"end":{"line":575,"column":5}},"190":{"start":{"line":525,"column":6},"end":{"line":527,"column":7}},"191":{"start":{"line":526,"column":8},"end":{"line":526,"column":null}},"192":{"start":{"line":529,"column":19},"end":{"line":529,"column":41}},"193":{"start":{"line":531,"column":6},"end":{"line":533,"column":7}},"194":{"start":{"line":532,"column":8},"end":{"line":532,"column":null}},"195":{"start":{"line":536,"column":26},"end":{"line":538,"column":8}},"196":{"start":{"line":541,"column":29},"end":{"line":545,"column":null}},"197":{"start":{"line":549,"column":6},"end":{"line":549,"column":null}},"198":{"start":{"line":550,"column":6},"end":{"line":550,"column":null}},"199":{"start":{"line":553,"column":20},"end":{"line":553,"column":45}},"200":{"start":{"line":554,"column":24},"end":{"line":554,"column":27}},"201":{"start":{"line":556,"column":6},"end":{"line":569,"column":7}},"202":{"start":{"line":557,"column":8},"end":{"line":568,"column":9}},"203":{"start":{"line":558,"column":26},"end":{"line":558,"column":77}},"204":{"start":{"line":560,"column":27},"end":{"line":560,"column":64}},"205":{"start":{"line":561,"column":10},"end":{"line":565,"column":11}},"206":{"start":{"line":564,"column":12},"end":{"line":564,"column":null}},"207":{"start":{"line":567,"column":10},"end":{"line":567,"column":null}},"208":{"start":{"line":571,"column":6},"end":{"line":571,"column":null}},"209":{"start":{"line":573,"column":6},"end":{"line":573,"column":null}},"210":{"start":{"line":574,"column":6},"end":{"line":574,"column":null}},"211":{"start":{"line":579,"column":0},"end":{"line":579,"column":null}}},"fnMap":{"0":{"name":"(anonymous_1)","decl":{"start":{"line":46,"column":38},"end":{"line":46,"column":43}},"loc":{"start":{"line":46,"column":76},"end":{"line":130,"column":1}}},"1":{"name":"(anonymous_2)","decl":{"start":{"line":133,"column":35},"end":{"line":133,"column":40}},"loc":{"start":{"line":133,"column":73},"end":{"line":195,"column":1}}},"2":{"name":"(anonymous_3)","decl":{"start":{"line":198,"column":39},"end":{"line":198,"column":44}},"loc":{"start":{"line":198,"column":77},"end":{"line":217,"column":1}}},"3":{"name":"(anonymous_4)","decl":{"start":{"line":220,"column":24},"end":{"line":220,"column":29}},"loc":{"start":{"line":220,"column":62},"end":{"line":267,"column":1}}},"4":{"name":"(anonymous_5)","decl":{"start":{"line":270,"column":40},"end":{"line":270,"column":45}},"loc":{"start":{"line":270,"column":59},"end":{"line":285,"column":1}}},"5":{"name":"(anonymous_6)","decl":{"start":{"line":288,"column":47},"end":{"line":288,"column":52}},"loc":{"start":{"line":288,"column":66},"end":{"line":297,"column":1}}},"6":{"name":"(anonymous_7)","decl":{"start":{"line":303,"column":2},"end":{"line":303,"column":7}},"loc":{"start":{"line":303,"column":40},"end":{"line":325,"column":3}}},"7":{"name":"(anonymous_8)","decl":{"start":{"line":332,"column":2},"end":{"line":332,"column":7}},"loc":{"start":{"line":332,"column":40},"end":{"line":368,"column":3}}},"8":{"name":"(anonymous_9)","decl":{"start":{"line":375,"column":2},"end":{"line":375,"column":7}},"loc":{"start":{"line":375,"column":40},"end":{"line":420,"column":3}}},"9":{"name":"(anonymous_10)","decl":{"start":{"line":424,"column":22},"end":{"line":424,"column":23}},"loc":{"start":{"line":424,"column":60},"end":{"line":437,"column":1}}},"10":{"name":"(anonymous_11)","decl":{"start":{"line":445,"column":2},"end":{"line":445,"column":7}},"loc":{"start":{"line":445,"column":40},"end":{"line":498,"column":3}}},"11":{"name":"(anonymous_12)","decl":{"start":{"line":502,"column":22},"end":{"line":502,"column":23}},"loc":{"start":{"line":502,"column":60},"end":{"line":515,"column":1}}},"12":{"name":"(anonymous_13)","decl":{"start":{"line":523,"column":2},"end":{"line":523,"column":7}},"loc":{"start":{"line":523,"column":40},"end":{"line":576,"column":3}}}},"branchMap":{"0":{"loc":{"start":{"line":50,"column":26},"end":{"line":50,"column":52}},"type":"binary-expr","locations":[{"start":{"line":50,"column":26},"end":{"line":50,"column":46}},{"start":{"line":50,"column":50},"end":{"line":50,"column":52}}]},"1":{"loc":{"start":{"line":50,"column":26},"end":{"line":50,"column":46}},"type":"cond-expr","locations":[{"start":{"line":50,"column":31},"end":{"line":50,"column":33}},{"start":{"line":50,"column":26},"end":{"line":50,"column":46}}]},"2":{"loc":{"start":{"line":50,"column":26},"end":{"line":50,"column":33}},"type":"binary-expr","locations":[{"start":{"line":50,"column":26},"end":{"line":50,"column":33}},{"start":{"line":50,"column":26},"end":{"line":50,"column":33}}]},"3":{"loc":{"start":{"line":51,"column":25},"end":{"line":51,"column":35}},"type":"binary-expr","locations":[{"start":{"line":51,"column":25},"end":{"line":51,"column":29}},{"start":{"line":51,"column":33},"end":{"line":51,"column":35}}]},"4":{"loc":{"start":{"line":55,"column":4},"end":{"line":57,"column":5}},"type":"if","locations":[{"start":{"line":55,"column":4},"end":{"line":57,"column":5}},{"start":{},"end":{}}]},"5":{"loc":{"start":{"line":60,"column":4},"end":{"line":62,"column":5}},"type":"if","locations":[{"start":{"line":60,"column":4},"end":{"line":62,"column":5}},{"start":{},"end":{}}]},"6":{"loc":{"start":{"line":65,"column":4},"end":{"line":67,"column":5}},"type":"if","locations":[{"start":{"line":65,"column":4},"end":{"line":67,"column":5}},{"start":{},"end":{}}]},"7":{"loc":{"start":{"line":68,"column":4},"end":{"line":73,"column":5}},"type":"if","locations":[{"start":{"line":68,"column":4},"end":{"line":73,"column":5}},{"start":{},"end":{}}]},"8":{"loc":{"start":{"line":79,"column":4},"end":{"line":83,"column":5}},"type":"if","locations":[{"start":{"line":79,"column":4},"end":{"line":83,"column":5}},{"start":{},"end":{}}]},"9":{"loc":{"start":{"line":136,"column":26},"end":{"line":136,"column":52}},"type":"binary-expr","locations":[{"start":{"line":136,"column":26},"end":{"line":136,"column":46}},{"start":{"line":136,"column":50},"end":{"line":136,"column":52}}]},"10":{"loc":{"start":{"line":136,"column":26},"end":{"line":136,"column":46}},"type":"cond-expr","locations":[{"start":{"line":136,"column":31},"end":{"line":136,"column":33}},{"start":{"line":136,"column":26},"end":{"line":136,"column":46}}]},"11":{"loc":{"start":{"line":136,"column":26},"end":{"line":136,"column":33}},"type":"binary-expr","locations":[{"start":{"line":136,"column":26},"end":{"line":136,"column":33}},{"start":{"line":136,"column":26},"end":{"line":136,"column":33}}]},"12":{"loc":{"start":{"line":140,"column":4},"end":{"line":142,"column":5}},"type":"if","locations":[{"start":{"line":140,"column":4},"end":{"line":142,"column":5}},{"start":{},"end":{}}]},"13":{"loc":{"start":{"line":145,"column":4},"end":{"line":147,"column":5}},"type":"if","locations":[{"start":{"line":145,"column":4},"end":{"line":147,"column":5}},{"start":{},"end":{}}]},"14":{"loc":{"start":{"line":162,"column":4},"end":{"line":164,"column":5}},"type":"if","locations":[{"start":{"line":162,"column":4},"end":{"line":164,"column":5}},{"start":{},"end":{}}]},"15":{"loc":{"start":{"line":167,"column":4},"end":{"line":169,"column":5}},"type":"if","locations":[{"start":{"line":167,"column":4},"end":{"line":169,"column":5}},{"start":{},"end":{}}]},"16":{"loc":{"start":{"line":177,"column":23},"end":{"line":177,"column":66}},"type":"cond-expr","locations":[{"start":{"line":177,"column":36},"end":{"line":177,"column":38}},{"start":{"line":177,"column":41},"end":{"line":177,"column":66}}]},"17":{"loc":{"start":{"line":203,"column":4},"end":{"line":205,"column":5}},"type":"if","locations":[{"start":{"line":203,"column":4},"end":{"line":205,"column":5}},{"start":{},"end":{}}]},"18":{"loc":{"start":{"line":225,"column":25},"end":{"line":227,"column":14}},"type":"cond-expr","locations":[{"start":{"line":226,"column":8},"end":{"line":226,"column":57}},{"start":{"line":227,"column":8},"end":{"line":227,"column":14}}]},"19":{"loc":{"start":{"line":232,"column":4},"end":{"line":233,"column":null}},"type":"if","locations":[{"start":{"line":232,"column":4},"end":{"line":233,"column":null}},{"start":{},"end":{}}]},"20":{"loc":{"start":{"line":242,"column":4},"end":{"line":248,"column":5}},"type":"if","locations":[{"start":{"line":242,"column":4},"end":{"line":248,"column":5}},{"start":{},"end":{}}]},"21":{"loc":{"start":{"line":243,"column":6},"end":{"line":246,"column":7}},"type":"if","locations":[{"start":{"line":243,"column":6},"end":{"line":246,"column":7}},{"start":{},"end":{}}]},"22":{"loc":{"start":{"line":305,"column":4},"end":{"line":307,"column":5}},"type":"if","locations":[{"start":{"line":305,"column":4},"end":{"line":307,"column":5}},{"start":{},"end":{}}]},"23":{"loc":{"start":{"line":312,"column":4},"end":{"line":314,"column":5}},"type":"if","locations":[{"start":{"line":312,"column":4},"end":{"line":314,"column":5}},{"start":{},"end":{}}]},"24":{"loc":{"start":{"line":321,"column":15},"end":{"line":321,"column":32}},"type":"binary-expr","locations":[{"start":{"line":321,"column":15},"end":{"line":321,"column":27}},{"start":{"line":321,"column":31},"end":{"line":321,"column":32}}]},"25":{"loc":{"start":{"line":335,"column":28},"end":{"line":335,"column":54}},"type":"binary-expr","locations":[{"start":{"line":335,"column":28},"end":{"line":335,"column":48}},{"start":{"line":335,"column":52},"end":{"line":335,"column":54}}]},"26":{"loc":{"start":{"line":335,"column":28},"end":{"line":335,"column":48}},"type":"cond-expr","locations":[{"start":{"line":335,"column":33},"end":{"line":335,"column":35}},{"start":{"line":335,"column":28},"end":{"line":335,"column":48}}]},"27":{"loc":{"start":{"line":335,"column":28},"end":{"line":335,"column":35}},"type":"binary-expr","locations":[{"start":{"line":335,"column":28},"end":{"line":335,"column":35}},{"start":{"line":335,"column":28},"end":{"line":335,"column":35}}]},"28":{"loc":{"start":{"line":339,"column":6},"end":{"line":341,"column":7}},"type":"if","locations":[{"start":{"line":339,"column":6},"end":{"line":341,"column":7}},{"start":{},"end":{}}]},"29":{"loc":{"start":{"line":343,"column":6},"end":{"line":348,"column":7}},"type":"if","locations":[{"start":{"line":343,"column":6},"end":{"line":348,"column":7}},{"start":{},"end":{}}]},"30":{"loc":{"start":{"line":379,"column":6},"end":{"line":381,"column":7}},"type":"if","locations":[{"start":{"line":379,"column":6},"end":{"line":381,"column":7}},{"start":{},"end":{}}]},"31":{"loc":{"start":{"line":379,"column":10},"end":{"line":379,"column":37}},"type":"binary-expr","locations":[{"start":{"line":379,"column":10},"end":{"line":379,"column":21}},{"start":{"line":379,"column":25},"end":{"line":379,"column":37}}]},"32":{"loc":{"start":{"line":385,"column":6},"end":{"line":387,"column":7}},"type":"if","locations":[{"start":{"line":385,"column":6},"end":{"line":387,"column":7}},{"start":{},"end":{}}]},"33":{"loc":{"start":{"line":396,"column":6},"end":{"line":398,"column":7}},"type":"if","locations":[{"start":{"line":396,"column":6},"end":{"line":398,"column":7}},{"start":{},"end":{}}]},"34":{"loc":{"start":{"line":425,"column":23},"end":{"line":425,"column":62}},"type":"binary-expr","locations":[{"start":{"line":425,"column":23},"end":{"line":425,"column":55}},{"start":{"line":425,"column":59},"end":{"line":425,"column":62}}]},"35":{"loc":{"start":{"line":447,"column":6},"end":{"line":449,"column":7}},"type":"if","locations":[{"start":{"line":447,"column":6},"end":{"line":449,"column":7}},{"start":{},"end":{}}]},"36":{"loc":{"start":{"line":453,"column":6},"end":{"line":455,"column":7}},"type":"if","locations":[{"start":{"line":453,"column":6},"end":{"line":455,"column":7}},{"start":{},"end":{}}]},"37":{"loc":{"start":{"line":453,"column":11},"end":{"line":453,"column":19}},"type":"cond-expr","locations":[{"start":{"line":453,"column":15},"end":{"line":453,"column":17}},{"start":{"line":453,"column":11},"end":{"line":453,"column":19}}]},"38":{"loc":{"start":{"line":453,"column":11},"end":{"line":453,"column":17}},"type":"binary-expr","locations":[{"start":{"line":453,"column":11},"end":{"line":453,"column":17}},{"start":{"line":453,"column":11},"end":{"line":453,"column":17}}]},"39":{"loc":{"start":{"line":478,"column":6},"end":{"line":491,"column":7}},"type":"if","locations":[{"start":{"line":478,"column":6},"end":{"line":491,"column":7}},{"start":{},"end":{}}]},"40":{"loc":{"start":{"line":482,"column":41},"end":{"line":482,"column":63}},"type":"binary-expr","locations":[{"start":{"line":482,"column":41},"end":{"line":482,"column":58}},{"start":{"line":482,"column":62},"end":{"line":482,"column":63}}]},"41":{"loc":{"start":{"line":483,"column":10},"end":{"line":487,"column":11}},"type":"if","locations":[{"start":{"line":483,"column":10},"end":{"line":487,"column":11}},{"start":{"line":485,"column":17},"end":{"line":487,"column":11}}]},"42":{"loc":{"start":{"line":486,"column":26},"end":{"line":486,"column":52}},"type":"binary-expr","locations":[{"start":{"line":486,"column":26},"end":{"line":486,"column":45}},{"start":{"line":486,"column":49},"end":{"line":486,"column":52}}]},"43":{"loc":{"start":{"line":503,"column":23},"end":{"line":503,"column":62}},"type":"binary-expr","locations":[{"start":{"line":503,"column":23},"end":{"line":503,"column":55}},{"start":{"line":503,"column":59},"end":{"line":503,"column":62}}]},"44":{"loc":{"start":{"line":525,"column":6},"end":{"line":527,"column":7}},"type":"if","locations":[{"start":{"line":525,"column":6},"end":{"line":527,"column":7}},{"start":{},"end":{}}]},"45":{"loc":{"start":{"line":531,"column":6},"end":{"line":533,"column":7}},"type":"if","locations":[{"start":{"line":531,"column":6},"end":{"line":533,"column":7}},{"start":{},"end":{}}]},"46":{"loc":{"start":{"line":531,"column":11},"end":{"line":531,"column":19}},"type":"cond-expr","locations":[{"start":{"line":531,"column":15},"end":{"line":531,"column":17}},{"start":{"line":531,"column":11},"end":{"line":531,"column":19}}]},"47":{"loc":{"start":{"line":531,"column":11},"end":{"line":531,"column":17}},"type":"binary-expr","locations":[{"start":{"line":531,"column":11},"end":{"line":531,"column":17}},{"start":{"line":531,"column":11},"end":{"line":531,"column":17}}]},"48":{"loc":{"start":{"line":556,"column":6},"end":{"line":569,"column":7}},"type":"if","locations":[{"start":{"line":556,"column":6},"end":{"line":569,"column":7}},{"start":{},"end":{}}]},"49":{"loc":{"start":{"line":560,"column":41},"end":{"line":560,"column":63}},"type":"binary-expr","locations":[{"start":{"line":560,"column":41},"end":{"line":560,"column":58}},{"start":{"line":560,"column":62},"end":{"line":560,"column":63}}]},"50":{"loc":{"start":{"line":561,"column":10},"end":{"line":565,"column":11}},"type":"if","locations":[{"start":{"line":561,"column":10},"end":{"line":565,"column":11}},{"start":{"line":563,"column":17},"end":{"line":565,"column":11}}]},"51":{"loc":{"start":{"line":564,"column":26},"end":{"line":564,"column":52}},"type":"binary-expr","locations":[{"start":{"line":564,"column":26},"end":{"line":564,"column":45}},{"start":{"line":564,"column":49},"end":{"line":564,"column":52}}]}},"s":{"0":8,"1":8,"2":8,"3":8,"4":8,"5":8,"6":8,"7":8,"8":8,"9":8,"10":8,"11":8,"12":8,"13":8,"14":8,"15":8,"16":8,"17":8,"18":8,"19":11,"20":11,"21":11,"22":11,"23":11,"24":11,"25":2,"26":9,"27":9,"28":2,"29":7,"30":7,"31":2,"32":5,"33":1,"34":4,"35":3,"36":1,"37":2,"38":2,"39":2,"40":2,"41":2,"42":2,"43":2,"44":2,"45":1,"46":1,"47":8,"48":8,"49":8,"50":8,"51":8,"52":8,"53":2,"54":6,"55":6,"56":1,"57":5,"58":4,"59":1,"60":3,"61":3,"62":1,"63":2,"64":2,"65":2,"66":2,"67":2,"68":2,"69":2,"70":1,"71":1,"72":8,"73":3,"74":3,"75":3,"76":2,"77":2,"78":2,"79":1,"80":1,"81":1,"82":8,"83":6,"84":6,"85":6,"86":6,"87":6,"88":1,"89":5,"90":4,"91":3,"92":1,"93":3,"94":1,"95":1,"96":1,"97":1,"98":1,"99":1,"100":1,"101":1,"102":1,"103":8,"104":0,"105":0,"106":0,"107":8,"108":0,"109":0,"110":0,"111":0,"112":8,"113":4,"114":4,"115":1,"116":3,"117":3,"118":1,"119":2,"120":2,"121":8,"122":5,"123":5,"124":5,"125":5,"126":5,"127":3,"128":2,"129":2,"130":1,"131":1,"132":1,"133":1,"134":1,"135":1,"136":1,"137":0,"138":0,"139":8,"140":5,"141":5,"142":5,"143":1,"144":4,"145":4,"146":2,"147":2,"148":2,"149":2,"150":1,"151":1,"152":1,"153":1,"154":1,"155":0,"156":0,"157":8,"158":0,"159":0,"160":0,"161":8,"162":0,"163":0,"164":0,"165":0,"166":0,"167":0,"168":0,"169":0,"170":0,"171":0,"172":0,"173":0,"174":0,"175":0,"176":0,"177":0,"178":0,"179":0,"180":0,"181":0,"182":0,"183":0,"184":8,"185":0,"186":0,"187":0,"188":8,"189":0,"190":0,"191":0,"192":0,"193":0,"194":0,"195":0,"196":0,"197":0,"198":0,"199":0,"200":0,"201":0,"202":0,"203":0,"204":0,"205":0,"206":0,"207":0,"208":0,"209":0,"210":0,"211":8},"f":{"0":11,"1":8,"2":3,"3":6,"4":0,"5":0,"6":4,"7":5,"8":5,"9":0,"10":0,"11":0,"12":0},"b":{"0":[11,0],"1":[0,11],"2":[11,11],"3":[11,1],"4":[2,9],"5":[2,7],"6":[2,5],"7":[1,4],"8":[1,2],"9":[8,0],"10":[0,8],"11":[8,8],"12":[2,6],"13":[1,5],"14":[1,3],"15":[1,2],"16":[1,1],"17":[2,1],"18":[5,1],"19":[1,5],"20":[3,1],"21":[1,2],"22":[1,3],"23":[1,2],"24":[2,1],"25":[5,1],"26":[1,4],"27":[5,5],"28":[3,2],"29":[1,1],"30":[1,4],"31":[5,5],"32":[2,2],"33":[1,1],"34":[0,0],"35":[0,0],"36":[0,0],"37":[0,0],"38":[0,0],"39":[0,0],"40":[0,0],"41":[0,0],"42":[0,0],"43":[0,0],"44":[0,0],"45":[0,0],"46":[0,0],"47":[0,0],"48":[0,0],"49":[0,0],"50":[0,0],"51":[0,0]}}
,"C:\\Users\\alonp\\OneDrive\\Desktop\\svg-saas\\server\\src\\routes\\svg.routes.ts": {"path":"C:\\Users\\alonp\\OneDrive\\Desktop\\svg-saas\\server\\src\\routes\\svg.routes.ts","statementMap":{"0":{"start":{"line":1,"column":0},"end":{"line":1,"column":51}},"1":{"start":{"line":2,"column":0},"end":{"line":2,"column":75}},"2":{"start":{"line":3,"column":0},"end":{"line":3,"column":67}},"3":{"start":{"line":4,"column":0},"end":{"line":4,"column":34}},"4":{"start":{"line":5,"column":0},"end":{"line":5,"column":51}},"5":{"start":{"line":6,"column":0},"end":{"line":6,"column":67}},"6":{"start":{"line":7,"column":0},"end":{"line":7,"column":74}},"7":{"start":{"line":8,"column":0},"end":{"line":8,"column":61}},"8":{"start":{"line":9,"column":0},"end":{"line":9,"column":54}},"9":{"start":{"line":10,"column":0},"end":{"line":10,"column":50}},"10":{"start":{"line":11,"column":0},"end":{"line":11,"column":63}},"11":{"start":{"line":12,"column":0},"end":{"line":12,"column":64}},"12":{"start":{"line":14,"column":15},"end":{"line":14,"column":23}},"13":{"start":{"line":23,"column":0},"end":{"line":116,"column":null}},"14":{"start":{"line":30,"column":4},"end":{"line":114,"column":5}},"15":{"start":{"line":31,"column":48},"end":{"line":31,"column":56}},"16":{"start":{"line":32,"column":21},"end":{"line":32,"column":39}},"17":{"start":{"line":35,"column":6},"end":{"line":37,"column":7}},"18":{"start":{"line":36,"column":8},"end":{"line":36,"column":null}},"19":{"start":{"line":38,"column":6},"end":{"line":42,"column":7}},"20":{"start":{"line":39,"column":8},"end":{"line":41,"column":null}},"21":{"start":{"line":43,"column":30},"end":{"line":43,"column":51}},"22":{"start":{"line":45,"column":32},"end":{"line":55,"column":null}},"23":{"start":{"line":57,"column":6},"end":{"line":64,"column":7}},"24":{"start":{"line":58,"column":8},"end":{"line":63,"column":9}},"25":{"start":{"line":59,"column":10},"end":{"line":62,"column":null}},"26":{"start":{"line":67,"column":6},"end":{"line":73,"column":7}},"27":{"start":{"line":68,"column":8},"end":{"line":72,"column":null}},"28":{"start":{"line":76,"column":6},"end":{"line":80,"column":7}},"29":{"start":{"line":77,"column":8},"end":{"line":79,"column":null}},"30":{"start":{"line":81,"column":28},"end":{"line":81,"column":50}},"31":{"start":{"line":82,"column":24},"end":{"line":82,"column":40}},"32":{"start":{"line":85,"column":21},"end":{"line":85,"column":77}},"33":{"start":{"line":86,"column":23},"end":{"line":86,"column":42}},"34":{"start":{"line":88,"column":26},"end":{"line":88,"column":27}},"35":{"start":{"line":90,"column":6},"end":{"line":106,"column":null}},"36":{"start":{"line":108,"column":6},"end":{"line":110,"column":null}},"37":{"start":{"line":112,"column":6},"end":{"line":112,"column":null}},"38":{"start":{"line":113,"column":6},"end":{"line":113,"column":null}},"39":{"start":{"line":118,"column":0},"end":{"line":163,"column":null}},"40":{"start":{"line":119,"column":2},"end":{"line":162,"column":3}},"41":{"start":{"line":120,"column":19},"end":{"line":120,"column":37}},"42":{"start":{"line":123,"column":17},"end":{"line":123,"column":56}},"43":{"start":{"line":124,"column":18},"end":{"line":124,"column":59}},"44":{"start":{"line":125,"column":17},"end":{"line":125,"column":35}},"45":{"start":{"line":128,"column":23},"end":{"line":128,"column":78}},"46":{"start":{"line":130,"column":24},"end":{"line":144,"column":6}},"47":{"start":{"line":146,"column":23},"end":{"line":146,"column":52}},"48":{"start":{"line":147,"column":20},"end":{"line":147,"column":37}},"49":{"start":{"line":149,"column":4},"end":{"line":158,"column":null}},"50":{"start":{"line":160,"column":4},"end":{"line":160,"column":null}},"51":{"start":{"line":161,"column":4},"end":{"line":161,"column":null}},"52":{"start":{"line":165,"column":0},"end":{"line":204,"column":null}},"53":{"start":{"line":166,"column":2},"end":{"line":203,"column":3}},"54":{"start":{"line":168,"column":17},"end":{"line":168,"column":56}},"55":{"start":{"line":169,"column":18},"end":{"line":169,"column":59}},"56":{"start":{"line":170,"column":17},"end":{"line":170,"column":35}},"57":{"start":{"line":173,"column":23},"end":{"line":175,"column":6}},"58":{"start":{"line":177,"column":30},"end":{"line":191,"column":6}},"59":{"start":{"line":193,"column":23},"end":{"line":193,"column":52}},"60":{"start":{"line":194,"column":20},"end":{"line":194,"column":37}},"61":{"start":{"line":196,"column":4},"end":{"line":199,"column":null}},"62":{"start":{"line":201,"column":4},"end":{"line":201,"column":null}},"63":{"start":{"line":202,"column":4},"end":{"line":202,"column":null}},"64":{"start":{"line":206,"column":0},"end":{"line":242,"column":null}},"65":{"start":{"line":210,"column":4},"end":{"line":240,"column":5}},"66":{"start":{"line":211,"column":28},"end":{"line":211,"column":42}},"67":{"start":{"line":212,"column":21},"end":{"line":212,"column":31}},"68":{"start":{"line":214,"column":6},"end":{"line":216,"column":7}},"69":{"start":{"line":215,"column":8},"end":{"line":215,"column":null}},"70":{"start":{"line":219,"column":28},"end":{"line":221,"column":8}},"71":{"start":{"line":224,"column":6},"end":{"line":226,"column":7}},"72":{"start":{"line":225,"column":8},"end":{"line":225,"column":null}},"73":{"start":{"line":229,"column":23},"end":{"line":229,"column":54}},"74":{"start":{"line":230,"column":22},"end":{"line":230,"column":60}},"75":{"start":{"line":232,"column":6},"end":{"line":234,"column":7}},"76":{"start":{"line":233,"column":8},"end":{"line":233,"column":null}},"77":{"start":{"line":236,"column":6},"end":{"line":236,"column":null}},"78":{"start":{"line":238,"column":6},"end":{"line":238,"column":null}},"79":{"start":{"line":239,"column":6},"end":{"line":239,"column":null}},"80":{"start":{"line":244,"column":0},"end":{"line":244,"column":null}}},"fnMap":{"0":{"name":"(anonymous_1)","decl":{"start":{"line":29,"column":2},"end":{"line":29,"column":7}},"loc":{"start":{"line":29,"column":65},"end":{"line":115,"column":3}}},"1":{"name":"(anonymous_2)","decl":{"start":{"line":118,"column":39},"end":{"line":118,"column":44}},"loc":{"start":{"line":118,"column":77},"end":{"line":163,"column":1}}},"2":{"name":"(anonymous_3)","decl":{"start":{"line":165,"column":22},"end":{"line":165,"column":27}},"loc":{"start":{"line":165,"column":60},"end":{"line":204,"column":1}}},"3":{"name":"(anonymous_4)","decl":{"start":{"line":209,"column":2},"end":{"line":209,"column":7}},"loc":{"start":{"line":209,"column":40},"end":{"line":241,"column":3}}}},"branchMap":{"0":{"loc":{"start":{"line":35,"column":6},"end":{"line":37,"column":7}},"type":"if","locations":[{"start":{"line":35,"column":6},"end":{"line":37,"column":7}},{"start":{},"end":{}}]},"1":{"loc":{"start":{"line":38,"column":6},"end":{"line":42,"column":7}},"type":"if","locations":[{"start":{"line":38,"column":6},"end":{"line":42,"column":7}},{"start":{},"end":{}}]},"2":{"loc":{"start":{"line":38,"column":10},"end":{"line":38,"column":51}},"type":"binary-expr","locations":[{"start":{"line":38,"column":10},"end":{"line":38,"column":28}},{"start":{"line":38,"column":32},"end":{"line":38,"column":51}}]},"3":{"loc":{"start":{"line":58,"column":8},"end":{"line":63,"column":9}},"type":"if","locations":[{"start":{"line":58,"column":8},"end":{"line":63,"column":9}},{"start":{},"end":{}}]},"4":{"loc":{"start":{"line":67,"column":6},"end":{"line":73,"column":7}},"type":"if","locations":[{"start":{"line":67,"column":6},"end":{"line":73,"column":7}},{"start":{},"end":{}}]},"5":{"loc":{"start":{"line":67,"column":10},"end":{"line":67,"column":65}},"type":"binary-expr","locations":[{"start":{"line":67,"column":10},"end":{"line":67,"column":16}},{"start":{"line":67,"column":20},"end":{"line":67,"column":65}}]},"6":{"loc":{"start":{"line":76,"column":6},"end":{"line":80,"column":7}},"type":"if","locations":[{"start":{"line":76,"column":6},"end":{"line":80,"column":7}},{"start":{},"end":{}}]},"7":{"loc":{"start":{"line":76,"column":10},"end":{"line":76,"column":59}},"type":"binary-expr","locations":[{"start":{"line":76,"column":10},"end":{"line":76,"column":15}},{"start":{"line":76,"column":19},"end":{"line":76,"column":59}}]},"8":{"loc":{"start":{"line":81,"column":28},"end":{"line":81,"column":50}},"type":"binary-expr","locations":[{"start":{"line":81,"column":28},"end":{"line":81,"column":33}},{"start":{"line":81,"column":37},"end":{"line":81,"column":50}}]},"9":{"loc":{"start":{"line":82,"column":24},"end":{"line":82,"column":40}},"type":"cond-expr","locations":[{"start":{"line":82,"column":24},"end":{"line":82,"column":31}},{"start":{"line":82,"column":35},"end":{"line":82,"column":40}}]},"10":{"loc":{"start":{"line":82,"column":24},"end":{"line":82,"column":35}},"type":"binary-expr","locations":[{"start":{"line":82,"column":24},"end":{"line":82,"column":35}},{"start":{"line":82,"column":24},"end":{"line":82,"column":35}}]},"11":{"loc":{"start":{"line":123,"column":17},"end":{"line":123,"column":56}},"type":"binary-expr","locations":[{"start":{"line":123,"column":17},"end":{"line":123,"column":51}},{"start":{"line":123,"column":55},"end":{"line":123,"column":56}}]},"12":{"loc":{"start":{"line":124,"column":18},"end":{"line":124,"column":59}},"type":"binary-expr","locations":[{"start":{"line":124,"column":18},"end":{"line":124,"column":53}},{"start":{"line":124,"column":57},"end":{"line":124,"column":59}}]},"13":{"loc":{"start":{"line":168,"column":17},"end":{"line":168,"column":56}},"type":"binary-expr","locations":[{"start":{"line":168,"column":17},"end":{"line":168,"column":51}},{"start":{"line":168,"column":55},"end":{"line":168,"column":56}}]},"14":{"loc":{"start":{"line":169,"column":18},"end":{"line":169,"column":59}},"type":"binary-expr","locations":[{"start":{"line":169,"column":18},"end":{"line":169,"column":53}},{"start":{"line":169,"column":57},"end":{"line":169,"column":59}}]},"15":{"loc":{"start":{"line":214,"column":6},"end":{"line":216,"column":7}},"type":"if","locations":[{"start":{"line":214,"column":6},"end":{"line":216,"column":7}},{"start":{},"end":{}}]},"16":{"loc":{"start":{"line":214,"column":10},"end":{"line":214,"column":33}},"type":"binary-expr","locations":[{"start":{"line":214,"column":10},"end":{"line":214,"column":13}},{"start":{"line":214,"column":17},"end":{"line":214,"column":33}}]},"17":{"loc":{"start":{"line":224,"column":6},"end":{"line":226,"column":7}},"type":"if","locations":[{"start":{"line":224,"column":6},"end":{"line":226,"column":7}},{"start":{},"end":{}}]},"18":{"loc":{"start":{"line":232,"column":6},"end":{"line":234,"column":7}},"type":"if","locations":[{"start":{"line":232,"column":6},"end":{"line":234,"column":7}},{"start":{},"end":{}}]},"19":{"loc":{"start":{"line":232,"column":10},"end":{"line":232,"column":31}},"type":"binary-expr","locations":[{"start":{"line":232,"column":10},"end":{"line":232,"column":19}},{"start":{"line":232,"column":23},"end":{"line":232,"column":31}}]}},"s":{"0":1,"1":1,"2":1,"3":1,"4":1,"5":1,"6":1,"7":1,"8":1,"9":1,"10":1,"11":1,"12":1,"13":1,"14":7,"15":7,"16":7,"17":7,"18":1,"19":6,"20":1,"21":5,"22":5,"23":5,"24":37,"25":1,"26":4,"27":1,"28":3,"29":1,"30":2,"31":2,"32":2,"33":1,"34":1,"35":1,"36":1,"37":1,"38":1,"39":1,"40":0,"41":0,"42":0,"43":0,"44":0,"45":0,"46":0,"47":0,"48":0,"49":0,"50":0,"51":0,"52":1,"53":0,"54":0,"55":0,"56":0,"57":0,"58":0,"59":0,"60":0,"61":0,"62":0,"63":0,"64":1,"65":0,"66":0,"67":0,"68":0,"69":0,"70":0,"71":0,"72":0,"73":0,"74":0,"75":0,"76":0,"77":0,"78":0,"79":0,"80":1},"f":{"0":7,"1":0,"2":0,"3":0},"b":{"0":[1,6],"1":[1,5],"2":[6,5],"3":[1,36],"4":[1,3],"5":[4,4],"6":[1,2],"7":[3,1],"8":[2,2],"9":[0,2],"10":[2,2],"11":[0,0],"12":[0,0],"13":[0,0],"14":[0,0],"15":[0,0],"16":[0,0],"17":[0,0],"18":[0,0],"19":[0,0]}}
,"C:\\Users\\alonp\\OneDrive\\Desktop\\svg-saas\\server\\src\\services\\emailService.ts": {"path":"C:\\Users\\alonp\\OneDrive\\Desktop\\svg-saas\\server\\src\\services\\emailService.ts","statementMap":{"0":{"start":{"line":6,"column":0},"end":{"line":6,"column":7}},"1":{"start":{"line":61,"column":0},"end":{"line":61,"column":7}},"2":{"start":{"line":1,"column":0},"end":{"line":1,"column":31}},"3":{"start":{"line":2,"column":0},"end":{"line":2,"column":46}},"4":{"start":{"line":3,"column":0},"end":{"line":3,"column":44}},"5":{"start":{"line":4,"column":15},"end":{"line":4,"column":41}},"6":{"start":{"line":10,"column":19},"end":{"line":12,"column":39}},"7":{"start":{"line":14,"column":2},"end":{"line":58,"column":3}},"8":{"start":{"line":15,"column":4},"end":{"line":52,"column":null}},"9":{"start":{"line":54,"column":4},"end":{"line":54,"column":null}},"10":{"start":{"line":56,"column":4},"end":{"line":56,"column":null}},"11":{"start":{"line":57,"column":4},"end":{"line":57,"column":null}},"12":{"start":{"line":62,"column":2},"end":{"line":132,"column":3}},"13":{"start":{"line":63,"column":4},"end":{"line":127,"column":null}},"14":{"start":{"line":129,"column":4},"end":{"line":129,"column":null}},"15":{"start":{"line":131,"column":4},"end":{"line":131,"column":null}}},"fnMap":{"0":{"name":"sendPasswordResetEmail","decl":{"start":{"line":6,"column":22},"end":{"line":6,"column":44}},"loc":{"start":{"line":8,"column":20},"end":{"line":59,"column":1}}},"1":{"name":"sendWelcomeEmail","decl":{"start":{"line":61,"column":22},"end":{"line":61,"column":38}},"loc":{"start":{"line":61,"column":66},"end":{"line":133,"column":1}}}},"branchMap":{"0":{"loc":{"start":{"line":11,"column":4},"end":{"line":11,"column":null}},"type":"binary-expr","locations":[{"start":{"line":11,"column":4},"end":{"line":11,"column":16}},{"start":{"line":11,"column":20},"end":{"line":11,"column":null}}]}},"s":{"0":7,"1":7,"2":7,"3":7,"4":7,"5":7,"6":0,"7":0,"8":0,"9":0,"10":0,"11":0,"12":0,"13":0,"14":0,"15":0},"f":{"0":0,"1":0},"b":{"0":[0,0]}}
,"C:\\Users\\alonp\\OneDrive\\Desktop\\svg-saas\\server\\src\\utils\\createPasswordResetToken.ts": {"path":"C:\\Users\\alonp\\OneDrive\\Desktop\\svg-saas\\server\\src\\utils\\createPasswordResetToken.ts","statementMap":{"0":{"start":{"line":3,"column":0},"end":{"line":3,"column":16}},"1":{"start":{"line":13,"column":0},"end":{"line":13,"column":16}},"2":{"start":{"line":1,"column":0},"end":{"line":1,"column":27}},"3":{"start":{"line":4,"column":21},"end":{"line":4,"column":59}},"4":{"start":{"line":5,"column":22},"end":{"line":8,"column":18}},"5":{"start":{"line":9,"column":23},"end":{"line":9,"column":60}},"6":{"start":{"line":10,"column":2},"end":{"line":10,"column":null}},"7":{"start":{"line":14,"column":2},"end":{"line":14,"column":null}}},"fnMap":{"0":{"name":"createPasswordResetToken","decl":{"start":{"line":3,"column":16},"end":{"line":3,"column":40}},"loc":{"start":{"line":3,"column":40},"end":{"line":11,"column":1}}},"1":{"name":"hashResetToken","decl":{"start":{"line":13,"column":16},"end":{"line":13,"column":30}},"loc":{"start":{"line":13,"column":49},"end":{"line":15,"column":1}}}},"branchMap":{},"s":{"0":6,"1":6,"2":6,"3":0,"4":0,"5":0,"6":0,"7":0},"f":{"0":0,"1":0},"b":{}}
,"C:\\Users\\alonp\\OneDrive\\Desktop\\svg-saas\\server\\src\\utils\\getUserId.ts": {"path":"C:\\Users\\alonp\\OneDrive\\Desktop\\svg-saas\\server\\src\\utils\\getUserId.ts","statementMap":{"0":{"start":{"line":4,"column":0},"end":{"line":4,"column":16}},"1":{"start":{"line":8,"column":0},"end":{"line":8,"column":16}},"2":{"start":{"line":5,"column":2},"end":{"line":5,"column":null}},"3":{"start":{"line":9,"column":17},"end":{"line":9,"column":49}},"4":{"start":{"line":10,"column":2},"end":{"line":12,"column":3}},"5":{"start":{"line":11,"column":4},"end":{"line":11,"column":null}},"6":{"start":{"line":13,"column":2},"end":{"line":13,"column":null}}},"fnMap":{"0":{"name":"getUserId","decl":{"start":{"line":4,"column":16},"end":{"line":4,"column":25}},"loc":{"start":{"line":4,"column":38},"end":{"line":6,"column":1}}},"1":{"name":"requireUserId","decl":{"start":{"line":8,"column":16},"end":{"line":8,"column":29}},"loc":{"start":{"line":8,"column":42},"end":{"line":14,"column":1}}}},"branchMap":{"0":{"loc":{"start":{"line":5,"column":9},"end":{"line":5,"column":41}},"type":"cond-expr","locations":[{"start":{"line":5,"column":33},"end":{"line":5,"column":35}},{"start":{"line":5,"column":33},"end":{"line":5,"column":41}}]},"1":{"loc":{"start":{"line":5,"column":9},"end":{"line":5,"column":35}},"type":"binary-expr","locations":[{"start":{"line":5,"column":9},"end":{"line":5,"column":35}},{"start":{"line":5,"column":33},"end":{"line":5,"column":35}}]},"2":{"loc":{"start":{"line":9,"column":17},"end":{"line":9,"column":49}},"type":"cond-expr","locations":[{"start":{"line":9,"column":41},"end":{"line":9,"column":43}},{"start":{"line":9,"column":41},"end":{"line":9,"column":49}}]},"3":{"loc":{"start":{"line":9,"column":17},"end":{"line":9,"column":43}},"type":"binary-expr","locations":[{"start":{"line":9,"column":17},"end":{"line":9,"column":43}},{"start":{"line":9,"column":41},"end":{"line":9,"column":43}}]},"4":{"loc":{"start":{"line":10,"column":2},"end":{"line":12,"column":3}},"type":"if","locations":[{"start":{"line":10,"column":2},"end":{"line":12,"column":3}},{"start":{},"end":{}}]}},"s":{"0":7,"1":7,"2":0,"3":0,"4":0,"5":0,"6":0},"f":{"0":0,"1":0},"b":{"0":[0,0],"1":[0,0],"2":[0,0],"3":[0,0],"4":[0,0]}}
,"C:\\Users\\alonp\\OneDrive\\Desktop\\svg-saas\\server\\src\\utils\\getUserIp.ts": {"path":"C:\\Users\\alonp\\OneDrive\\Desktop\\svg-saas\\server\\src\\utils\\getUserIp.ts","statementMap":{"0":{"start":{"line":2,"column":25},"end":{"line":9,"column":1}},"1":{"start":{"line":3,"column":2},"end":{"line":8,"column":null}},"2":{"start":{"line":2,"column":13},"end":{"line":2,"column":25}}},"fnMap":{"0":{"name":"(anonymous_0)","decl":{"start":{"line":2,"column":25},"end":{"line":2,"column":26}},"loc":{"start":{"line":2,"column":46},"end":{"line":9,"column":1}}}},"branchMap":{"0":{"loc":{"start":{"line":4,"column":4},"end":{"line":7,"column":13}},"type":"binary-expr","locations":[{"start":{"line":4,"column":4},"end":{"line":4,"column":56}},{"start":{"line":5,"column":4},"end":{"line":5,"column":32}},{"start":{"line":6,"column":4},"end":{"line":6,"column":28}},{"start":{"line":7,"column":4},"end":{"line":7,"column":13}}]},"1":{"loc":{"start":{"line":4,"column":4},"end":{"line":4,"column":56}},"type":"cond-expr","locations":[{"start":{"line":4,"column":34},"end":{"line":4,"column":36}},{"start":{"line":4,"column":34},"end":{"line":4,"column":56}}]},"2":{"loc":{"start":{"line":4,"column":4},"end":{"line":4,"column":36}},"type":"binary-expr","locations":[{"start":{"line":4,"column":4},"end":{"line":4,"column":36}},{"start":{"line":4,"column":34},"end":{"line":4,"column":36}}]}},"s":{"0":6,"1":1,"2":6},"f":{"0":1},"b":{"0":[1,1,0,0],"1":[1,0],"2":[1,1]}}
,"C:\\Users\\alonp\\OneDrive\\Desktop\\svg-saas\\server\\src\\utils\\refreshToken.ts": {"path":"C:\\Users\\alonp\\OneDrive\\Desktop\\svg-saas\\server\\src\\utils\\refreshToken.ts","statementMap":{"0":{"start":{"line":1,"column":0},"end":{"line":1,"column":27}},"1":{"start":{"line":2,"column":0},"end":{"line":2,"column":34}},"2":{"start":{"line":9,"column":15},"end":{"line":10,"column":57}},"3":{"start":{"line":10,"column":2},"end":{"line":10,"column":57}},"4":{"start":{"line":12,"column":36},"end":{"line":17,"column":1}},"5":{"start":{"line":15,"column":21},"end":{"line":15,"column":59}},"6":{"start":{"line":16,"column":2},"end":{"line":16,"column":null}},"7":{"start":{"line":12,"column":13},"end":{"line":12,"column":36}},"8":{"start":{"line":19,"column":34},"end":{"line":45,"column":1}},"9":{"start":{"line":27,"column":13},"end":{"line":27,"column":25}},"10":{"start":{"line":28,"column":38},"end":{"line":28,"column":60}},"11":{"start":{"line":30,"column":20},"end":{"line":30,"column":30}},"12":{"start":{"line":31,"column":2},"end":{"line":31,"column":null}},"13":{"start":{"line":33,"column":18},"end":{"line":42,"column":4}},"14":{"start":{"line":44,"column":2},"end":{"line":44,"column":null}},"15":{"start":{"line":19,"column":13},"end":{"line":19,"column":34}},"16":{"start":{"line":47,"column":43},"end":{"line":101,"column":1}},"17":{"start":{"line":53,"column":20},"end":{"line":53,"column":41}},"18":{"start":{"line":54,"column":14},"end":{"line":54,"column":24}},"19":{"start":{"line":56,"column":2},"end":{"line":100,"column":null}},"20":{"start":{"line":57,"column":24},"end":{"line":59,"column":6}},"21":{"start":{"line":61,"column":4},"end":{"line":61,"column":null}},"22":{"start":{"line":61,"column":22},"end":{"line":61,"column":null}},"23":{"start":{"line":62,"column":4},"end":{"line":62,"column":null}},"24":{"start":{"line":62,"column":37},"end":{"line":62,"column":null}},"25":{"start":{"line":65,"column":4},"end":{"line":76,"column":5}},"26":{"start":{"line":67,"column":6},"end":{"line":74,"column":null}},"27":{"start":{"line":75,"column":6},"end":{"line":75,"column":null}},"28":{"start":{"line":80,"column":6},"end":{"line":86,"column":null}},"29":{"start":{"line":90,"column":4},"end":{"line":97,"column":null}},"30":{"start":{"line":99,"column":4},"end":{"line":99,"column":null}},"31":{"start":{"line":47,"column":13},"end":{"line":47,"column":43}},"32":{"start":{"line":103,"column":34},"end":{"line":109,"column":1}},"33":{"start":{"line":104,"column":17},"end":{"line":104,"column":35}},"34":{"start":{"line":105,"column":2},"end":{"line":108,"column":null}},"35":{"start":{"line":103,"column":13},"end":{"line":103,"column":34}},"36":{"start":{"line":111,"column":35},"end":{"line":116,"column":1}},"37":{"start":{"line":112,"column":2},"end":{"line":115,"column":null}},"38":{"start":{"line":111,"column":13},"end":{"line":111,"column":35}}},"fnMap":{"0":{"name":"(anonymous_1)","decl":{"start":{"line":9,"column":15},"end":{"line":9,"column":16}},"loc":{"start":{"line":10,"column":2},"end":{"line":10,"column":57}}},"1":{"name":"(anonymous_2)","decl":{"start":{"line":12,"column":36},"end":{"line":12,"column":39}},"loc":{"start":{"line":12,"column":41},"end":{"line":17,"column":1}}},"2":{"name":"(anonymous_3)","decl":{"start":{"line":19,"column":34},"end":{"line":19,"column":39}},"loc":{"start":{"line":26,"column":4},"end":{"line":45,"column":1}}},"3":{"name":"(anonymous_4)","decl":{"start":{"line":47,"column":43},"end":{"line":47,"column":48}},"loc":{"start":{"line":52,"column":27},"end":{"line":101,"column":1}}},"4":{"name":"(anonymous_5)","decl":{"start":{"line":56,"column":29},"end":{"line":56,"column":34}},"loc":{"start":{"line":56,"column":42},"end":{"line":100,"column":3}}},"5":{"name":"(anonymous_6)","decl":{"start":{"line":103,"column":34},"end":{"line":103,"column":39}},"loc":{"start":{"line":103,"column":63},"end":{"line":109,"column":1}}},"6":{"name":"(anonymous_7)","decl":{"start":{"line":111,"column":35},"end":{"line":111,"column":40}},"loc":{"start":{"line":111,"column":60},"end":{"line":116,"column":1}}}},"branchMap":{"0":{"loc":{"start":{"line":21,"column":2},"end":{"line":21,"column":28}},"type":"default-arg","locations":[{"start":{"line":21,"column":26},"end":{"line":21,"column":28}}]},"1":{"loc":{"start":{"line":27,"column":13},"end":{"line":27,"column":25}},"type":"cond-expr","locations":[{"start":{"line":27,"column":13},"end":{"line":27,"column":15}},{"start":{"line":27,"column":19},"end":{"line":27,"column":25}}]},"2":{"loc":{"start":{"line":27,"column":13},"end":{"line":27,"column":19}},"type":"binary-expr","locations":[{"start":{"line":27,"column":13},"end":{"line":27,"column":19}},{"start":{"line":27,"column":13},"end":{"line":27,"column":19}}]},"3":{"loc":{"start":{"line":40,"column":16},"end":{"line":40,"column":37}},"type":"cond-expr","locations":[{"start":{"line":40,"column":16},"end":{"line":40,"column":24}},{"start":{"line":40,"column":28},"end":{"line":40,"column":37}}]},"4":{"loc":{"start":{"line":40,"column":16},"end":{"line":40,"column":28}},"type":"binary-expr","locations":[{"start":{"line":40,"column":16},"end":{"line":40,"column":28}},{"start":{"line":40,"column":16},"end":{"line":40,"column":28}}]},"5":{"loc":{"start":{"line":49,"column":2},"end":{"line":49,"column":27}},"type":"default-arg","locations":[{"start":{"line":49,"column":26},"end":{"line":49,"column":27}}]},"6":{"loc":{"start":{"line":61,"column":4},"end":{"line":61,"column":null}},"type":"if","locations":[{"start":{"line":61,"column":4},"end":{"line":61,"column":null}},{"start":{},"end":{}}]},"7":{"loc":{"start":{"line":62,"column":4},"end":{"line":62,"column":null}},"type":"if","locations":[{"start":{"line":62,"column":4},"end":{"line":62,"column":null}},{"start":{},"end":{}}]},"8":{"loc":{"start":{"line":65,"column":4},"end":{"line":76,"column":5}},"type":"if","locations":[{"start":{"line":65,"column":4},"end":{"line":76,"column":5}},{"start":{},"end":{}}]}},"s":{"0":3,"1":3,"2":3,"3":0,"4":3,"5":0,"6":0,"7":3,"8":3,"9":0,"10":0,"11":0,"12":0,"13":0,"14":0,"15":3,"16":3,"17":0,"18":0,"19":0,"20":0,"21":0,"22":0,"23":0,"24":0,"25":0,"26":0,"27":0,"28":0,"29":0,"30":0,"31":3,"32":3,"33":0,"34":0,"35":3,"36":3,"37":0,"38":3},"f":{"0":0,"1":0,"2":0,"3":0,"4":0,"5":0,"6":0},"b":{"0":[0],"1":[0,0],"2":[0,0],"3":[0,0],"4":[0,0],"5":[0],"6":[0,0],"7":[0,0],"8":[0,0]}}
,"C:\\Users\\alonp\\OneDrive\\Desktop\\svg-saas\\server\\src\\utils\\sanitizeInput.ts": {"path":"C:\\Users\\alonp\\OneDrive\\Desktop\\svg-saas\\server\\src\\utils\\sanitizeInput.ts","statementMap":{"0":{"start":{"line":1,"column":22},"end":{"line":3,"column":1}},"1":{"start":{"line":2,"column":2},"end":{"line":2,"column":41}},"2":{"start":{"line":4,"column":9},"end":{"line":4,"column":22}}},"fnMap":{"0":{"name":"(anonymous_0)","decl":{"start":{"line":1,"column":22},"end":{"line":1,"column":23}},"loc":{"start":{"line":1,"column":46},"end":{"line":3,"column":1}}}},"branchMap":{},"s":{"0":5,"1":0,"2":5},"f":{"0":0},"b":{}}
,"C:\\Users\\alonp\\OneDrive\\Desktop\\svg-saas\\server\\src\\utils\\setAuthCookie.ts": {"path":"C:\\Users\\alonp\\OneDrive\\Desktop\\svg-saas\\server\\src\\utils\\setAuthCookie.ts","statementMap":{"0":{"start":{"line":2,"column":0},"end":{"line":2,"column":45}},"1":{"start":{"line":7,"column":36},"end":{"line":15,"column":1}},"2":{"start":{"line":8,"column":2},"end":{"line":14,"column":null}},"3":{"start":{"line":7,"column":13},"end":{"line":7,"column":36}},"4":{"start":{"line":20,"column":37},"end":{"line":36,"column":1}},"5":{"start":{"line":25,"column":17},"end":{"line":27,"column":29}},"6":{"start":{"line":29,"column":2},"end":{"line":35,"column":null}},"7":{"start":{"line":20,"column":13},"end":{"line":20,"column":37}},"8":{"start":{"line":42,"column":29},"end":{"line":50,"column":1}},"9":{"start":{"line":48,"column":2},"end":{"line":48,"column":null}},"10":{"start":{"line":49,"column":2},"end":{"line":49,"column":null}},"11":{"start":{"line":42,"column":13},"end":{"line":42,"column":29}},"12":{"start":{"line":55,"column":31},"end":{"line":71,"column":1}},"13":{"start":{"line":57,"column":2},"end":{"line":62,"column":null}},"14":{"start":{"line":65,"column":2},"end":{"line":70,"column":null}},"15":{"start":{"line":55,"column":13},"end":{"line":55,"column":31}}},"fnMap":{"0":{"name":"(anonymous_0)","decl":{"start":{"line":7,"column":36},"end":{"line":7,"column":37}},"loc":{"start":{"line":7,"column":69},"end":{"line":15,"column":1}}},"1":{"name":"(anonymous_1)","decl":{"start":{"line":20,"column":37},"end":{"line":20,"column":null}},"loc":{"start":{"line":24,"column":4},"end":{"line":36,"column":1}}},"2":{"name":"(anonymous_2)","decl":{"start":{"line":42,"column":29},"end":{"line":42,"column":null}},"loc":{"start":{"line":47,"column":4},"end":{"line":50,"column":1}}},"3":{"name":"(anonymous_3)","decl":{"start":{"line":55,"column":31},"end":{"line":55,"column":32}},"loc":{"start":{"line":55,"column":49},"end":{"line":71,"column":1}}}},"branchMap":{"0":{"loc":{"start":{"line":23,"column":2},"end":{"line":23,"column":29}},"type":"default-arg","locations":[{"start":{"line":23,"column":24},"end":{"line":23,"column":29}}]},"1":{"loc":{"start":{"line":25,"column":17},"end":{"line":27,"column":29}},"type":"cond-expr","locations":[{"start":{"line":26,"column":6},"end":{"line":26,"column":30}},{"start":{"line":27,"column":6},"end":{"line":27,"column":29}}]},"2":{"loc":{"start":{"line":46,"column":2},"end":{"line":46,"column":29}},"type":"default-arg","locations":[{"start":{"line":46,"column":24},"end":{"line":46,"column":29}}]}},"s":{"0":5,"1":5,"2":1,"3":5,"4":5,"5":1,"6":1,"7":5,"8":5,"9":0,"10":0,"11":5,"12":5,"13":0,"14":0,"15":5},"f":{"0":1,"1":1,"2":0,"3":0},"b":{"0":[0],"1":[0,1],"2":[0]}}
,"C:\\Users\\alonp\\OneDrive\\Desktop\\svg-saas\\server\\src\\utils\\validateInput.ts": {"path":"C:\\Users\\alonp\\OneDrive\\Desktop\\svg-saas\\server\\src\\utils\\validateInput.ts","statementMap":{"0":{"start":{"line":1,"column":29},"end":{"line":6,"column":1}},"1":{"start":{"line":2,"column":2},"end":{"line":2,"column":null}},"2":{"start":{"line":2,"column":14},"end":{"line":2,"column":null}},"3":{"start":{"line":3,"column":2},"end":{"line":3,"column":null}},"4":{"start":{"line":3,"column":26},"end":{"line":3,"column":null}},"5":{"start":{"line":4,"column":2},"end":{"line":4,"column":null}},"6":{"start":{"line":4,"column":28},"end":{"line":4,"column":null}},"7":{"start":{"line":5,"column":2},"end":{"line":5,"column":14}},"8":{"start":{"line":1,"column":13},"end":{"line":1,"column":29}},"9":{"start":{"line":8,"column":32},"end":{"line":13,"column":1}},"10":{"start":{"line":9,"column":2},"end":{"line":9,"column":null}},"11":{"start":{"line":9,"column":17},"end":{"line":9,"column":null}},"12":{"start":{"line":10,"column":2},"end":{"line":10,"column":null}},"13":{"start":{"line":10,"column":27},"end":{"line":10,"column":null}},"14":{"start":{"line":11,"column":2},"end":{"line":11,"column":null}},"15":{"start":{"line":11,"column":29},"end":{"line":11,"column":null}},"16":{"start":{"line":12,"column":2},"end":{"line":12,"column":null}},"17":{"start":{"line":8,"column":13},"end":{"line":8,"column":32}},"18":{"start":{"line":15,"column":28},"end":{"line":19,"column":1}},"19":{"start":{"line":16,"column":2},"end":{"line":16,"column":null}},"20":{"start":{"line":16,"column":13},"end":{"line":16,"column":null}},"21":{"start":{"line":17,"column":2},"end":{"line":17,"column":null}},"22":{"start":{"line":17,"column":25},"end":{"line":17,"column":null}},"23":{"start":{"line":18,"column":2},"end":{"line":18,"column":null}},"24":{"start":{"line":15,"column":13},"end":{"line":15,"column":28}}},"fnMap":{"0":{"name":"(anonymous_0)","decl":{"start":{"line":1,"column":29},"end":{"line":1,"column":30}},"loc":{"start":{"line":1,"column":62},"end":{"line":6,"column":1}}},"1":{"name":"(anonymous_1)","decl":{"start":{"line":8,"column":32},"end":{"line":8,"column":33}},"loc":{"start":{"line":8,"column":68},"end":{"line":13,"column":1}}},"2":{"name":"(anonymous_2)","decl":{"start":{"line":15,"column":28},"end":{"line":15,"column":29}},"loc":{"start":{"line":15,"column":60},"end":{"line":19,"column":1}}}},"branchMap":{"0":{"loc":{"start":{"line":2,"column":2},"end":{"line":2,"column":null}},"type":"if","locations":[{"start":{"line":2,"column":2},"end":{"line":2,"column":null}},{"start":{},"end":{}}]},"1":{"loc":{"start":{"line":3,"column":2},"end":{"line":3,"column":null}},"type":"if","locations":[{"start":{"line":3,"column":2},"end":{"line":3,"column":null}},{"start":{},"end":{}}]},"2":{"loc":{"start":{"line":4,"column":2},"end":{"line":4,"column":null}},"type":"if","locations":[{"start":{"line":4,"column":2},"end":{"line":4,"column":null}},{"start":{},"end":{}}]},"3":{"loc":{"start":{"line":9,"column":2},"end":{"line":9,"column":null}},"type":"if","locations":[{"start":{"line":9,"column":2},"end":{"line":9,"column":null}},{"start":{},"end":{}}]},"4":{"loc":{"start":{"line":10,"column":2},"end":{"line":10,"column":null}},"type":"if","locations":[{"start":{"line":10,"column":2},"end":{"line":10,"column":null}},{"start":{},"end":{}}]},"5":{"loc":{"start":{"line":11,"column":2},"end":{"line":11,"column":null}},"type":"if","locations":[{"start":{"line":11,"column":2},"end":{"line":11,"column":null}},{"start":{},"end":{}}]},"6":{"loc":{"start":{"line":16,"column":2},"end":{"line":16,"column":null}},"type":"if","locations":[{"start":{"line":16,"column":2},"end":{"line":16,"column":null}},{"start":{},"end":{}}]},"7":{"loc":{"start":{"line":17,"column":2},"end":{"line":17,"column":null}},"type":"if","locations":[{"start":{"line":17,"column":2},"end":{"line":17,"column":null}},{"start":{},"end":{}}]}},"s":{"0":8,"1":24,"2":1,"3":23,"4":3,"5":20,"6":3,"7":17,"8":8,"9":8,"10":19,"11":0,"12":19,"13":2,"14":17,"15":3,"16":14,"17":8,"18":8,"19":7,"20":1,"21":6,"22":1,"23":5,"24":8},"f":{"0":24,"1":19,"2":7},"b":{"0":[1,23],"1":[3,20],"2":[3,17],"3":[0,19],"4":[2,17],"5":[3,14],"6":[1,6],"7":[1,5]}}
}
