TN:
SF:src\config\env.ts
FNF:0
FNH:0
DA:1,4
DA:3,4
DA:6,4
DA:9,4
DA:10,4
DA:11,4
DA:12,4
DA:14,4
DA:17,4
DA:19,4
DA:20,0
DA:24,4
DA:28,4
DA:29,0
DA:33,4
DA:35,4
DA:36,0
DA:40,4
DA:41,4
DA:42,4
DA:44,4
DA:45,0
DA:49,4
DA:50,4
DA:51,4
DA:53,4
DA:54,0
LF:27
LH:22
BRDA:6,0,0,4
BRDA:6,0,1,4
BRDA:9,1,0,4
BRDA:9,1,1,0
BRDA:14,2,0,4
BRDA:14,2,1,0
BRDA:19,3,0,0
BRDA:19,3,1,4
BRDA:19,4,0,4
BRDA:19,4,1,4
BRDA:28,5,0,0
BRDA:28,5,1,4
BRDA:35,6,0,0
BRDA:35,6,1,4
BRDA:44,7,0,0
BRDA:44,7,1,4
BRDA:44,8,0,4
BRDA:44,8,1,4
BRDA:44,8,2,4
BRDA:53,9,0,0
BRDA:53,9,1,4
BRDA:53,10,0,4
BRDA:53,10,1,4
BRDA:53,10,2,4
BRF:24
BRH:17
end_of_record
TN:
SF:src\config\passport.ts
FN:23,(anonymous_1)
FN:125,(anonymous_2)
FNF:2
FNH:0
FNDA:0,(anonymous_1)
FNDA:0,(anonymous_2)
DA:1,2
DA:2,2
DA:3,2
DA:4,2
DA:5,2
DA:13,2
DA:16,2
DA:24,0
DA:26,0
DA:27,0
DA:28,0
DA:29,0
DA:31,0
DA:32,0
DA:33,0
DA:36,0
DA:44,0
DA:48,0
DA:49,0
DA:52,0
DA:56,0
DA:57,0
DA:59,0
DA:69,0
DA:71,0
DA:85,0
DA:86,0
DA:87,0
DA:89,0
DA:93,0
DA:96,0
DA:97,0
DA:98,0
DA:105,0
DA:108,0
DA:110,0
DA:111,0
DA:117,2
DA:131,0
DA:132,0
DA:133,0
DA:134,0
DA:135,0
DA:137,0
DA:138,0
DA:139,0
DA:142,0
DA:144,0
DA:148,0
DA:149,0
DA:153,0
DA:154,0
DA:164,0
DA:177,0
DA:178,0
DA:180,0
DA:184,0
DA:185,0
DA:192,0
DA:194,0
DA:195,0
DA:201,2
LF:62
LH:9
BRDA:27,0,0,0
BRDA:27,0,1,0
BRDA:27,1,0,0
BRDA:27,1,1,0
BRDA:27,2,0,0
BRDA:27,2,1,0
BRDA:27,3,0,0
BRDA:27,3,1,0
BRDA:29,4,0,0
BRDA:29,4,1,0
BRDA:29,5,0,0
BRDA:29,5,1,0
BRDA:29,6,0,0
BRDA:29,6,1,0
BRDA:29,7,0,0
BRDA:29,7,1,0
BRDA:31,8,0,0
BRDA:31,8,1,0
BRDA:48,9,0,0
BRDA:48,9,1,0
BRDA:56,10,0,0
BRDA:56,10,1,0
BRDA:64,11,0,0
BRDA:64,11,1,0
BRDA:65,12,0,0
BRDA:65,12,1,0
BRDA:86,13,0,0
BRDA:86,13,1,0
BRDA:96,14,0,0
BRDA:96,14,1,0
BRDA:96,15,0,0
BRDA:96,15,1,0
BRDA:133,16,0,0
BRDA:133,16,1,0
BRDA:133,17,0,0
BRDA:133,17,1,0
BRDA:133,18,0,0
BRDA:133,18,1,0
BRDA:133,19,0,0
BRDA:133,19,1,0
BRDA:134,20,0,0
BRDA:134,20,1,0
BRDA:135,21,0,0
BRDA:135,21,1,0
BRDA:135,22,0,0
BRDA:135,22,1,0
BRDA:135,23,0,0
BRDA:135,23,1,0
BRDA:135,24,0,0
BRDA:135,24,1,0
BRDA:137,25,0,0
BRDA:137,25,1,0
BRDA:148,26,0,0
BRDA:148,26,1,0
BRDA:153,27,0,0
BRDA:153,27,1,0
BRDA:159,28,0,0
BRDA:159,28,1,0
BRDA:160,29,0,0
BRDA:160,29,1,0
BRDA:178,30,0,0
BRDA:178,30,1,0
BRDA:184,31,0,0
BRDA:184,31,1,0
BRDA:184,32,0,0
BRDA:184,32,1,0
BRF:66
BRH:0
end_of_record
TN:
SF:src\constants\models.ts
FNF:0
FNH:0
DA:3,1
DA:7,1
LF:2
LH:2
BRF:0
BRH:0
end_of_record
TN:
SF:src\constants\svgStyles.ts
FNF:0
FNH:0
DA:3,1
LF:1
LH:1
BRF:0
BRH:0
end_of_record
TN:
SF:src\constants\tokenExpiry.ts
FNF:0
FNH:0
DA:1,2
DA:2,2
DA:3,2
DA:4,2
LF:4
LH:4
BRF:0
BRH:0
end_of_record
TN:
SF:src\lib\prisma.ts
FNF:0
FNH:0
DA:1,2
DA:3,2
DA:5,2
LF:3
LH:3
BRF:0
BRH:0
end_of_record
TN:
SF:src\middleware\auth.ts
FN:6,(anonymous_1)
FN:39,(anonymous_2)
FNF:2
FNH:0
FNDA:0,(anonymous_1)
FNDA:0,(anonymous_2)
DA:2,1
DA:3,1
DA:6,1
DA:11,0
DA:12,0
DA:14,0
DA:15,0
DA:16,0
DA:17,0
DA:21,0
DA:22,0
DA:25,0
DA:26,0
DA:27,0
DA:29,0
DA:30,0
DA:32,0
DA:33,0
DA:35,0
DA:39,1
DA:44,0
DA:45,0
DA:46,0
DA:47,0
DA:48,0
DA:49,0
DA:53,0
DA:54,0
DA:55,0
DA:57,0
DA:59,0
LF:31
LH:4
BRDA:12,0,0,0
BRDA:12,0,1,0
BRDA:12,1,0,0
BRDA:12,1,1,0
BRDA:14,2,0,0
BRDA:14,2,1,0
BRDA:16,3,0,0
BRDA:16,3,1,0
BRDA:16,4,0,0
BRDA:16,4,1,0
BRDA:16,5,0,0
BRDA:16,5,1,0
BRDA:21,6,0,0
BRDA:21,6,1,0
BRDA:29,7,0,0
BRDA:29,7,1,0
BRDA:32,8,0,0
BRDA:32,8,1,0
BRDA:45,9,0,0
BRDA:45,9,1,0
BRDA:45,10,0,0
BRDA:45,10,1,0
BRDA:46,11,0,0
BRDA:46,11,1,0
BRDA:48,12,0,0
BRDA:48,12,1,0
BRDA:48,13,0,0
BRDA:48,13,1,0
BRDA:48,14,0,0
BRDA:48,14,1,0
BRDA:53,15,0,0
BRDA:53,15,1,0
BRF:32
BRH:0
end_of_record
TN:
SF:src\middleware\checkCoins.ts
FN:6,(anonymous_1)
FNF:1
FNH:1
FNDA:6,(anonymous_1)
DA:2,1
DA:3,1
DA:6,1
DA:11,6
DA:12,6
DA:13,6
DA:14,0
DA:16,6
DA:20,0
DA:21,0
DA:25,0
DA:29,0
DA:31,6
DA:32,6
LF:14
LH:9
BRDA:13,0,0,0
BRDA:13,0,1,6
BRDA:20,1,0,0
BRDA:20,1,1,0
BRDA:20,2,0,0
BRDA:20,2,1,0
BRF:6
BRH:1
end_of_record
TN:
SF:src\middleware\dailyLimit.ts
FN:8,(anonymous_1)
FN:9,(anonymous_2)
FNF:2
FNH:1
FNDA:1,(anonymous_1)
FNDA:0,(anonymous_2)
DA:2,1
DA:3,1
DA:8,1
DA:9,1
DA:10,0
DA:11,0
DA:14,0
DA:15,0
DA:18,0
DA:26,0
DA:27,0
DA:35,0
DA:37,0
DA:39,0
DA:40,0
LF:15
LH:4
BRDA:8,0,0,0
BRDA:26,1,0,0
BRDA:26,1,1,0
BRF:3
BRH:0
end_of_record
TN:
SF:src\middleware\rateLimiter.ts
FN:4,(anonymous_1)
FNF:1
FNH:1
FNDA:8,(anonymous_1)
DA:1,2
DA:4,2
DA:9,8
DA:19,2
DA:26,2
DA:33,2
DA:40,2
LF:7
LH:7
BRF:0
BRH:0
end_of_record
TN:
SF:src\routes\auth.routes.ts
FN:42,(anonymous_1)
FN:125,(anonymous_2)
FN:182,(anonymous_3)
FN:204,(anonymous_4)
FN:250,(anonymous_5)
FN:268,(anonymous_6)
FN:283,(anonymous_7)
FN:312,(anonymous_8)
FN:351,(anonymous_9)
FN:399,(anonymous_10)
FN:420,(anonymous_11)
FN:477,(anonymous_12)
FN:498,(anonymous_13)
FNF:13
FNH:2
FNDA:8,(anonymous_1)
FNDA:0,(anonymous_2)
FNDA:0,(anonymous_3)
FNDA:0,(anonymous_4)
FNDA:0,(anonymous_5)
FNDA:0,(anonymous_6)
FNDA:1,(anonymous_7)
FNDA:0,(anonymous_8)
FNDA:0,(anonymous_9)
FNDA:0,(anonymous_10)
FNDA:0,(anonymous_11)
FNDA:0,(anonymous_12)
FNDA:0,(anonymous_13)
DA:1,2
DA:2,2
DA:3,2
DA:4,2
DA:5,2
DA:6,2
DA:8,2
DA:12,2
DA:16,2
DA:17,2
DA:18,2
DA:19,2
DA:20,2
DA:21,2
DA:25,2
DA:31,2
DA:39,2
DA:42,2
DA:43,8
DA:44,8
DA:46,8
DA:47,8
DA:49,8
DA:50,1
DA:52,7
DA:53,1
DA:55,6
DA:56,1
DA:60,5
DA:61,1
DA:68,4
DA:71,3
DA:72,1
DA:78,2
DA:79,2
DA:90,2
DA:95,2
DA:103,2
DA:106,2
DA:107,2
DA:109,2
DA:119,1
DA:120,1
DA:125,2
DA:126,0
DA:127,0
DA:128,0
DA:129,0
DA:130,0
DA:133,0
DA:146,0
DA:147,0
DA:150,0
DA:151,0
DA:152,0
DA:156,0
DA:161,0
DA:162,0
DA:170,0
DA:171,0
DA:173,0
DA:174,0
DA:176,0
DA:177,0
DA:182,2
DA:183,0
DA:184,0
DA:187,0
DA:188,0
DA:192,0
DA:194,0
DA:196,0
DA:198,0
DA:199,0
DA:204,2
DA:205,0
DA:206,0
DA:207,0
DA:208,0
DA:212,0
DA:214,0
DA:215,0
DA:216,0
DA:220,0
DA:225,0
DA:233,0
DA:234,0
DA:235,0
DA:239,0
DA:240,0
DA:242,0
DA:244,0
DA:245,0
DA:250,2
DA:251,0
DA:253,0
DA:264,0
DA:268,2
DA:269,0
DA:270,0
DA:272,0
DA:276,0
DA:280,2
DA:284,1
DA:285,1
DA:286,1
DA:288,0
DA:292,0
DA:293,0
DA:296,0
DA:304,0
DA:309,2
DA:313,0
DA:314,0
DA:315,0
DA:316,0
DA:318,0
DA:319,0
DA:320,0
DA:321,0
DA:327,0
DA:328,0
DA:335,0
DA:336,0
DA:337,0
DA:341,0
DA:342,0
DA:348,2
DA:352,0
DA:353,0
DA:355,0
DA:356,0
DA:358,0
DA:359,0
DA:363,0
DA:364,0
DA:371,0
DA:372,0
DA:375,0
DA:376,0
DA:386,0
DA:388,0
DA:392,0
DA:393,0
DA:399,2
DA:400,0
DA:403,0
DA:408,0
DA:414,2
DA:421,0
DA:422,0
DA:423,0
DA:426,0
DA:428,0
DA:429,0
DA:433,0
DA:438,0
DA:446,0
DA:447,0
DA:450,0
DA:451,0
DA:453,0
DA:454,0
DA:455,0
DA:457,0
DA:458,0
DA:461,0
DA:464,0
DA:468,0
DA:470,0
DA:471,0
DA:477,2
DA:478,0
DA:481,0
DA:486,0
DA:492,2
DA:499,0
DA:500,0
DA:501,0
DA:504,0
DA:506,0
DA:507,0
DA:511,0
DA:516,0
DA:524,0
DA:525,0
DA:528,0
DA:529,0
DA:531,0
DA:532,0
DA:533,0
DA:535,0
DA:536,0
DA:539,0
DA:542,0
DA:546,0
DA:548,0
DA:549,0
DA:554,2
LF:199
LH:59
BRDA:46,0,0,8
BRDA:46,0,1,0
BRDA:46,1,0,0
BRDA:46,1,1,8
BRDA:46,2,0,8
BRDA:46,2,1,8
BRDA:47,3,0,8
BRDA:47,3,1,1
BRDA:49,4,0,1
BRDA:49,4,1,7
BRDA:49,5,0,8
BRDA:49,5,1,8
BRDA:49,5,2,8
BRDA:52,6,0,1
BRDA:52,6,1,6
BRDA:55,7,0,1
BRDA:55,7,1,5
BRDA:60,8,0,1
BRDA:60,8,1,4
BRDA:71,9,0,1
BRDA:71,9,1,2
BRDA:128,10,0,0
BRDA:128,10,1,0
BRDA:128,11,0,0
BRDA:128,11,1,0
BRDA:128,12,0,0
BRDA:128,12,1,0
BRDA:129,13,0,0
BRDA:129,13,1,0
BRDA:129,14,0,0
BRDA:129,14,1,0
BRDA:146,15,0,0
BRDA:146,15,1,0
BRDA:151,16,0,0
BRDA:151,16,1,0
BRDA:161,17,0,0
BRDA:161,17,1,0
BRDA:187,18,0,0
BRDA:187,18,1,0
BRDA:207,19,0,0
BRDA:207,19,1,0
BRDA:214,20,0,0
BRDA:214,20,1,0
BRDA:233,21,0,0
BRDA:233,21,1,0
BRDA:285,22,0,1
BRDA:285,22,1,0
BRDA:292,23,0,0
BRDA:292,23,1,0
BRDA:301,24,0,0
BRDA:301,24,1,0
BRDA:315,25,0,0
BRDA:315,25,1,0
BRDA:319,26,0,0
BRDA:319,26,1,0
BRDA:355,27,0,0
BRDA:355,27,1,0
BRDA:355,28,0,0
BRDA:355,28,1,0
BRDA:358,29,0,0
BRDA:358,29,1,0
BRDA:371,30,0,0
BRDA:371,30,1,0
BRDA:400,31,0,0
BRDA:400,31,1,0
BRDA:422,32,0,0
BRDA:422,32,1,0
BRDA:428,33,0,0
BRDA:428,33,1,0
BRDA:428,34,0,0
BRDA:428,34,1,0
BRDA:428,35,0,0
BRDA:428,35,1,0
BRDA:453,36,0,0
BRDA:453,36,1,0
BRDA:457,37,0,0
BRDA:457,37,1,0
BRDA:458,38,0,0
BRDA:458,38,1,0
BRDA:461,39,0,0
BRDA:461,39,1,0
BRDA:478,40,0,0
BRDA:478,40,1,0
BRDA:500,41,0,0
BRDA:500,41,1,0
BRDA:506,42,0,0
BRDA:506,42,1,0
BRDA:506,43,0,0
BRDA:506,43,1,0
BRDA:506,44,0,0
BRDA:506,44,1,0
BRDA:531,45,0,0
BRDA:531,45,1,0
BRDA:535,46,0,0
BRDA:535,46,1,0
BRDA:536,47,0,0
BRDA:536,47,1,0
BRDA:539,48,0,0
BRDA:539,48,1,0
BRF:99
BRH:20
end_of_record
TN:
SF:src\routes\svg.routes.ts
FN:29,(anonymous_1)
FN:119,(anonymous_2)
FN:166,(anonymous_3)
FN:210,(anonymous_4)
FNF:4
FNH:0
FNDA:0,(anonymous_1)
FNDA:0,(anonymous_2)
FNDA:0,(anonymous_3)
FNDA:0,(anonymous_4)
DA:1,1
DA:2,1
DA:3,1
DA:4,1
DA:5,1
DA:6,1
DA:7,1
DA:8,1
DA:9,1
DA:10,1
DA:11,1
DA:12,1
DA:14,1
DA:23,1
DA:30,0
DA:31,0
DA:32,0
DA:35,0
DA:36,0
DA:38,0
DA:39,0
DA:43,0
DA:45,0
DA:57,0
DA:58,0
DA:59,0
DA:67,0
DA:68,0
DA:76,0
DA:77,0
DA:81,0
DA:82,0
DA:85,0
DA:86,0
DA:88,0
DA:90,0
DA:107,0
DA:109,0
DA:113,0
DA:114,0
DA:119,1
DA:120,0
DA:121,0
DA:124,0
DA:125,0
DA:126,0
DA:129,0
DA:131,0
DA:147,0
DA:148,0
DA:150,0
DA:161,0
DA:162,0
DA:166,1
DA:167,0
DA:169,0
DA:170,0
DA:171,0
DA:174,0
DA:178,0
DA:194,0
DA:195,0
DA:197,0
DA:202,0
DA:203,0
DA:207,1
DA:211,0
DA:212,0
DA:213,0
DA:215,0
DA:216,0
DA:220,0
DA:225,0
DA:226,0
DA:230,0
DA:231,0
DA:233,0
DA:234,0
DA:237,0
DA:239,0
DA:240,0
DA:245,1
LF:82
LH:18
BRDA:35,0,0,0
BRDA:35,0,1,0
BRDA:38,1,0,0
BRDA:38,1,1,0
BRDA:38,2,0,0
BRDA:38,2,1,0
BRDA:58,3,0,0
BRDA:58,3,1,0
BRDA:67,4,0,0
BRDA:67,4,1,0
BRDA:67,5,0,0
BRDA:67,5,1,0
BRDA:76,6,0,0
BRDA:76,6,1,0
BRDA:76,7,0,0
BRDA:76,7,1,0
BRDA:81,8,0,0
BRDA:81,8,1,0
BRDA:82,9,0,0
BRDA:82,9,1,0
BRDA:82,10,0,0
BRDA:82,10,1,0
BRDA:124,11,0,0
BRDA:124,11,1,0
BRDA:125,12,0,0
BRDA:125,12,1,0
BRDA:169,13,0,0
BRDA:169,13,1,0
BRDA:170,14,0,0
BRDA:170,14,1,0
BRDA:215,15,0,0
BRDA:215,15,1,0
BRDA:215,16,0,0
BRDA:215,16,1,0
BRDA:225,17,0,0
BRDA:225,17,1,0
BRDA:233,18,0,0
BRDA:233,18,1,0
BRDA:233,19,0,0
BRDA:233,19,1,0
BRF:40
BRH:0
end_of_record
TN:
SF:src\services\emailService.ts
FN:6,sendPasswordResetEmail
FN:61,sendWelcomeEmail
FNF:2
FNH:0
FNDA:0,sendPasswordResetEmail
FNDA:0,sendWelcomeEmail
DA:1,2
DA:2,2
DA:3,2
DA:4,2
DA:6,2
DA:10,0
DA:14,0
DA:15,0
DA:54,0
DA:56,0
DA:57,0
DA:61,2
DA:62,0
DA:63,0
DA:129,0
DA:131,0
LF:16
LH:6
BRDA:11,0,0,0
BRDA:11,0,1,0
BRF:2
BRH:0
end_of_record
TN:
SF:src\utils\createPasswordResetToken.ts
FN:3,createPasswordResetToken
FN:13,hashResetToken
FNF:2
FNH:0
FNDA:0,createPasswordResetToken
FNDA:0,hashResetToken
DA:1,2
DA:3,2
DA:4,0
DA:5,0
DA:9,0
DA:10,0
DA:13,2
DA:14,0
LF:8
LH:3
BRF:0
BRH:0
end_of_record
TN:
SF:src\utils\getUserId.ts
FN:4,getUserId
FN:8,requireUserId
FNF:2
FNH:0
FNDA:0,getUserId
FNDA:0,requireUserId
DA:4,1
DA:5,0
DA:8,1
DA:9,0
DA:10,0
DA:11,0
DA:13,0
LF:7
LH:2
BRDA:5,0,0,0
BRDA:5,0,1,0
BRDA:5,1,0,0
BRDA:5,1,1,0
BRDA:9,2,0,0
BRDA:9,2,1,0
BRDA:9,3,0,0
BRDA:9,3,1,0
BRDA:10,4,0,0
BRDA:10,4,1,0
BRF:10
BRH:0
end_of_record
TN:
SF:src\utils\getUserIp.ts
FN:2,(anonymous_0)
FNF:1
FNH:0
FNDA:0,(anonymous_0)
DA:2,2
DA:3,0
LF:2
LH:1
BRDA:4,0,0,0
BRDA:4,0,1,0
BRDA:4,0,2,0
BRDA:4,0,3,0
BRDA:4,1,0,0
BRDA:4,1,1,0
BRDA:4,2,0,0
BRDA:4,2,1,0
BRF:8
BRH:0
end_of_record
TN:
SF:src\utils\refreshToken.ts
FN:8,(anonymous_1)
FN:21,(anonymous_2)
FN:47,(anonymous_3)
FN:76,(anonymous_4)
FN:94,(anonymous_5)
FN:101,(anonymous_6)
FNF:6
FNH:0
FNDA:0,(anonymous_1)
FNDA:0,(anonymous_2)
FNDA:0,(anonymous_3)
FNDA:0,(anonymous_4)
FNDA:0,(anonymous_5)
FNDA:0,(anonymous_6)
DA:1,2
DA:2,2
DA:8,2
DA:10,0
DA:13,0
DA:18,0
DA:21,2
DA:27,0
DA:30,0
DA:31,0
DA:34,0
DA:44,0
DA:47,2
DA:49,0
DA:55,0
DA:60,0
DA:61,0
DA:65,0
DA:70,0
DA:76,2
DA:77,0
DA:82,0
DA:83,0
DA:87,0
DA:94,2
DA:95,0
DA:101,2
DA:109,0
DA:115,0
DA:119,0
DA:120,0
DA:124,0
DA:129,0
DA:136,0
LF:34
LH:8
BRDA:23,0,0,0
BRDA:60,1,0,0
BRDA:60,1,1,0
BRDA:60,2,0,0
BRDA:60,2,1,0
BRDA:104,3,0,0
BRDA:119,4,0,0
BRDA:119,4,1,0
BRDA:119,5,0,0
BRDA:119,5,1,0
BRF:10
BRH:0
end_of_record
TN:
SF:src\utils\sanitizeInput.ts
FN:1,(anonymous_0)
FNF:1
FNH:0
FNDA:0,(anonymous_0)
DA:1,2
DA:2,0
DA:4,2
LF:3
LH:2
BRF:0
BRH:0
end_of_record
TN:
SF:src\utils\setAuthCookie.ts
FN:7,(anonymous_0)
FN:20,(anonymous_1)
FN:42,(anonymous_2)
FN:55,(anonymous_3)
FNF:4
FNH:0
FNDA:0,(anonymous_0)
FNDA:0,(anonymous_1)
FNDA:0,(anonymous_2)
FNDA:0,(anonymous_3)
DA:2,2
DA:7,2
DA:8,0
DA:20,2
DA:25,0
DA:29,0
DA:42,2
DA:48,0
DA:49,0
DA:55,2
DA:57,0
DA:65,0
LF:12
LH:5
BRDA:23,0,0,0
BRDA:25,1,0,0
BRDA:25,1,1,0
BRDA:46,2,0,0
BRF:4
BRH:0
end_of_record
