TN:
SF:src\config\env.ts
FNF:0
FNH:0
DA:1,1
DA:3,1
DA:6,1
DA:9,1
DA:10,1
DA:11,1
DA:12,1
DA:15,1
DA:18,1
DA:20,1
DA:21,0
DA:25,1
DA:29,1
DA:30,0
DA:34,1
DA:36,1
DA:37,0
DA:41,1
DA:44,1
DA:45,1
DA:46,1
DA:48,1
DA:49,0
DA:53,1
DA:54,1
DA:55,1
DA:57,1
DA:58,0
DA:62,1
DA:63,1
DA:64,1
DA:67,1
DA:68,0
DA:72,1
DA:77,1
LF:35
LH:29
BRDA:6,0,0,1
BRDA:6,0,1,1
BRDA:9,1,0,1
BRDA:9,1,1,0
BRDA:15,2,0,1
BRDA:15,2,1,0
BRDA:20,3,0,0
BRDA:20,3,1,1
BRDA:20,4,0,1
BRDA:20,4,1,1
BRDA:29,5,0,0
BRDA:29,5,1,1
BRDA:36,6,0,0
BRDA:36,6,1,1
BRDA:41,7,0,1
BRDA:41,7,1,1
BRDA:48,8,0,0
BRDA:48,8,1,1
BRDA:48,9,0,1
BRDA:48,9,1,1
BRDA:48,9,2,1
BRDA:57,10,0,0
BRDA:57,10,1,1
BRDA:57,11,0,1
BRDA:57,11,1,1
BRDA:57,11,2,1
BRDA:62,12,0,1
BRDA:62,12,1,1
BRDA:64,13,0,0
BRDA:64,13,1,1
BRDA:67,14,0,0
BRDA:67,14,1,1
BRDA:67,15,0,1
BRDA:67,15,1,0
BRDA:67,15,2,0
BRDA:72,16,0,1
BRDA:72,16,1,0
BRDA:78,17,0,1
BRDA:78,17,1,0
BRDA:78,17,2,0
BRF:40
BRH:26
end_of_record
TN:
SF:src\constants\models.ts
FNF:0
FNH:0
DA:3,1
DA:7,1
LF:2
LH:2
BRF:0
BRH:0
end_of_record
TN:
SF:src\constants\svgStyles.ts
FNF:0
FNH:0
DA:3,1
DA:17,1
LF:2
LH:2
BRF:0
BRH:0
end_of_record
TN:
SF:src\lib\logger.ts
FN:17,(anonymous_1)
FNF:1
FNH:1
FNDA:6,(anonymous_1)
DA:1,1
DA:2,1
DA:4,1
DA:18,6
LF:4
LH:4
BRDA:5,0,0,0
BRDA:5,0,1,1
BRDA:6,1,0,0
BRDA:6,1,1,1
BRF:4
BRH:2
end_of_record
TN:
SF:src\routes\user.routes.ts
FN:14,(anonymous_1)
FN:32,(anonymous_2)
FN:62,(anonymous_3)
FN:81,(anonymous_4)
FN:125,(anonymous_5)
FN:148,(anonymous_6)
FNF:6
FNH:4
FNDA:0,(anonymous_1)
FNDA:0,(anonymous_2)
FNDA:8,(anonymous_3)
FNDA:3,(anonymous_4)
FNDA:5,(anonymous_5)
FNDA:3,(anonymous_6)
DA:1,1
DA:2,1
DA:3,1
DA:4,1
DA:5,1
DA:6,1
DA:7,1
DA:8,1
DA:9,1
DA:11,1
DA:14,1
DA:15,0
DA:16,0
DA:24,0
DA:26,0
DA:27,0
DA:32,1
DA:33,0
DA:34,0
DA:35,0
DA:49,0
DA:50,0
DA:52,0
DA:54,0
DA:55,0
DA:59,1
DA:63,8
DA:64,8
DA:69,8
DA:71,8
DA:73,8
DA:75,8
DA:79,8
DA:81,8
DA:82,3
DA:83,0
DA:84,0
DA:87,8
DA:88,8
DA:90,8
DA:91,1
DA:98,7
DA:99,1
DA:104,6
DA:105,6
DA:106,3
DA:107,1
DA:108,2
DA:109,1
DA:111,1
DA:118,5
DA:125,5
DA:126,5
DA:143,5
DA:144,5
DA:145,5
DA:147,5
DA:148,3
DA:162,5
DA:163,4
DA:166,1
DA:168,0
DA:173,0
DA:179,0
DA:183,0
DA:188,1
LF:66
LH:47
BRDA:49,0,0,0
BRDA:49,0,1,0
BRDA:64,1,0,3
BRDA:64,1,1,5
BRDA:69,2,0,2
BRDA:69,2,1,6
BRDA:71,3,0,1
BRDA:71,3,1,7
BRDA:73,4,0,1
BRDA:73,4,1,7
BRDA:75,5,0,3
BRDA:75,5,1,5
BRDA:82,6,0,3
BRDA:82,6,1,0
BRDA:83,7,0,0
BRDA:83,7,1,0
BRDA:90,8,0,1
BRDA:90,8,1,7
BRDA:90,9,0,8
BRDA:90,9,1,1
BRDA:98,10,0,1
BRDA:98,10,1,6
BRDA:98,11,0,7
BRDA:98,11,1,1
BRDA:105,12,0,3
BRDA:105,12,1,3
BRDA:105,13,0,6
BRDA:105,13,1,3
BRDA:106,14,0,1
BRDA:106,14,1,2
BRDA:106,15,0,3
BRDA:106,15,1,2
BRDA:108,16,0,1
BRDA:108,16,1,1
BRDA:108,17,0,2
BRDA:108,17,1,1
BRDA:120,18,0,0
BRDA:120,18,1,5
BRDA:121,19,0,0
BRDA:121,19,1,5
BRDA:130,20,0,1
BRDA:130,20,1,4
BRDA:144,21,0,1
BRDA:144,21,1,4
BRDA:145,22,0,1
BRDA:145,22,1,4
BRDA:162,23,0,4
BRDA:162,23,1,1
BRDA:168,24,0,0
BRDA:168,24,1,0
BRDA:169,25,0,0
BRDA:169,25,1,0
BRDA:169,25,2,0
BRF:53
BRH:41
end_of_record
TN:
SF:src\utils\getUserId.ts
FN:4,getUserId
FN:8,requireUserId
FNF:2
FNH:1
FNDA:0,getUserId
FNDA:8,requireUserId
DA:4,1
DA:5,0
DA:8,1
DA:9,8
DA:10,8
DA:11,0
DA:13,8
LF:7
LH:5
BRDA:5,0,0,0
BRDA:5,0,1,0
BRDA:5,1,0,0
BRDA:5,1,1,0
BRDA:9,2,0,0
BRDA:9,2,1,8
BRDA:9,3,0,8
BRDA:9,3,1,8
BRDA:10,4,0,0
BRDA:10,4,1,8
BRF:10
BRH:4
end_of_record
